ARM GAS  /var/folders/k1/1yttftd15rl7jxtpyc5m93n80000gn/T//ccZgo19a.s 			page 1


   1              		.cpu cortex-m4
   2              		.arch armv7e-m
   3              		.fpu fpv4-sp-d16
   4              		.eabi_attribute 27, 1
   5              		.eabi_attribute 28, 1
   6              		.eabi_attribute 20, 1
   7              		.eabi_attribute 21, 1
   8              		.eabi_attribute 23, 3
   9              		.eabi_attribute 24, 1
  10              		.eabi_attribute 25, 1
  11              		.eabi_attribute 26, 1
  12              		.eabi_attribute 30, 6
  13              		.eabi_attribute 34, 1
  14              		.eabi_attribute 18, 4
  15              		.file	"stm32g4xx_nucleo.c"
  16              		.text
  17              		.global	hpb_exti
  18              		.section	.bss.hpb_exti,"aw",%nobits
  19              		.align	2
  22              	hpb_exti:
  23 0000 00000000 		.space	8
  23      00000000 
  24              		.global	hcom_uart
  25              		.section	.bss.hcom_uart,"aw",%nobits
  26              		.align	2
  29              	hcom_uart:
  30 0000 00000000 		.space	148
  30      00000000 
  30      00000000 
  30      00000000 
  30      00000000 
  31              		.section	.data.LED_PORT,"aw"
  32              		.align	2
  35              	LED_PORT:
  36 0000 00000048 		.word	1207959552
  37              		.section	.rodata.LED_PIN,"a"
  38              		.align	2
  41              	LED_PIN:
  42 0000 2000     		.short	32
  43              		.section	.data.BUTTON_PORT,"aw"
  44              		.align	2
  47              	BUTTON_PORT:
  48 0000 00080048 		.word	1207961600
  49              		.section	.rodata.BUTTON_PIN,"a"
  50              		.align	2
  53              	BUTTON_PIN:
  54 0000 0020     		.short	8192
  55              		.section	.rodata.BUTTON_IRQn,"a"
  56              		.align	2
  59              	BUTTON_IRQn:
  60 0000 28       		.byte	40
  61              		.section	.data.COM_USART,"aw"
  62              		.align	2
  65              	COM_USART:
  66 0000 00800040 		.word	1073774592
  67              		.section	.bss.COM_ActiveLogPort,"aw",%nobits
  70              	COM_ActiveLogPort:
ARM GAS  /var/folders/k1/1yttftd15rl7jxtpyc5m93n80000gn/T//ccZgo19a.s 			page 2


  71 0000 00       		.space	1
  72              		.section	.text.BSP_GetVersion,"ax",%progbits
  73              		.align	1
  74              		.global	BSP_GetVersion
  75              		.syntax unified
  76              		.thumb
  77              		.thumb_func
  79              	BSP_GetVersion:
  80              		@ args = 0, pretend = 0, frame = 0
  81              		@ frame_needed = 1, uses_anonymous_args = 0
  82              		@ link register save eliminated.
  83 0000 80B4     		push	{r7}
  84 0002 00AF     		add	r7, sp, #0
  85 0004 024B     		ldr	r3, .L3
  86 0006 1846     		mov	r0, r3
  87 0008 BD46     		mov	sp, r7
  88              		@ sp needed
  89 000a 5DF8047B 		ldr	r7, [sp], #4
  90 000e 7047     		bx	lr
  91              	.L4:
  92              		.align	2
  93              	.L3:
  94 0010 00060001 		.word	16778752
  96              		.section	.rodata
  97              		.align	2
  98              	.LC0:
  99 0000 53544D33 		.ascii	"STM32G474-NUCLEO\000"
  99      32473437 
  99      342D4E55 
  99      434C454F 
  99      00
 100              		.section	.text.BSP_GetBoardName,"ax",%progbits
 101              		.align	1
 102              		.global	BSP_GetBoardName
 103              		.syntax unified
 104              		.thumb
 105              		.thumb_func
 107              	BSP_GetBoardName:
 108              		@ args = 0, pretend = 0, frame = 0
 109              		@ frame_needed = 1, uses_anonymous_args = 0
 110              		@ link register save eliminated.
 111 0000 80B4     		push	{r7}
 112 0002 00AF     		add	r7, sp, #0
 113 0004 024B     		ldr	r3, .L7
 114 0006 1846     		mov	r0, r3
 115 0008 BD46     		mov	sp, r7
 116              		@ sp needed
 117 000a 5DF8047B 		ldr	r7, [sp], #4
 118 000e 7047     		bx	lr
 119              	.L8:
 120              		.align	2
 121              	.L7:
 122 0010 00000000 		.word	.LC0
 124              		.section	.rodata
 125 0011 000000   		.align	2
 126              	.LC1:
 127 0014 4D423133 		.ascii	"MB1367\000"
ARM GAS  /var/folders/k1/1yttftd15rl7jxtpyc5m93n80000gn/T//ccZgo19a.s 			page 3


 127      363700
 128              		.section	.text.BSP_GetBoardID,"ax",%progbits
 129              		.align	1
 130              		.global	BSP_GetBoardID
 131              		.syntax unified
 132              		.thumb
 133              		.thumb_func
 135              	BSP_GetBoardID:
 136              		@ args = 0, pretend = 0, frame = 0
 137              		@ frame_needed = 1, uses_anonymous_args = 0
 138              		@ link register save eliminated.
 139 0000 80B4     		push	{r7}
 140 0002 00AF     		add	r7, sp, #0
 141 0004 024B     		ldr	r3, .L11
 142 0006 1846     		mov	r0, r3
 143 0008 BD46     		mov	sp, r7
 144              		@ sp needed
 145 000a 5DF8047B 		ldr	r7, [sp], #4
 146 000e 7047     		bx	lr
 147              	.L12:
 148              		.align	2
 149              	.L11:
 150 0010 14000000 		.word	.LC1
 152              		.section	.text.BSP_LED_Init,"ax",%progbits
 153              		.align	1
 154              		.global	BSP_LED_Init
 155              		.syntax unified
 156              		.thumb
 157              		.thumb_func
 159              	BSP_LED_Init:
 160              		@ args = 0, pretend = 0, frame = 32
 161              		@ frame_needed = 1, uses_anonymous_args = 0
 162 0000 80B5     		push	{r7, lr}
 163 0002 88B0     		sub	sp, sp, #32
 164 0004 00AF     		add	r7, sp, #0
 165 0006 0346     		mov	r3, r0
 166 0008 FB71     		strb	r3, [r7, #7]
 167 000a 164B     		ldr	r3, .L15
 168 000c DB6C     		ldr	r3, [r3, #76]
 169 000e 154A     		ldr	r2, .L15
 170 0010 43F00103 		orr	r3, r3, #1
 171 0014 D364     		str	r3, [r2, #76]
 172 0016 134B     		ldr	r3, .L15
 173 0018 DB6C     		ldr	r3, [r3, #76]
 174 001a 03F00103 		and	r3, r3, #1
 175 001e BB60     		str	r3, [r7, #8]
 176 0020 BB68     		ldr	r3, [r7, #8]
 177 0022 2023     		movs	r3, #32
 178 0024 FB60     		str	r3, [r7, #12]
 179 0026 0123     		movs	r3, #1
 180 0028 3B61     		str	r3, [r7, #16]
 181 002a 0023     		movs	r3, #0
 182 002c 7B61     		str	r3, [r7, #20]
 183 002e 0323     		movs	r3, #3
 184 0030 BB61     		str	r3, [r7, #24]
 185 0032 FB79     		ldrb	r3, [r7, #7]	@ zero_extendqisi2
 186 0034 0C4A     		ldr	r2, .L15+4
ARM GAS  /var/folders/k1/1yttftd15rl7jxtpyc5m93n80000gn/T//ccZgo19a.s 			page 4


 187 0036 52F82330 		ldr	r3, [r2, r3, lsl #2]
 188 003a 07F10C02 		add	r2, r7, #12
 189 003e 1146     		mov	r1, r2
 190 0040 1846     		mov	r0, r3
 191 0042 FFF7FEFF 		bl	HAL_GPIO_Init
 192 0046 FB79     		ldrb	r3, [r7, #7]	@ zero_extendqisi2
 193 0048 074A     		ldr	r2, .L15+4
 194 004a 52F82330 		ldr	r3, [r2, r3, lsl #2]
 195 004e 2021     		movs	r1, #32
 196 0050 0022     		movs	r2, #0
 197 0052 1846     		mov	r0, r3
 198 0054 FFF7FEFF 		bl	HAL_GPIO_WritePin
 199 0058 0023     		movs	r3, #0
 200 005a 1846     		mov	r0, r3
 201 005c 2037     		adds	r7, r7, #32
 202 005e BD46     		mov	sp, r7
 203              		@ sp needed
 204 0060 80BD     		pop	{r7, pc}
 205              	.L16:
 206 0062 00BF     		.align	2
 207              	.L15:
 208 0064 00100240 		.word	1073876992
 209 0068 00000000 		.word	LED_PORT
 211              		.section	.text.BSP_LED_DeInit,"ax",%progbits
 212              		.align	1
 213              		.global	BSP_LED_DeInit
 214              		.syntax unified
 215              		.thumb
 216              		.thumb_func
 218              	BSP_LED_DeInit:
 219              		@ args = 0, pretend = 0, frame = 8
 220              		@ frame_needed = 1, uses_anonymous_args = 0
 221 0000 80B5     		push	{r7, lr}
 222 0002 82B0     		sub	sp, sp, #8
 223 0004 00AF     		add	r7, sp, #0
 224 0006 0346     		mov	r3, r0
 225 0008 FB71     		strb	r3, [r7, #7]
 226 000a FB79     		ldrb	r3, [r7, #7]	@ zero_extendqisi2
 227 000c 0A4A     		ldr	r2, .L19
 228 000e 52F82330 		ldr	r3, [r2, r3, lsl #2]
 229 0012 2021     		movs	r1, #32
 230 0014 0022     		movs	r2, #0
 231 0016 1846     		mov	r0, r3
 232 0018 FFF7FEFF 		bl	HAL_GPIO_WritePin
 233 001c FB79     		ldrb	r3, [r7, #7]	@ zero_extendqisi2
 234 001e 064A     		ldr	r2, .L19
 235 0020 52F82330 		ldr	r3, [r2, r3, lsl #2]
 236 0024 2022     		movs	r2, #32
 237 0026 1146     		mov	r1, r2
 238 0028 1846     		mov	r0, r3
 239 002a FFF7FEFF 		bl	HAL_GPIO_DeInit
 240 002e 0023     		movs	r3, #0
 241 0030 1846     		mov	r0, r3
 242 0032 0837     		adds	r7, r7, #8
 243 0034 BD46     		mov	sp, r7
 244              		@ sp needed
 245 0036 80BD     		pop	{r7, pc}
ARM GAS  /var/folders/k1/1yttftd15rl7jxtpyc5m93n80000gn/T//ccZgo19a.s 			page 5


 246              	.L20:
 247              		.align	2
 248              	.L19:
 249 0038 00000000 		.word	LED_PORT
 251              		.section	.text.BSP_LED_On,"ax",%progbits
 252              		.align	1
 253              		.global	BSP_LED_On
 254              		.syntax unified
 255              		.thumb
 256              		.thumb_func
 258              	BSP_LED_On:
 259              		@ args = 0, pretend = 0, frame = 8
 260              		@ frame_needed = 1, uses_anonymous_args = 0
 261 0000 80B5     		push	{r7, lr}
 262 0002 82B0     		sub	sp, sp, #8
 263 0004 00AF     		add	r7, sp, #0
 264 0006 0346     		mov	r3, r0
 265 0008 FB71     		strb	r3, [r7, #7]
 266 000a FB79     		ldrb	r3, [r7, #7]	@ zero_extendqisi2
 267 000c 064A     		ldr	r2, .L23
 268 000e 52F82330 		ldr	r3, [r2, r3, lsl #2]
 269 0012 2021     		movs	r1, #32
 270 0014 0122     		movs	r2, #1
 271 0016 1846     		mov	r0, r3
 272 0018 FFF7FEFF 		bl	HAL_GPIO_WritePin
 273 001c 0023     		movs	r3, #0
 274 001e 1846     		mov	r0, r3
 275 0020 0837     		adds	r7, r7, #8
 276 0022 BD46     		mov	sp, r7
 277              		@ sp needed
 278 0024 80BD     		pop	{r7, pc}
 279              	.L24:
 280 0026 00BF     		.align	2
 281              	.L23:
 282 0028 00000000 		.word	LED_PORT
 284              		.section	.text.BSP_LED_Off,"ax",%progbits
 285              		.align	1
 286              		.global	BSP_LED_Off
 287              		.syntax unified
 288              		.thumb
 289              		.thumb_func
 291              	BSP_LED_Off:
 292              		@ args = 0, pretend = 0, frame = 8
 293              		@ frame_needed = 1, uses_anonymous_args = 0
 294 0000 80B5     		push	{r7, lr}
 295 0002 82B0     		sub	sp, sp, #8
 296 0004 00AF     		add	r7, sp, #0
 297 0006 0346     		mov	r3, r0
 298 0008 FB71     		strb	r3, [r7, #7]
 299 000a FB79     		ldrb	r3, [r7, #7]	@ zero_extendqisi2
 300 000c 064A     		ldr	r2, .L27
 301 000e 52F82330 		ldr	r3, [r2, r3, lsl #2]
 302 0012 2021     		movs	r1, #32
 303 0014 0022     		movs	r2, #0
 304 0016 1846     		mov	r0, r3
 305 0018 FFF7FEFF 		bl	HAL_GPIO_WritePin
 306 001c 0023     		movs	r3, #0
ARM GAS  /var/folders/k1/1yttftd15rl7jxtpyc5m93n80000gn/T//ccZgo19a.s 			page 6


 307 001e 1846     		mov	r0, r3
 308 0020 0837     		adds	r7, r7, #8
 309 0022 BD46     		mov	sp, r7
 310              		@ sp needed
 311 0024 80BD     		pop	{r7, pc}
 312              	.L28:
 313 0026 00BF     		.align	2
 314              	.L27:
 315 0028 00000000 		.word	LED_PORT
 317              		.section	.text.BSP_LED_Toggle,"ax",%progbits
 318              		.align	1
 319              		.global	BSP_LED_Toggle
 320              		.syntax unified
 321              		.thumb
 322              		.thumb_func
 324              	BSP_LED_Toggle:
 325              		@ args = 0, pretend = 0, frame = 8
 326              		@ frame_needed = 1, uses_anonymous_args = 0
 327 0000 80B5     		push	{r7, lr}
 328 0002 82B0     		sub	sp, sp, #8
 329 0004 00AF     		add	r7, sp, #0
 330 0006 0346     		mov	r3, r0
 331 0008 FB71     		strb	r3, [r7, #7]
 332 000a FB79     		ldrb	r3, [r7, #7]	@ zero_extendqisi2
 333 000c 064A     		ldr	r2, .L31
 334 000e 52F82330 		ldr	r3, [r2, r3, lsl #2]
 335 0012 2022     		movs	r2, #32
 336 0014 1146     		mov	r1, r2
 337 0016 1846     		mov	r0, r3
 338 0018 FFF7FEFF 		bl	HAL_GPIO_TogglePin
 339 001c 0023     		movs	r3, #0
 340 001e 1846     		mov	r0, r3
 341 0020 0837     		adds	r7, r7, #8
 342 0022 BD46     		mov	sp, r7
 343              		@ sp needed
 344 0024 80BD     		pop	{r7, pc}
 345              	.L32:
 346 0026 00BF     		.align	2
 347              	.L31:
 348 0028 00000000 		.word	LED_PORT
 350              		.section	.text.BSP_LED_GetState,"ax",%progbits
 351              		.align	1
 352              		.global	BSP_LED_GetState
 353              		.syntax unified
 354              		.thumb
 355              		.thumb_func
 357              	BSP_LED_GetState:
 358              		@ args = 0, pretend = 0, frame = 8
 359              		@ frame_needed = 1, uses_anonymous_args = 0
 360 0000 80B5     		push	{r7, lr}
 361 0002 82B0     		sub	sp, sp, #8
 362 0004 00AF     		add	r7, sp, #0
 363 0006 0346     		mov	r3, r0
 364 0008 FB71     		strb	r3, [r7, #7]
 365 000a FB79     		ldrb	r3, [r7, #7]	@ zero_extendqisi2
 366 000c 064A     		ldr	r2, .L35
 367 000e 52F82330 		ldr	r3, [r2, r3, lsl #2]
ARM GAS  /var/folders/k1/1yttftd15rl7jxtpyc5m93n80000gn/T//ccZgo19a.s 			page 7


 368 0012 2022     		movs	r2, #32
 369 0014 1146     		mov	r1, r2
 370 0016 1846     		mov	r0, r3
 371 0018 FFF7FEFF 		bl	HAL_GPIO_ReadPin
 372 001c 0346     		mov	r3, r0
 373 001e 1846     		mov	r0, r3
 374 0020 0837     		adds	r7, r7, #8
 375 0022 BD46     		mov	sp, r7
 376              		@ sp needed
 377 0024 80BD     		pop	{r7, pc}
 378              	.L36:
 379 0026 00BF     		.align	2
 380              	.L35:
 381 0028 00000000 		.word	LED_PORT
 383              		.section	.text.BSP_PB_Init,"ax",%progbits
 384              		.align	1
 385              		.global	BSP_PB_Init
 386              		.syntax unified
 387              		.thumb
 388              		.thumb_func
 390              	BSP_PB_Init:
 391              		@ args = 0, pretend = 0, frame = 32
 392              		@ frame_needed = 1, uses_anonymous_args = 0
 393 0000 80B5     		push	{r7, lr}
 394 0002 88B0     		sub	sp, sp, #32
 395 0004 00AF     		add	r7, sp, #0
 396 0006 0346     		mov	r3, r0
 397 0008 0A46     		mov	r2, r1
 398 000a FB71     		strb	r3, [r7, #7]
 399 000c 1346     		mov	r3, r2
 400 000e BB71     		strb	r3, [r7, #6]
 401 0010 2C4B     		ldr	r3, .L41
 402 0012 DB6C     		ldr	r3, [r3, #76]
 403 0014 2B4A     		ldr	r2, .L41
 404 0016 43F00403 		orr	r3, r3, #4
 405 001a D364     		str	r3, [r2, #76]
 406 001c 294B     		ldr	r3, .L41
 407 001e DB6C     		ldr	r3, [r3, #76]
 408 0020 03F00403 		and	r3, r3, #4
 409 0024 BB60     		str	r3, [r7, #8]
 410 0026 BB68     		ldr	r3, [r7, #8]
 411 0028 4FF40053 		mov	r3, #8192
 412 002c FB60     		str	r3, [r7, #12]
 413 002e 0223     		movs	r3, #2
 414 0030 7B61     		str	r3, [r7, #20]
 415 0032 0223     		movs	r3, #2
 416 0034 BB61     		str	r3, [r7, #24]
 417 0036 BB79     		ldrb	r3, [r7, #6]	@ zero_extendqisi2
 418 0038 002B     		cmp	r3, #0
 419 003a 0CD1     		bne	.L38
 420 003c 0023     		movs	r3, #0
 421 003e 3B61     		str	r3, [r7, #16]
 422 0040 FB79     		ldrb	r3, [r7, #7]	@ zero_extendqisi2
 423 0042 214A     		ldr	r2, .L41+4
 424 0044 52F82330 		ldr	r3, [r2, r3, lsl #2]
 425 0048 07F10C02 		add	r2, r7, #12
 426 004c 1146     		mov	r1, r2
ARM GAS  /var/folders/k1/1yttftd15rl7jxtpyc5m93n80000gn/T//ccZgo19a.s 			page 8


 427 004e 1846     		mov	r0, r3
 428 0050 FFF7FEFF 		bl	HAL_GPIO_Init
 429 0054 31E0     		b	.L39
 430              	.L38:
 431 0056 4FF48813 		mov	r3, #1114112
 432 005a 3B61     		str	r3, [r7, #16]
 433 005c FB79     		ldrb	r3, [r7, #7]	@ zero_extendqisi2
 434 005e 1A4A     		ldr	r2, .L41+4
 435 0060 52F82330 		ldr	r3, [r2, r3, lsl #2]
 436 0064 07F10C02 		add	r2, r7, #12
 437 0068 1146     		mov	r1, r2
 438 006a 1846     		mov	r0, r3
 439 006c FFF7FEFF 		bl	HAL_GPIO_Init
 440 0070 FB79     		ldrb	r3, [r7, #7]	@ zero_extendqisi2
 441 0072 DB00     		lsls	r3, r3, #3
 442 0074 154A     		ldr	r2, .L41+8
 443 0076 1A44     		add	r2, r2, r3
 444 0078 FB79     		ldrb	r3, [r7, #7]	@ zero_extendqisi2
 445 007a 1549     		ldr	r1, .L41+12
 446 007c 51F82330 		ldr	r3, [r1, r3, lsl #2]
 447 0080 1946     		mov	r1, r3
 448 0082 1046     		mov	r0, r2
 449 0084 FFF7FEFF 		bl	HAL_EXTI_GetHandle
 450 0088 FB79     		ldrb	r3, [r7, #7]	@ zero_extendqisi2
 451 008a DB00     		lsls	r3, r3, #3
 452 008c 0F4A     		ldr	r2, .L41+8
 453 008e 9818     		adds	r0, r3, r2
 454 0090 FB79     		ldrb	r3, [r7, #7]	@ zero_extendqisi2
 455 0092 104A     		ldr	r2, .L41+16
 456 0094 52F82330 		ldr	r3, [r2, r3, lsl #2]
 457 0098 1A46     		mov	r2, r3
 458 009a 0021     		movs	r1, #0
 459 009c FFF7FEFF 		bl	HAL_EXTI_RegisterCallback
 460 00a0 2820     		movs	r0, #40
 461 00a2 FB79     		ldrb	r3, [r7, #7]	@ zero_extendqisi2
 462 00a4 0C4A     		ldr	r2, .L41+20
 463 00a6 52F82330 		ldr	r3, [r2, r3, lsl #2]
 464 00aa 0022     		movs	r2, #0
 465 00ac 1946     		mov	r1, r3
 466 00ae FFF7FEFF 		bl	HAL_NVIC_SetPriority
 467 00b2 2823     		movs	r3, #40
 468 00b4 1846     		mov	r0, r3
 469 00b6 FFF7FEFF 		bl	HAL_NVIC_EnableIRQ
 470              	.L39:
 471 00ba 0023     		movs	r3, #0
 472 00bc 1846     		mov	r0, r3
 473 00be 2037     		adds	r7, r7, #32
 474 00c0 BD46     		mov	sp, r7
 475              		@ sp needed
 476 00c2 80BD     		pop	{r7, pc}
 477              	.L42:
 478              		.align	2
 479              	.L41:
 480 00c4 00100240 		.word	1073876992
 481 00c8 00000000 		.word	BUTTON_PORT
 482 00cc 00000000 		.word	hpb_exti
 483 00d0 00000000 		.word	BUTTON_EXTI_LINE.2
ARM GAS  /var/folders/k1/1yttftd15rl7jxtpyc5m93n80000gn/T//ccZgo19a.s 			page 9


 484 00d4 00000000 		.word	ButtonCallback.1
 485 00d8 00000000 		.word	BSP_BUTTON_PRIO.0
 487              		.section	.text.BSP_PB_DeInit,"ax",%progbits
 488              		.align	1
 489              		.global	BSP_PB_DeInit
 490              		.syntax unified
 491              		.thumb
 492              		.thumb_func
 494              	BSP_PB_DeInit:
 495              		@ args = 0, pretend = 0, frame = 8
 496              		@ frame_needed = 1, uses_anonymous_args = 0
 497 0000 80B5     		push	{r7, lr}
 498 0002 82B0     		sub	sp, sp, #8
 499 0004 00AF     		add	r7, sp, #0
 500 0006 0346     		mov	r3, r0
 501 0008 FB71     		strb	r3, [r7, #7]
 502 000a 2823     		movs	r3, #40
 503 000c 1846     		mov	r0, r3
 504 000e FFF7FEFF 		bl	HAL_NVIC_DisableIRQ
 505 0012 FB79     		ldrb	r3, [r7, #7]	@ zero_extendqisi2
 506 0014 064A     		ldr	r2, .L45
 507 0016 52F82330 		ldr	r3, [r2, r3, lsl #2]
 508 001a 4FF40052 		mov	r2, #8192
 509 001e 1146     		mov	r1, r2
 510 0020 1846     		mov	r0, r3
 511 0022 FFF7FEFF 		bl	HAL_GPIO_DeInit
 512 0026 0023     		movs	r3, #0
 513 0028 1846     		mov	r0, r3
 514 002a 0837     		adds	r7, r7, #8
 515 002c BD46     		mov	sp, r7
 516              		@ sp needed
 517 002e 80BD     		pop	{r7, pc}
 518              	.L46:
 519              		.align	2
 520              	.L45:
 521 0030 00000000 		.word	BUTTON_PORT
 523              		.section	.text.BSP_PB_GetState,"ax",%progbits
 524              		.align	1
 525              		.global	BSP_PB_GetState
 526              		.syntax unified
 527              		.thumb
 528              		.thumb_func
 530              	BSP_PB_GetState:
 531              		@ args = 0, pretend = 0, frame = 8
 532              		@ frame_needed = 1, uses_anonymous_args = 0
 533 0000 80B5     		push	{r7, lr}
 534 0002 82B0     		sub	sp, sp, #8
 535 0004 00AF     		add	r7, sp, #0
 536 0006 0346     		mov	r3, r0
 537 0008 FB71     		strb	r3, [r7, #7]
 538 000a FB79     		ldrb	r3, [r7, #7]	@ zero_extendqisi2
 539 000c 064A     		ldr	r2, .L49
 540 000e 52F82330 		ldr	r3, [r2, r3, lsl #2]
 541 0012 4FF40052 		mov	r2, #8192
 542 0016 1146     		mov	r1, r2
 543 0018 1846     		mov	r0, r3
 544 001a FFF7FEFF 		bl	HAL_GPIO_ReadPin
ARM GAS  /var/folders/k1/1yttftd15rl7jxtpyc5m93n80000gn/T//ccZgo19a.s 			page 10


 545 001e 0346     		mov	r3, r0
 546 0020 1846     		mov	r0, r3
 547 0022 0837     		adds	r7, r7, #8
 548 0024 BD46     		mov	sp, r7
 549              		@ sp needed
 550 0026 80BD     		pop	{r7, pc}
 551              	.L50:
 552              		.align	2
 553              	.L49:
 554 0028 00000000 		.word	BUTTON_PORT
 556              		.section	.text.BSP_PB_IRQHandler,"ax",%progbits
 557              		.align	1
 558              		.global	BSP_PB_IRQHandler
 559              		.syntax unified
 560              		.thumb
 561              		.thumb_func
 563              	BSP_PB_IRQHandler:
 564              		@ args = 0, pretend = 0, frame = 8
 565              		@ frame_needed = 1, uses_anonymous_args = 0
 566 0000 80B5     		push	{r7, lr}
 567 0002 82B0     		sub	sp, sp, #8
 568 0004 00AF     		add	r7, sp, #0
 569 0006 0346     		mov	r3, r0
 570 0008 FB71     		strb	r3, [r7, #7]
 571 000a FB79     		ldrb	r3, [r7, #7]	@ zero_extendqisi2
 572 000c DB00     		lsls	r3, r3, #3
 573 000e 044A     		ldr	r2, .L52
 574 0010 1344     		add	r3, r3, r2
 575 0012 1846     		mov	r0, r3
 576 0014 FFF7FEFF 		bl	HAL_EXTI_IRQHandler
 577 0018 00BF     		nop
 578 001a 0837     		adds	r7, r7, #8
 579 001c BD46     		mov	sp, r7
 580              		@ sp needed
 581 001e 80BD     		pop	{r7, pc}
 582              	.L53:
 583              		.align	2
 584              	.L52:
 585 0020 00000000 		.word	hpb_exti
 587              		.section	.text.BSP_PB_Callback,"ax",%progbits
 588              		.align	1
 589              		.weak	BSP_PB_Callback
 590              		.syntax unified
 591              		.thumb
 592              		.thumb_func
 594              	BSP_PB_Callback:
 595              		@ args = 0, pretend = 0, frame = 8
 596              		@ frame_needed = 1, uses_anonymous_args = 0
 597              		@ link register save eliminated.
 598 0000 80B4     		push	{r7}
 599 0002 83B0     		sub	sp, sp, #12
 600 0004 00AF     		add	r7, sp, #0
 601 0006 0346     		mov	r3, r0
 602 0008 FB71     		strb	r3, [r7, #7]
 603 000a 00BF     		nop
 604 000c 0C37     		adds	r7, r7, #12
 605 000e BD46     		mov	sp, r7
ARM GAS  /var/folders/k1/1yttftd15rl7jxtpyc5m93n80000gn/T//ccZgo19a.s 			page 11


 606              		@ sp needed
 607 0010 5DF8047B 		ldr	r7, [sp], #4
 608 0014 7047     		bx	lr
 610              		.section	.text.BSP_COM_Init,"ax",%progbits
 611              		.align	1
 612              		.global	BSP_COM_Init
 613              		.syntax unified
 614              		.thumb
 615              		.thumb_func
 617              	BSP_COM_Init:
 618              		@ args = 0, pretend = 0, frame = 16
 619              		@ frame_needed = 1, uses_anonymous_args = 0
 620 0000 80B5     		push	{r7, lr}
 621 0002 84B0     		sub	sp, sp, #16
 622 0004 00AF     		add	r7, sp, #0
 623 0006 0346     		mov	r3, r0
 624 0008 3960     		str	r1, [r7]
 625 000a FB71     		strb	r3, [r7, #7]
 626 000c 0023     		movs	r3, #0
 627 000e FB60     		str	r3, [r7, #12]
 628 0010 FB79     		ldrb	r3, [r7, #7]	@ zero_extendqisi2
 629 0012 012B     		cmp	r3, #1
 630 0014 03D9     		bls	.L56
 631 0016 6FF00103 		mvn	r3, #1
 632 001a FB60     		str	r3, [r7, #12]
 633 001c 18E0     		b	.L57
 634              	.L56:
 635 001e FB79     		ldrb	r3, [r7, #7]	@ zero_extendqisi2
 636 0020 9422     		movs	r2, #148
 637 0022 02FB03F3 		mul	r3, r2, r3
 638 0026 0D4A     		ldr	r2, .L59
 639 0028 1344     		add	r3, r3, r2
 640 002a 1846     		mov	r0, r3
 641 002c FFF7FEFF 		bl	COM1_MspInit
 642 0030 FB79     		ldrb	r3, [r7, #7]	@ zero_extendqisi2
 643 0032 9422     		movs	r2, #148
 644 0034 02FB03F3 		mul	r3, r2, r3
 645 0038 084A     		ldr	r2, .L59
 646 003a 1344     		add	r3, r3, r2
 647 003c 3968     		ldr	r1, [r7]
 648 003e 1846     		mov	r0, r3
 649 0040 FFF7FEFF 		bl	MX_LPUART1_Init
 650 0044 0346     		mov	r3, r0
 651 0046 002B     		cmp	r3, #0
 652 0048 02D0     		beq	.L57
 653 004a 6FF00303 		mvn	r3, #3
 654 004e 00E0     		b	.L58
 655              	.L57:
 656 0050 FB68     		ldr	r3, [r7, #12]
 657              	.L58:
 658 0052 1846     		mov	r0, r3
 659 0054 1037     		adds	r7, r7, #16
 660 0056 BD46     		mov	sp, r7
 661              		@ sp needed
 662 0058 80BD     		pop	{r7, pc}
 663              	.L60:
 664 005a 00BF     		.align	2
ARM GAS  /var/folders/k1/1yttftd15rl7jxtpyc5m93n80000gn/T//ccZgo19a.s 			page 12


 665              	.L59:
 666 005c 00000000 		.word	hcom_uart
 668              		.section	.text.BSP_COM_DeInit,"ax",%progbits
 669              		.align	1
 670              		.global	BSP_COM_DeInit
 671              		.syntax unified
 672              		.thumb
 673              		.thumb_func
 675              	BSP_COM_DeInit:
 676              		@ args = 0, pretend = 0, frame = 16
 677              		@ frame_needed = 1, uses_anonymous_args = 0
 678 0000 80B5     		push	{r7, lr}
 679 0002 84B0     		sub	sp, sp, #16
 680 0004 00AF     		add	r7, sp, #0
 681 0006 0346     		mov	r3, r0
 682 0008 FB71     		strb	r3, [r7, #7]
 683 000a 0023     		movs	r3, #0
 684 000c FB60     		str	r3, [r7, #12]
 685 000e FB79     		ldrb	r3, [r7, #7]	@ zero_extendqisi2
 686 0010 002B     		cmp	r3, #0
 687 0012 03D0     		beq	.L62
 688 0014 6FF00103 		mvn	r3, #1
 689 0018 FB60     		str	r3, [r7, #12]
 690 001a 22E0     		b	.L63
 691              	.L62:
 692 001c FA79     		ldrb	r2, [r7, #7]	@ zero_extendqisi2
 693 001e FB79     		ldrb	r3, [r7, #7]	@ zero_extendqisi2
 694 0020 1249     		ldr	r1, .L65
 695 0022 51F82220 		ldr	r2, [r1, r2, lsl #2]
 696 0026 1249     		ldr	r1, .L65+4
 697 0028 9420     		movs	r0, #148
 698 002a 00FB03F3 		mul	r3, r0, r3
 699 002e 0B44     		add	r3, r3, r1
 700 0030 1A60     		str	r2, [r3]
 701 0032 FB79     		ldrb	r3, [r7, #7]	@ zero_extendqisi2
 702 0034 9422     		movs	r2, #148
 703 0036 02FB03F3 		mul	r3, r2, r3
 704 003a 0D4A     		ldr	r2, .L65+4
 705 003c 1344     		add	r3, r3, r2
 706 003e 1846     		mov	r0, r3
 707 0040 FFF7FEFF 		bl	COM1_MspDeInit
 708 0044 FB79     		ldrb	r3, [r7, #7]	@ zero_extendqisi2
 709 0046 9422     		movs	r2, #148
 710 0048 02FB03F3 		mul	r3, r2, r3
 711 004c 084A     		ldr	r2, .L65+4
 712 004e 1344     		add	r3, r3, r2
 713 0050 1846     		mov	r0, r3
 714 0052 FFF7FEFF 		bl	HAL_UART_DeInit
 715 0056 0346     		mov	r3, r0
 716 0058 002B     		cmp	r3, #0
 717 005a 02D0     		beq	.L63
 718 005c 6FF00303 		mvn	r3, #3
 719 0060 00E0     		b	.L64
 720              	.L63:
 721 0062 FB68     		ldr	r3, [r7, #12]
 722              	.L64:
 723 0064 1846     		mov	r0, r3
ARM GAS  /var/folders/k1/1yttftd15rl7jxtpyc5m93n80000gn/T//ccZgo19a.s 			page 13


 724 0066 1037     		adds	r7, r7, #16
 725 0068 BD46     		mov	sp, r7
 726              		@ sp needed
 727 006a 80BD     		pop	{r7, pc}
 728              	.L66:
 729              		.align	2
 730              	.L65:
 731 006c 00000000 		.word	COM_USART
 732 0070 00000000 		.word	hcom_uart
 734              		.section	.text.MX_LPUART1_Init,"ax",%progbits
 735              		.align	1
 736              		.weak	MX_LPUART1_Init
 737              		.syntax unified
 738              		.thumb
 739              		.thumb_func
 741              	MX_LPUART1_Init:
 742              		@ args = 0, pretend = 0, frame = 8
 743              		@ frame_needed = 1, uses_anonymous_args = 0
 744 0000 80B5     		push	{r7, lr}
 745 0002 82B0     		sub	sp, sp, #8
 746 0004 00AF     		add	r7, sp, #0
 747 0006 7860     		str	r0, [r7, #4]
 748 0008 3960     		str	r1, [r7]
 749 000a 154B     		ldr	r3, .L69
 750 000c 1A68     		ldr	r2, [r3]
 751 000e 7B68     		ldr	r3, [r7, #4]
 752 0010 1A60     		str	r2, [r3]
 753 0012 3B68     		ldr	r3, [r7]
 754 0014 1A68     		ldr	r2, [r3]
 755 0016 7B68     		ldr	r3, [r7, #4]
 756 0018 5A60     		str	r2, [r3, #4]
 757 001a 7B68     		ldr	r3, [r7, #4]
 758 001c 0C22     		movs	r2, #12
 759 001e 5A61     		str	r2, [r3, #20]
 760 0020 3B68     		ldr	r3, [r7]
 761 0022 5B89     		ldrh	r3, [r3, #10]
 762 0024 1A46     		mov	r2, r3
 763 0026 7B68     		ldr	r3, [r7, #4]
 764 0028 1A61     		str	r2, [r3, #16]
 765 002a 3B68     		ldr	r3, [r7]
 766 002c 5A68     		ldr	r2, [r3, #4]
 767 002e 7B68     		ldr	r3, [r7, #4]
 768 0030 9A60     		str	r2, [r3, #8]
 769 0032 3B68     		ldr	r3, [r7]
 770 0034 1B89     		ldrh	r3, [r3, #8]
 771 0036 1A46     		mov	r2, r3
 772 0038 7B68     		ldr	r3, [r7, #4]
 773 003a DA60     		str	r2, [r3, #12]
 774 003c 3B68     		ldr	r3, [r7]
 775 003e 9B89     		ldrh	r3, [r3, #12]
 776 0040 1A46     		mov	r2, r3
 777 0042 7B68     		ldr	r3, [r7, #4]
 778 0044 9A61     		str	r2, [r3, #24]
 779 0046 7B68     		ldr	r3, [r7, #4]
 780 0048 4FF40042 		mov	r2, #32768
 781 004c DA61     		str	r2, [r3, #28]
 782 004e 7868     		ldr	r0, [r7, #4]
ARM GAS  /var/folders/k1/1yttftd15rl7jxtpyc5m93n80000gn/T//ccZgo19a.s 			page 14


 783 0050 FFF7FEFF 		bl	HAL_UART_Init
 784 0054 0346     		mov	r3, r0
 785 0056 1846     		mov	r0, r3
 786 0058 0837     		adds	r7, r7, #8
 787 005a BD46     		mov	sp, r7
 788              		@ sp needed
 789 005c 80BD     		pop	{r7, pc}
 790              	.L70:
 791 005e 00BF     		.align	2
 792              	.L69:
 793 0060 00000000 		.word	COM_USART
 795              		.section	.text.BSP_COM_SelectLogPort,"ax",%progbits
 796              		.align	1
 797              		.global	BSP_COM_SelectLogPort
 798              		.syntax unified
 799              		.thumb
 800              		.thumb_func
 802              	BSP_COM_SelectLogPort:
 803              		@ args = 0, pretend = 0, frame = 8
 804              		@ frame_needed = 1, uses_anonymous_args = 0
 805              		@ link register save eliminated.
 806 0000 80B4     		push	{r7}
 807 0002 83B0     		sub	sp, sp, #12
 808 0004 00AF     		add	r7, sp, #0
 809 0006 0346     		mov	r3, r0
 810 0008 FB71     		strb	r3, [r7, #7]
 811 000a 074B     		ldr	r3, .L74
 812 000c 1B78     		ldrb	r3, [r3]	@ zero_extendqisi2
 813 000e FA79     		ldrb	r2, [r7, #7]	@ zero_extendqisi2
 814 0010 9A42     		cmp	r2, r3
 815 0012 02D0     		beq	.L72
 816 0014 044A     		ldr	r2, .L74
 817 0016 FB79     		ldrb	r3, [r7, #7]
 818 0018 1370     		strb	r3, [r2]
 819              	.L72:
 820 001a 0023     		movs	r3, #0
 821 001c 1846     		mov	r0, r3
 822 001e 0C37     		adds	r7, r7, #12
 823 0020 BD46     		mov	sp, r7
 824              		@ sp needed
 825 0022 5DF8047B 		ldr	r7, [sp], #4
 826 0026 7047     		bx	lr
 827              	.L75:
 828              		.align	2
 829              	.L74:
 830 0028 00000000 		.word	COM_ActiveLogPort
 832              		.section	.text.__io_putchar,"ax",%progbits
 833              		.align	1
 834              		.global	__io_putchar
 835              		.syntax unified
 836              		.thumb
 837              		.thumb_func
 839              	__io_putchar:
 840              		@ args = 0, pretend = 0, frame = 8
 841              		@ frame_needed = 1, uses_anonymous_args = 0
 842 0000 80B5     		push	{r7, lr}
 843 0002 82B0     		sub	sp, sp, #8
ARM GAS  /var/folders/k1/1yttftd15rl7jxtpyc5m93n80000gn/T//ccZgo19a.s 			page 15


 844 0004 00AF     		add	r7, sp, #0
 845 0006 7860     		str	r0, [r7, #4]
 846 0008 094B     		ldr	r3, .L78
 847 000a 1B78     		ldrb	r3, [r3]	@ zero_extendqisi2
 848 000c 1A46     		mov	r2, r3
 849 000e 9423     		movs	r3, #148
 850 0010 02FB03F3 		mul	r3, r2, r3
 851 0014 074A     		ldr	r2, .L78+4
 852 0016 9818     		adds	r0, r3, r2
 853 0018 391D     		adds	r1, r7, #4
 854 001a 4FF47A73 		mov	r3, #1000
 855 001e 0122     		movs	r2, #1
 856 0020 FFF7FEFF 		bl	HAL_UART_Transmit
 857 0024 7B68     		ldr	r3, [r7, #4]
 858 0026 1846     		mov	r0, r3
 859 0028 0837     		adds	r7, r7, #8
 860 002a BD46     		mov	sp, r7
 861              		@ sp needed
 862 002c 80BD     		pop	{r7, pc}
 863              	.L79:
 864 002e 00BF     		.align	2
 865              	.L78:
 866 0030 00000000 		.word	COM_ActiveLogPort
 867 0034 00000000 		.word	hcom_uart
 869              		.section	.text.BUTTON_USER_EXTI_Callback,"ax",%progbits
 870              		.align	1
 871              		.syntax unified
 872              		.thumb
 873              		.thumb_func
 875              	BUTTON_USER_EXTI_Callback:
 876              		@ args = 0, pretend = 0, frame = 0
 877              		@ frame_needed = 1, uses_anonymous_args = 0
 878 0000 80B5     		push	{r7, lr}
 879 0002 00AF     		add	r7, sp, #0
 880 0004 0020     		movs	r0, #0
 881 0006 FFF7FEFF 		bl	BSP_PB_Callback
 882 000a 00BF     		nop
 883 000c 80BD     		pop	{r7, pc}
 885              		.section	.text.COM1_MspInit,"ax",%progbits
 886              		.align	1
 887              		.syntax unified
 888              		.thumb
 889              		.thumb_func
 891              	COM1_MspInit:
 892              		@ args = 0, pretend = 0, frame = 40
 893              		@ frame_needed = 1, uses_anonymous_args = 0
 894 0000 80B5     		push	{r7, lr}
 895 0002 8AB0     		sub	sp, sp, #40
 896 0004 00AF     		add	r7, sp, #0
 897 0006 7860     		str	r0, [r7, #4]
 898 0008 224B     		ldr	r3, .L82
 899 000a DB6C     		ldr	r3, [r3, #76]
 900 000c 214A     		ldr	r2, .L82
 901 000e 43F00103 		orr	r3, r3, #1
 902 0012 D364     		str	r3, [r2, #76]
 903 0014 1F4B     		ldr	r3, .L82
 904 0016 DB6C     		ldr	r3, [r3, #76]
ARM GAS  /var/folders/k1/1yttftd15rl7jxtpyc5m93n80000gn/T//ccZgo19a.s 			page 16


 905 0018 03F00103 		and	r3, r3, #1
 906 001c 3B61     		str	r3, [r7, #16]
 907 001e 3B69     		ldr	r3, [r7, #16]
 908 0020 1C4B     		ldr	r3, .L82
 909 0022 DB6C     		ldr	r3, [r3, #76]
 910 0024 1B4A     		ldr	r2, .L82
 911 0026 43F00103 		orr	r3, r3, #1
 912 002a D364     		str	r3, [r2, #76]
 913 002c 194B     		ldr	r3, .L82
 914 002e DB6C     		ldr	r3, [r3, #76]
 915 0030 03F00103 		and	r3, r3, #1
 916 0034 FB60     		str	r3, [r7, #12]
 917 0036 FB68     		ldr	r3, [r7, #12]
 918 0038 164B     		ldr	r3, .L82
 919 003a DB6D     		ldr	r3, [r3, #92]
 920 003c 154A     		ldr	r2, .L82
 921 003e 43F00103 		orr	r3, r3, #1
 922 0042 D365     		str	r3, [r2, #92]
 923 0044 134B     		ldr	r3, .L82
 924 0046 DB6D     		ldr	r3, [r3, #92]
 925 0048 03F00103 		and	r3, r3, #1
 926 004c BB60     		str	r3, [r7, #8]
 927 004e BB68     		ldr	r3, [r7, #8]
 928 0050 0423     		movs	r3, #4
 929 0052 7B61     		str	r3, [r7, #20]
 930 0054 0223     		movs	r3, #2
 931 0056 BB61     		str	r3, [r7, #24]
 932 0058 0223     		movs	r3, #2
 933 005a 3B62     		str	r3, [r7, #32]
 934 005c 0123     		movs	r3, #1
 935 005e FB61     		str	r3, [r7, #28]
 936 0060 0C23     		movs	r3, #12
 937 0062 7B62     		str	r3, [r7, #36]
 938 0064 07F11403 		add	r3, r7, #20
 939 0068 1946     		mov	r1, r3
 940 006a 4FF09040 		mov	r0, #1207959552
 941 006e FFF7FEFF 		bl	HAL_GPIO_Init
 942 0072 0823     		movs	r3, #8
 943 0074 7B61     		str	r3, [r7, #20]
 944 0076 0223     		movs	r3, #2
 945 0078 BB61     		str	r3, [r7, #24]
 946 007a 0C23     		movs	r3, #12
 947 007c 7B62     		str	r3, [r7, #36]
 948 007e 07F11403 		add	r3, r7, #20
 949 0082 1946     		mov	r1, r3
 950 0084 4FF09040 		mov	r0, #1207959552
 951 0088 FFF7FEFF 		bl	HAL_GPIO_Init
 952 008c 00BF     		nop
 953 008e 2837     		adds	r7, r7, #40
 954 0090 BD46     		mov	sp, r7
 955              		@ sp needed
 956 0092 80BD     		pop	{r7, pc}
 957              	.L83:
 958              		.align	2
 959              	.L82:
 960 0094 00100240 		.word	1073876992
 962              		.section	.text.COM1_MspDeInit,"ax",%progbits
ARM GAS  /var/folders/k1/1yttftd15rl7jxtpyc5m93n80000gn/T//ccZgo19a.s 			page 17


 963              		.align	1
 964              		.syntax unified
 965              		.thumb
 966              		.thumb_func
 968              	COM1_MspDeInit:
 969              		@ args = 0, pretend = 0, frame = 32
 970              		@ frame_needed = 1, uses_anonymous_args = 0
 971 0000 80B5     		push	{r7, lr}
 972 0002 88B0     		sub	sp, sp, #32
 973 0004 00AF     		add	r7, sp, #0
 974 0006 7860     		str	r0, [r7, #4]
 975 0008 0423     		movs	r3, #4
 976 000a FB60     		str	r3, [r7, #12]
 977 000c FB68     		ldr	r3, [r7, #12]
 978 000e 1946     		mov	r1, r3
 979 0010 4FF09040 		mov	r0, #1207959552
 980 0014 FFF7FEFF 		bl	HAL_GPIO_DeInit
 981 0018 0823     		movs	r3, #8
 982 001a FB60     		str	r3, [r7, #12]
 983 001c FB68     		ldr	r3, [r7, #12]
 984 001e 1946     		mov	r1, r3
 985 0020 4FF09040 		mov	r0, #1207959552
 986 0024 FFF7FEFF 		bl	HAL_GPIO_DeInit
 987 0028 044B     		ldr	r3, .L85
 988 002a DB6D     		ldr	r3, [r3, #92]
 989 002c 034A     		ldr	r2, .L85
 990 002e 23F00103 		bic	r3, r3, #1
 991 0032 D365     		str	r3, [r2, #92]
 992 0034 00BF     		nop
 993 0036 2037     		adds	r7, r7, #32
 994 0038 BD46     		mov	sp, r7
 995              		@ sp needed
 996 003a 80BD     		pop	{r7, pc}
 997              	.L86:
 998              		.align	2
 999              	.L85:
 1000 003c 00100240 		.word	1073876992
 1002              		.section	.rodata.BUTTON_EXTI_LINE.2,"a"
 1003              		.align	2
 1006              	BUTTON_EXTI_LINE.2:
 1007 0000 0D000006 		.word	100663309
 1008              		.section	.data.ButtonCallback.1,"aw"
 1009              		.align	2
 1012              	ButtonCallback.1:
 1013 0000 00000000 		.word	BUTTON_USER_EXTI_Callback
 1014              		.section	.data.BSP_BUTTON_PRIO.0,"aw"
 1015              		.align	2
 1018              	BSP_BUTTON_PRIO.0:
 1019 0000 0F000000 		.word	15
 1020              		.ident	"GCC: (GNU Tools for STM32 14.3.rel1.20251027-0700) 14.3.1 20250623"
ARM GAS  /var/folders/k1/1yttftd15rl7jxtpyc5m93n80000gn/T//ccZgo19a.s 			page 18


DEFINED SYMBOLS
                            *ABS*:00000000 stm32g4xx_nucleo.c
/var/folders/k1/1yttftd15rl7jxtpyc5m93n80000gn/T//ccZgo19a.s:22     .bss.hpb_exti:00000000 hpb_exti
/var/folders/k1/1yttftd15rl7jxtpyc5m93n80000gn/T//ccZgo19a.s:19     .bss.hpb_exti:00000000 $d
/var/folders/k1/1yttftd15rl7jxtpyc5m93n80000gn/T//ccZgo19a.s:29     .bss.hcom_uart:00000000 hcom_uart
/var/folders/k1/1yttftd15rl7jxtpyc5m93n80000gn/T//ccZgo19a.s:26     .bss.hcom_uart:00000000 $d
/var/folders/k1/1yttftd15rl7jxtpyc5m93n80000gn/T//ccZgo19a.s:32     .data.LED_PORT:00000000 $d
/var/folders/k1/1yttftd15rl7jxtpyc5m93n80000gn/T//ccZgo19a.s:35     .data.LED_PORT:00000000 LED_PORT
/var/folders/k1/1yttftd15rl7jxtpyc5m93n80000gn/T//ccZgo19a.s:38     .rodata.LED_PIN:00000000 $d
/var/folders/k1/1yttftd15rl7jxtpyc5m93n80000gn/T//ccZgo19a.s:41     .rodata.LED_PIN:00000000 LED_PIN
/var/folders/k1/1yttftd15rl7jxtpyc5m93n80000gn/T//ccZgo19a.s:44     .data.BUTTON_PORT:00000000 $d
/var/folders/k1/1yttftd15rl7jxtpyc5m93n80000gn/T//ccZgo19a.s:47     .data.BUTTON_PORT:00000000 BUTTON_PORT
/var/folders/k1/1yttftd15rl7jxtpyc5m93n80000gn/T//ccZgo19a.s:50     .rodata.BUTTON_PIN:00000000 $d
/var/folders/k1/1yttftd15rl7jxtpyc5m93n80000gn/T//ccZgo19a.s:53     .rodata.BUTTON_PIN:00000000 BUTTON_PIN
/var/folders/k1/1yttftd15rl7jxtpyc5m93n80000gn/T//ccZgo19a.s:56     .rodata.BUTTON_IRQn:00000000 $d
/var/folders/k1/1yttftd15rl7jxtpyc5m93n80000gn/T//ccZgo19a.s:59     .rodata.BUTTON_IRQn:00000000 BUTTON_IRQn
/var/folders/k1/1yttftd15rl7jxtpyc5m93n80000gn/T//ccZgo19a.s:62     .data.COM_USART:00000000 $d
/var/folders/k1/1yttftd15rl7jxtpyc5m93n80000gn/T//ccZgo19a.s:65     .data.COM_USART:00000000 COM_USART
/var/folders/k1/1yttftd15rl7jxtpyc5m93n80000gn/T//ccZgo19a.s:70     .bss.COM_ActiveLogPort:00000000 COM_ActiveLogPort
/var/folders/k1/1yttftd15rl7jxtpyc5m93n80000gn/T//ccZgo19a.s:71     .bss.COM_ActiveLogPort:00000000 $d
/var/folders/k1/1yttftd15rl7jxtpyc5m93n80000gn/T//ccZgo19a.s:73     .text.BSP_GetVersion:00000000 $t
/var/folders/k1/1yttftd15rl7jxtpyc5m93n80000gn/T//ccZgo19a.s:79     .text.BSP_GetVersion:00000000 BSP_GetVersion
/var/folders/k1/1yttftd15rl7jxtpyc5m93n80000gn/T//ccZgo19a.s:94     .text.BSP_GetVersion:00000010 $d
/var/folders/k1/1yttftd15rl7jxtpyc5m93n80000gn/T//ccZgo19a.s:97     .rodata:00000000 $d
/var/folders/k1/1yttftd15rl7jxtpyc5m93n80000gn/T//ccZgo19a.s:101    .text.BSP_GetBoardName:00000000 $t
/var/folders/k1/1yttftd15rl7jxtpyc5m93n80000gn/T//ccZgo19a.s:107    .text.BSP_GetBoardName:00000000 BSP_GetBoardName
/var/folders/k1/1yttftd15rl7jxtpyc5m93n80000gn/T//ccZgo19a.s:122    .text.BSP_GetBoardName:00000010 $d
/var/folders/k1/1yttftd15rl7jxtpyc5m93n80000gn/T//ccZgo19a.s:129    .text.BSP_GetBoardID:00000000 $t
/var/folders/k1/1yttftd15rl7jxtpyc5m93n80000gn/T//ccZgo19a.s:135    .text.BSP_GetBoardID:00000000 BSP_GetBoardID
/var/folders/k1/1yttftd15rl7jxtpyc5m93n80000gn/T//ccZgo19a.s:150    .text.BSP_GetBoardID:00000010 $d
/var/folders/k1/1yttftd15rl7jxtpyc5m93n80000gn/T//ccZgo19a.s:153    .text.BSP_LED_Init:00000000 $t
/var/folders/k1/1yttftd15rl7jxtpyc5m93n80000gn/T//ccZgo19a.s:159    .text.BSP_LED_Init:00000000 BSP_LED_Init
/var/folders/k1/1yttftd15rl7jxtpyc5m93n80000gn/T//ccZgo19a.s:208    .text.BSP_LED_Init:00000064 $d
/var/folders/k1/1yttftd15rl7jxtpyc5m93n80000gn/T//ccZgo19a.s:212    .text.BSP_LED_DeInit:00000000 $t
/var/folders/k1/1yttftd15rl7jxtpyc5m93n80000gn/T//ccZgo19a.s:218    .text.BSP_LED_DeInit:00000000 BSP_LED_DeInit
/var/folders/k1/1yttftd15rl7jxtpyc5m93n80000gn/T//ccZgo19a.s:249    .text.BSP_LED_DeInit:00000038 $d
/var/folders/k1/1yttftd15rl7jxtpyc5m93n80000gn/T//ccZgo19a.s:252    .text.BSP_LED_On:00000000 $t
/var/folders/k1/1yttftd15rl7jxtpyc5m93n80000gn/T//ccZgo19a.s:258    .text.BSP_LED_On:00000000 BSP_LED_On
/var/folders/k1/1yttftd15rl7jxtpyc5m93n80000gn/T//ccZgo19a.s:282    .text.BSP_LED_On:00000028 $d
/var/folders/k1/1yttftd15rl7jxtpyc5m93n80000gn/T//ccZgo19a.s:285    .text.BSP_LED_Off:00000000 $t
/var/folders/k1/1yttftd15rl7jxtpyc5m93n80000gn/T//ccZgo19a.s:291    .text.BSP_LED_Off:00000000 BSP_LED_Off
/var/folders/k1/1yttftd15rl7jxtpyc5m93n80000gn/T//ccZgo19a.s:315    .text.BSP_LED_Off:00000028 $d
/var/folders/k1/1yttftd15rl7jxtpyc5m93n80000gn/T//ccZgo19a.s:318    .text.BSP_LED_Toggle:00000000 $t
/var/folders/k1/1yttftd15rl7jxtpyc5m93n80000gn/T//ccZgo19a.s:324    .text.BSP_LED_Toggle:00000000 BSP_LED_Toggle
/var/folders/k1/1yttftd15rl7jxtpyc5m93n80000gn/T//ccZgo19a.s:348    .text.BSP_LED_Toggle:00000028 $d
/var/folders/k1/1yttftd15rl7jxtpyc5m93n80000gn/T//ccZgo19a.s:351    .text.BSP_LED_GetState:00000000 $t
/var/folders/k1/1yttftd15rl7jxtpyc5m93n80000gn/T//ccZgo19a.s:357    .text.BSP_LED_GetState:00000000 BSP_LED_GetState
/var/folders/k1/1yttftd15rl7jxtpyc5m93n80000gn/T//ccZgo19a.s:381    .text.BSP_LED_GetState:00000028 $d
/var/folders/k1/1yttftd15rl7jxtpyc5m93n80000gn/T//ccZgo19a.s:384    .text.BSP_PB_Init:00000000 $t
/var/folders/k1/1yttftd15rl7jxtpyc5m93n80000gn/T//ccZgo19a.s:390    .text.BSP_PB_Init:00000000 BSP_PB_Init
/var/folders/k1/1yttftd15rl7jxtpyc5m93n80000gn/T//ccZgo19a.s:480    .text.BSP_PB_Init:000000c4 $d
/var/folders/k1/1yttftd15rl7jxtpyc5m93n80000gn/T//ccZgo19a.s:1006   .rodata.BUTTON_EXTI_LINE.2:00000000 BUTTON_EXTI_LINE.2
/var/folders/k1/1yttftd15rl7jxtpyc5m93n80000gn/T//ccZgo19a.s:1012   .data.ButtonCallback.1:00000000 ButtonCallback.1
/var/folders/k1/1yttftd15rl7jxtpyc5m93n80000gn/T//ccZgo19a.s:1018   .data.BSP_BUTTON_PRIO.0:00000000 BSP_BUTTON_PRIO.0
/var/folders/k1/1yttftd15rl7jxtpyc5m93n80000gn/T//ccZgo19a.s:488    .text.BSP_PB_DeInit:00000000 $t
/var/folders/k1/1yttftd15rl7jxtpyc5m93n80000gn/T//ccZgo19a.s:494    .text.BSP_PB_DeInit:00000000 BSP_PB_DeInit
/var/folders/k1/1yttftd15rl7jxtpyc5m93n80000gn/T//ccZgo19a.s:521    .text.BSP_PB_DeInit:00000030 $d
ARM GAS  /var/folders/k1/1yttftd15rl7jxtpyc5m93n80000gn/T//ccZgo19a.s 			page 19


/var/folders/k1/1yttftd15rl7jxtpyc5m93n80000gn/T//ccZgo19a.s:524    .text.BSP_PB_GetState:00000000 $t
/var/folders/k1/1yttftd15rl7jxtpyc5m93n80000gn/T//ccZgo19a.s:530    .text.BSP_PB_GetState:00000000 BSP_PB_GetState
/var/folders/k1/1yttftd15rl7jxtpyc5m93n80000gn/T//ccZgo19a.s:554    .text.BSP_PB_GetState:00000028 $d
/var/folders/k1/1yttftd15rl7jxtpyc5m93n80000gn/T//ccZgo19a.s:557    .text.BSP_PB_IRQHandler:00000000 $t
/var/folders/k1/1yttftd15rl7jxtpyc5m93n80000gn/T//ccZgo19a.s:563    .text.BSP_PB_IRQHandler:00000000 BSP_PB_IRQHandler
/var/folders/k1/1yttftd15rl7jxtpyc5m93n80000gn/T//ccZgo19a.s:585    .text.BSP_PB_IRQHandler:00000020 $d
/var/folders/k1/1yttftd15rl7jxtpyc5m93n80000gn/T//ccZgo19a.s:588    .text.BSP_PB_Callback:00000000 $t
/var/folders/k1/1yttftd15rl7jxtpyc5m93n80000gn/T//ccZgo19a.s:594    .text.BSP_PB_Callback:00000000 BSP_PB_Callback
/var/folders/k1/1yttftd15rl7jxtpyc5m93n80000gn/T//ccZgo19a.s:611    .text.BSP_COM_Init:00000000 $t
/var/folders/k1/1yttftd15rl7jxtpyc5m93n80000gn/T//ccZgo19a.s:617    .text.BSP_COM_Init:00000000 BSP_COM_Init
/var/folders/k1/1yttftd15rl7jxtpyc5m93n80000gn/T//ccZgo19a.s:891    .text.COM1_MspInit:00000000 COM1_MspInit
/var/folders/k1/1yttftd15rl7jxtpyc5m93n80000gn/T//ccZgo19a.s:741    .text.MX_LPUART1_Init:00000000 MX_LPUART1_Init
/var/folders/k1/1yttftd15rl7jxtpyc5m93n80000gn/T//ccZgo19a.s:666    .text.BSP_COM_Init:0000005c $d
/var/folders/k1/1yttftd15rl7jxtpyc5m93n80000gn/T//ccZgo19a.s:669    .text.BSP_COM_DeInit:00000000 $t
/var/folders/k1/1yttftd15rl7jxtpyc5m93n80000gn/T//ccZgo19a.s:675    .text.BSP_COM_DeInit:00000000 BSP_COM_DeInit
/var/folders/k1/1yttftd15rl7jxtpyc5m93n80000gn/T//ccZgo19a.s:968    .text.COM1_MspDeInit:00000000 COM1_MspDeInit
/var/folders/k1/1yttftd15rl7jxtpyc5m93n80000gn/T//ccZgo19a.s:731    .text.BSP_COM_DeInit:0000006c $d
/var/folders/k1/1yttftd15rl7jxtpyc5m93n80000gn/T//ccZgo19a.s:735    .text.MX_LPUART1_Init:00000000 $t
/var/folders/k1/1yttftd15rl7jxtpyc5m93n80000gn/T//ccZgo19a.s:793    .text.MX_LPUART1_Init:00000060 $d
/var/folders/k1/1yttftd15rl7jxtpyc5m93n80000gn/T//ccZgo19a.s:796    .text.BSP_COM_SelectLogPort:00000000 $t
/var/folders/k1/1yttftd15rl7jxtpyc5m93n80000gn/T//ccZgo19a.s:802    .text.BSP_COM_SelectLogPort:00000000 BSP_COM_SelectLogPort
/var/folders/k1/1yttftd15rl7jxtpyc5m93n80000gn/T//ccZgo19a.s:830    .text.BSP_COM_SelectLogPort:00000028 $d
/var/folders/k1/1yttftd15rl7jxtpyc5m93n80000gn/T//ccZgo19a.s:833    .text.__io_putchar:00000000 $t
/var/folders/k1/1yttftd15rl7jxtpyc5m93n80000gn/T//ccZgo19a.s:839    .text.__io_putchar:00000000 __io_putchar
/var/folders/k1/1yttftd15rl7jxtpyc5m93n80000gn/T//ccZgo19a.s:866    .text.__io_putchar:00000030 $d
/var/folders/k1/1yttftd15rl7jxtpyc5m93n80000gn/T//ccZgo19a.s:870    .text.BUTTON_USER_EXTI_Callback:00000000 $t
/var/folders/k1/1yttftd15rl7jxtpyc5m93n80000gn/T//ccZgo19a.s:875    .text.BUTTON_USER_EXTI_Callback:00000000 BUTTON_USER_EXTI_Callback
/var/folders/k1/1yttftd15rl7jxtpyc5m93n80000gn/T//ccZgo19a.s:886    .text.COM1_MspInit:00000000 $t
/var/folders/k1/1yttftd15rl7jxtpyc5m93n80000gn/T//ccZgo19a.s:960    .text.COM1_MspInit:00000094 $d
/var/folders/k1/1yttftd15rl7jxtpyc5m93n80000gn/T//ccZgo19a.s:963    .text.COM1_MspDeInit:00000000 $t
/var/folders/k1/1yttftd15rl7jxtpyc5m93n80000gn/T//ccZgo19a.s:1000   .text.COM1_MspDeInit:0000003c $d
/var/folders/k1/1yttftd15rl7jxtpyc5m93n80000gn/T//ccZgo19a.s:1003   .rodata.BUTTON_EXTI_LINE.2:00000000 $d
/var/folders/k1/1yttftd15rl7jxtpyc5m93n80000gn/T//ccZgo19a.s:1009   .data.ButtonCallback.1:00000000 $d
/var/folders/k1/1yttftd15rl7jxtpyc5m93n80000gn/T//ccZgo19a.s:1015   .data.BSP_BUTTON_PRIO.0:00000000 $d

UNDEFINED SYMBOLS
HAL_GPIO_Init
HAL_GPIO_WritePin
HAL_GPIO_DeInit
HAL_GPIO_TogglePin
HAL_GPIO_ReadPin
HAL_EXTI_GetHandle
HAL_EXTI_RegisterCallback
HAL_NVIC_SetPriority
HAL_NVIC_EnableIRQ
HAL_NVIC_DisableIRQ
HAL_EXTI_IRQHandler
HAL_UART_DeInit
HAL_UART_Init
HAL_UART_Transmit
