ARM GAS  /var/folders/k1/1yttftd15rl7jxtpyc5m93n80000gn/T//ccP37BYL.s 			page 1


   1              		.cpu cortex-m4
   2              		.arch armv7e-m
   3              		.fpu fpv4-sp-d16
   4              		.eabi_attribute 27, 1
   5              		.eabi_attribute 28, 1
   6              		.eabi_attribute 20, 1
   7              		.eabi_attribute 21, 1
   8              		.eabi_attribute 23, 3
   9              		.eabi_attribute 24, 1
  10              		.eabi_attribute 25, 1
  11              		.eabi_attribute 26, 1
  12              		.eabi_attribute 30, 6
  13              		.eabi_attribute 34, 1
  14              		.eabi_attribute 18, 4
  15              		.file	"stm32g4xx_hal_cortex.c"
  16              		.text
  17              		.section	.text.__NVIC_SetPriorityGrouping,"ax",%progbits
  18              		.align	1
  19              		.syntax unified
  20              		.thumb
  21              		.thumb_func
  23              	__NVIC_SetPriorityGrouping:
  24              		@ args = 0, pretend = 0, frame = 16
  25              		@ frame_needed = 1, uses_anonymous_args = 0
  26              		@ link register save eliminated.
  27 0000 80B4     		push	{r7}
  28 0002 85B0     		sub	sp, sp, #20
  29 0004 00AF     		add	r7, sp, #0
  30 0006 7860     		str	r0, [r7, #4]
  31 0008 7B68     		ldr	r3, [r7, #4]
  32 000a 03F00703 		and	r3, r3, #7
  33 000e FB60     		str	r3, [r7, #12]
  34 0010 0C4B     		ldr	r3, .L2
  35 0012 DB68     		ldr	r3, [r3, #12]
  36 0014 BB60     		str	r3, [r7, #8]
  37 0016 BA68     		ldr	r2, [r7, #8]
  38 0018 4FF6FF03 		movw	r3, #63743
  39 001c 1340     		ands	r3, r3, r2
  40 001e BB60     		str	r3, [r7, #8]
  41 0020 FB68     		ldr	r3, [r7, #12]
  42 0022 1A02     		lsls	r2, r3, #8
  43 0024 BB68     		ldr	r3, [r7, #8]
  44 0026 1343     		orrs	r3, r3, r2
  45 0028 43F0BF63 		orr	r3, r3, #100139008
  46 002c 43F40033 		orr	r3, r3, #131072
  47 0030 BB60     		str	r3, [r7, #8]
  48 0032 044A     		ldr	r2, .L2
  49 0034 BB68     		ldr	r3, [r7, #8]
  50 0036 D360     		str	r3, [r2, #12]
  51 0038 00BF     		nop
  52 003a 1437     		adds	r7, r7, #20
  53 003c BD46     		mov	sp, r7
  54              		@ sp needed
  55 003e 5DF8047B 		ldr	r7, [sp], #4
  56 0042 7047     		bx	lr
  57              	.L3:
  58              		.align	2
ARM GAS  /var/folders/k1/1yttftd15rl7jxtpyc5m93n80000gn/T//ccP37BYL.s 			page 2


  59              	.L2:
  60 0044 00ED00E0 		.word	-536810240
  62              		.section	.text.__NVIC_GetPriorityGrouping,"ax",%progbits
  63              		.align	1
  64              		.syntax unified
  65              		.thumb
  66              		.thumb_func
  68              	__NVIC_GetPriorityGrouping:
  69              		@ args = 0, pretend = 0, frame = 0
  70              		@ frame_needed = 1, uses_anonymous_args = 0
  71              		@ link register save eliminated.
  72 0000 80B4     		push	{r7}
  73 0002 00AF     		add	r7, sp, #0
  74 0004 044B     		ldr	r3, .L6
  75 0006 DB68     		ldr	r3, [r3, #12]
  76 0008 1B0A     		lsrs	r3, r3, #8
  77 000a 03F00703 		and	r3, r3, #7
  78 000e 1846     		mov	r0, r3
  79 0010 BD46     		mov	sp, r7
  80              		@ sp needed
  81 0012 5DF8047B 		ldr	r7, [sp], #4
  82 0016 7047     		bx	lr
  83              	.L7:
  84              		.align	2
  85              	.L6:
  86 0018 00ED00E0 		.word	-536810240
  88              		.section	.text.__NVIC_EnableIRQ,"ax",%progbits
  89              		.align	1
  90              		.syntax unified
  91              		.thumb
  92              		.thumb_func
  94              	__NVIC_EnableIRQ:
  95              		@ args = 0, pretend = 0, frame = 8
  96              		@ frame_needed = 1, uses_anonymous_args = 0
  97              		@ link register save eliminated.
  98 0000 80B4     		push	{r7}
  99 0002 83B0     		sub	sp, sp, #12
 100 0004 00AF     		add	r7, sp, #0
 101 0006 0346     		mov	r3, r0
 102 0008 FB71     		strb	r3, [r7, #7]
 103 000a 97F90730 		ldrsb	r3, [r7, #7]
 104 000e 002B     		cmp	r3, #0
 105 0010 0BDB     		blt	.L10
 106 0012 FB79     		ldrb	r3, [r7, #7]	@ zero_extendqisi2
 107 0014 03F01F02 		and	r2, r3, #31
 108 0018 0749     		ldr	r1, .L11
 109 001a 97F90730 		ldrsb	r3, [r7, #7]
 110 001e 5B09     		lsrs	r3, r3, #5
 111 0020 0120     		movs	r0, #1
 112 0022 00FA02F2 		lsl	r2, r0, r2
 113 0026 41F82320 		str	r2, [r1, r3, lsl #2]
 114              	.L10:
 115 002a 00BF     		nop
 116 002c 0C37     		adds	r7, r7, #12
 117 002e BD46     		mov	sp, r7
 118              		@ sp needed
 119 0030 5DF8047B 		ldr	r7, [sp], #4
ARM GAS  /var/folders/k1/1yttftd15rl7jxtpyc5m93n80000gn/T//ccP37BYL.s 			page 3


 120 0034 7047     		bx	lr
 121              	.L12:
 122 0036 00BF     		.align	2
 123              	.L11:
 124 0038 00E100E0 		.word	-536813312
 126              		.section	.text.__NVIC_DisableIRQ,"ax",%progbits
 127              		.align	1
 128              		.syntax unified
 129              		.thumb
 130              		.thumb_func
 132              	__NVIC_DisableIRQ:
 133              		@ args = 0, pretend = 0, frame = 8
 134              		@ frame_needed = 1, uses_anonymous_args = 0
 135              		@ link register save eliminated.
 136 0000 80B4     		push	{r7}
 137 0002 83B0     		sub	sp, sp, #12
 138 0004 00AF     		add	r7, sp, #0
 139 0006 0346     		mov	r3, r0
 140 0008 FB71     		strb	r3, [r7, #7]
 141 000a 97F90730 		ldrsb	r3, [r7, #7]
 142 000e 002B     		cmp	r3, #0
 143 0010 12DB     		blt	.L15
 144 0012 FB79     		ldrb	r3, [r7, #7]	@ zero_extendqisi2
 145 0014 03F01F02 		and	r2, r3, #31
 146 0018 0A49     		ldr	r1, .L16
 147 001a 97F90730 		ldrsb	r3, [r7, #7]
 148 001e 5B09     		lsrs	r3, r3, #5
 149 0020 0120     		movs	r0, #1
 150 0022 00FA02F2 		lsl	r2, r0, r2
 151 0026 2033     		adds	r3, r3, #32
 152 0028 41F82320 		str	r2, [r1, r3, lsl #2]
 153              		.syntax unified
 154              	@ 946 "Drivers/CMSIS/Include/cmsis_gcc.h" 1
 155 002c BFF34F8F 		dsb 0xF
 156              	@ 0 "" 2
 157              		.thumb
 158              		.syntax unified
 159 0030 00BF     		nop
 160              		.syntax unified
 161              	@ 935 "Drivers/CMSIS/Include/cmsis_gcc.h" 1
 162 0032 BFF36F8F 		isb 0xF
 163              	@ 0 "" 2
 164              		.thumb
 165              		.syntax unified
 166 0036 00BF     		nop
 167              	.L15:
 168 0038 00BF     		nop
 169 003a 0C37     		adds	r7, r7, #12
 170 003c BD46     		mov	sp, r7
 171              		@ sp needed
 172 003e 5DF8047B 		ldr	r7, [sp], #4
 173 0042 7047     		bx	lr
 174              	.L17:
 175              		.align	2
 176              	.L16:
 177 0044 00E100E0 		.word	-536813312
 179              		.section	.text.__NVIC_GetPendingIRQ,"ax",%progbits
ARM GAS  /var/folders/k1/1yttftd15rl7jxtpyc5m93n80000gn/T//ccP37BYL.s 			page 4


 180              		.align	1
 181              		.syntax unified
 182              		.thumb
 183              		.thumb_func
 185              	__NVIC_GetPendingIRQ:
 186              		@ args = 0, pretend = 0, frame = 8
 187              		@ frame_needed = 1, uses_anonymous_args = 0
 188              		@ link register save eliminated.
 189 0000 80B4     		push	{r7}
 190 0002 83B0     		sub	sp, sp, #12
 191 0004 00AF     		add	r7, sp, #0
 192 0006 0346     		mov	r3, r0
 193 0008 FB71     		strb	r3, [r7, #7]
 194 000a 97F90730 		ldrsb	r3, [r7, #7]
 195 000e 002B     		cmp	r3, #0
 196 0010 0EDB     		blt	.L19
 197 0012 0B4A     		ldr	r2, .L21
 198 0014 97F90730 		ldrsb	r3, [r7, #7]
 199 0018 5B09     		lsrs	r3, r3, #5
 200 001a 4033     		adds	r3, r3, #64
 201 001c 52F82320 		ldr	r2, [r2, r3, lsl #2]
 202 0020 FB79     		ldrb	r3, [r7, #7]	@ zero_extendqisi2
 203 0022 03F01F03 		and	r3, r3, #31
 204 0026 22FA03F3 		lsr	r3, r2, r3
 205 002a 03F00103 		and	r3, r3, #1
 206 002e 00E0     		b	.L20
 207              	.L19:
 208 0030 0023     		movs	r3, #0
 209              	.L20:
 210 0032 1846     		mov	r0, r3
 211 0034 0C37     		adds	r7, r7, #12
 212 0036 BD46     		mov	sp, r7
 213              		@ sp needed
 214 0038 5DF8047B 		ldr	r7, [sp], #4
 215 003c 7047     		bx	lr
 216              	.L22:
 217 003e 00BF     		.align	2
 218              	.L21:
 219 0040 00E100E0 		.word	-536813312
 221              		.section	.text.__NVIC_SetPendingIRQ,"ax",%progbits
 222              		.align	1
 223              		.syntax unified
 224              		.thumb
 225              		.thumb_func
 227              	__NVIC_SetPendingIRQ:
 228              		@ args = 0, pretend = 0, frame = 8
 229              		@ frame_needed = 1, uses_anonymous_args = 0
 230              		@ link register save eliminated.
 231 0000 80B4     		push	{r7}
 232 0002 83B0     		sub	sp, sp, #12
 233 0004 00AF     		add	r7, sp, #0
 234 0006 0346     		mov	r3, r0
 235 0008 FB71     		strb	r3, [r7, #7]
 236 000a 97F90730 		ldrsb	r3, [r7, #7]
 237 000e 002B     		cmp	r3, #0
 238 0010 0CDB     		blt	.L25
 239 0012 FB79     		ldrb	r3, [r7, #7]	@ zero_extendqisi2
ARM GAS  /var/folders/k1/1yttftd15rl7jxtpyc5m93n80000gn/T//ccP37BYL.s 			page 5


 240 0014 03F01F02 		and	r2, r3, #31
 241 0018 0749     		ldr	r1, .L26
 242 001a 97F90730 		ldrsb	r3, [r7, #7]
 243 001e 5B09     		lsrs	r3, r3, #5
 244 0020 0120     		movs	r0, #1
 245 0022 00FA02F2 		lsl	r2, r0, r2
 246 0026 4033     		adds	r3, r3, #64
 247 0028 41F82320 		str	r2, [r1, r3, lsl #2]
 248              	.L25:
 249 002c 00BF     		nop
 250 002e 0C37     		adds	r7, r7, #12
 251 0030 BD46     		mov	sp, r7
 252              		@ sp needed
 253 0032 5DF8047B 		ldr	r7, [sp], #4
 254 0036 7047     		bx	lr
 255              	.L27:
 256              		.align	2
 257              	.L26:
 258 0038 00E100E0 		.word	-536813312
 260              		.section	.text.__NVIC_ClearPendingIRQ,"ax",%progbits
 261              		.align	1
 262              		.syntax unified
 263              		.thumb
 264              		.thumb_func
 266              	__NVIC_ClearPendingIRQ:
 267              		@ args = 0, pretend = 0, frame = 8
 268              		@ frame_needed = 1, uses_anonymous_args = 0
 269              		@ link register save eliminated.
 270 0000 80B4     		push	{r7}
 271 0002 83B0     		sub	sp, sp, #12
 272 0004 00AF     		add	r7, sp, #0
 273 0006 0346     		mov	r3, r0
 274 0008 FB71     		strb	r3, [r7, #7]
 275 000a 97F90730 		ldrsb	r3, [r7, #7]
 276 000e 002B     		cmp	r3, #0
 277 0010 0CDB     		blt	.L30
 278 0012 FB79     		ldrb	r3, [r7, #7]	@ zero_extendqisi2
 279 0014 03F01F02 		and	r2, r3, #31
 280 0018 0749     		ldr	r1, .L31
 281 001a 97F90730 		ldrsb	r3, [r7, #7]
 282 001e 5B09     		lsrs	r3, r3, #5
 283 0020 0120     		movs	r0, #1
 284 0022 00FA02F2 		lsl	r2, r0, r2
 285 0026 6033     		adds	r3, r3, #96
 286 0028 41F82320 		str	r2, [r1, r3, lsl #2]
 287              	.L30:
 288 002c 00BF     		nop
 289 002e 0C37     		adds	r7, r7, #12
 290 0030 BD46     		mov	sp, r7
 291              		@ sp needed
 292 0032 5DF8047B 		ldr	r7, [sp], #4
 293 0036 7047     		bx	lr
 294              	.L32:
 295              		.align	2
 296              	.L31:
 297 0038 00E100E0 		.word	-536813312
 299              		.section	.text.__NVIC_GetActive,"ax",%progbits
ARM GAS  /var/folders/k1/1yttftd15rl7jxtpyc5m93n80000gn/T//ccP37BYL.s 			page 6


 300              		.align	1
 301              		.syntax unified
 302              		.thumb
 303              		.thumb_func
 305              	__NVIC_GetActive:
 306              		@ args = 0, pretend = 0, frame = 8
 307              		@ frame_needed = 1, uses_anonymous_args = 0
 308              		@ link register save eliminated.
 309 0000 80B4     		push	{r7}
 310 0002 83B0     		sub	sp, sp, #12
 311 0004 00AF     		add	r7, sp, #0
 312 0006 0346     		mov	r3, r0
 313 0008 FB71     		strb	r3, [r7, #7]
 314 000a 97F90730 		ldrsb	r3, [r7, #7]
 315 000e 002B     		cmp	r3, #0
 316 0010 0EDB     		blt	.L34
 317 0012 0B4A     		ldr	r2, .L36
 318 0014 97F90730 		ldrsb	r3, [r7, #7]
 319 0018 5B09     		lsrs	r3, r3, #5
 320 001a 8033     		adds	r3, r3, #128
 321 001c 52F82320 		ldr	r2, [r2, r3, lsl #2]
 322 0020 FB79     		ldrb	r3, [r7, #7]	@ zero_extendqisi2
 323 0022 03F01F03 		and	r3, r3, #31
 324 0026 22FA03F3 		lsr	r3, r2, r3
 325 002a 03F00103 		and	r3, r3, #1
 326 002e 00E0     		b	.L35
 327              	.L34:
 328 0030 0023     		movs	r3, #0
 329              	.L35:
 330 0032 1846     		mov	r0, r3
 331 0034 0C37     		adds	r7, r7, #12
 332 0036 BD46     		mov	sp, r7
 333              		@ sp needed
 334 0038 5DF8047B 		ldr	r7, [sp], #4
 335 003c 7047     		bx	lr
 336              	.L37:
 337 003e 00BF     		.align	2
 338              	.L36:
 339 0040 00E100E0 		.word	-536813312
 341              		.section	.text.__NVIC_SetPriority,"ax",%progbits
 342              		.align	1
 343              		.syntax unified
 344              		.thumb
 345              		.thumb_func
 347              	__NVIC_SetPriority:
 348              		@ args = 0, pretend = 0, frame = 8
 349              		@ frame_needed = 1, uses_anonymous_args = 0
 350              		@ link register save eliminated.
 351 0000 80B4     		push	{r7}
 352 0002 83B0     		sub	sp, sp, #12
 353 0004 00AF     		add	r7, sp, #0
 354 0006 0346     		mov	r3, r0
 355 0008 3960     		str	r1, [r7]
 356 000a FB71     		strb	r3, [r7, #7]
 357 000c 97F90730 		ldrsb	r3, [r7, #7]
 358 0010 002B     		cmp	r3, #0
 359 0012 0ADB     		blt	.L39
ARM GAS  /var/folders/k1/1yttftd15rl7jxtpyc5m93n80000gn/T//ccP37BYL.s 			page 7


 360 0014 3B68     		ldr	r3, [r7]
 361 0016 DAB2     		uxtb	r2, r3
 362 0018 0C49     		ldr	r1, .L42
 363 001a 97F90730 		ldrsb	r3, [r7, #7]
 364 001e 1201     		lsls	r2, r2, #4
 365 0020 D2B2     		uxtb	r2, r2
 366 0022 0B44     		add	r3, r3, r1
 367 0024 83F80023 		strb	r2, [r3, #768]
 368 0028 0AE0     		b	.L41
 369              	.L39:
 370 002a 3B68     		ldr	r3, [r7]
 371 002c DAB2     		uxtb	r2, r3
 372 002e 0849     		ldr	r1, .L42+4
 373 0030 FB79     		ldrb	r3, [r7, #7]	@ zero_extendqisi2
 374 0032 03F00F03 		and	r3, r3, #15
 375 0036 043B     		subs	r3, r3, #4
 376 0038 1201     		lsls	r2, r2, #4
 377 003a D2B2     		uxtb	r2, r2
 378 003c 0B44     		add	r3, r3, r1
 379 003e 1A76     		strb	r2, [r3, #24]
 380              	.L41:
 381 0040 00BF     		nop
 382 0042 0C37     		adds	r7, r7, #12
 383 0044 BD46     		mov	sp, r7
 384              		@ sp needed
 385 0046 5DF8047B 		ldr	r7, [sp], #4
 386 004a 7047     		bx	lr
 387              	.L43:
 388              		.align	2
 389              	.L42:
 390 004c 00E100E0 		.word	-536813312
 391 0050 00ED00E0 		.word	-536810240
 393              		.section	.text.__NVIC_GetPriority,"ax",%progbits
 394              		.align	1
 395              		.syntax unified
 396              		.thumb
 397              		.thumb_func
 399              	__NVIC_GetPriority:
 400              		@ args = 0, pretend = 0, frame = 8
 401              		@ frame_needed = 1, uses_anonymous_args = 0
 402              		@ link register save eliminated.
 403 0000 80B4     		push	{r7}
 404 0002 83B0     		sub	sp, sp, #12
 405 0004 00AF     		add	r7, sp, #0
 406 0006 0346     		mov	r3, r0
 407 0008 FB71     		strb	r3, [r7, #7]
 408 000a 97F90730 		ldrsb	r3, [r7, #7]
 409 000e 002B     		cmp	r3, #0
 410 0010 09DB     		blt	.L45
 411 0012 0D4A     		ldr	r2, .L47
 412 0014 97F90730 		ldrsb	r3, [r7, #7]
 413 0018 1344     		add	r3, r3, r2
 414 001a 93F80033 		ldrb	r3, [r3, #768]
 415 001e DBB2     		uxtb	r3, r3
 416 0020 1B09     		lsrs	r3, r3, #4
 417 0022 DBB2     		uxtb	r3, r3
 418 0024 09E0     		b	.L46
ARM GAS  /var/folders/k1/1yttftd15rl7jxtpyc5m93n80000gn/T//ccP37BYL.s 			page 8


 419              	.L45:
 420 0026 094A     		ldr	r2, .L47+4
 421 0028 FB79     		ldrb	r3, [r7, #7]	@ zero_extendqisi2
 422 002a 03F00F03 		and	r3, r3, #15
 423 002e 043B     		subs	r3, r3, #4
 424 0030 1344     		add	r3, r3, r2
 425 0032 1B7E     		ldrb	r3, [r3, #24]
 426 0034 DBB2     		uxtb	r3, r3
 427 0036 1B09     		lsrs	r3, r3, #4
 428 0038 DBB2     		uxtb	r3, r3
 429              	.L46:
 430 003a 1846     		mov	r0, r3
 431 003c 0C37     		adds	r7, r7, #12
 432 003e BD46     		mov	sp, r7
 433              		@ sp needed
 434 0040 5DF8047B 		ldr	r7, [sp], #4
 435 0044 7047     		bx	lr
 436              	.L48:
 437 0046 00BF     		.align	2
 438              	.L47:
 439 0048 00E100E0 		.word	-536813312
 440 004c 00ED00E0 		.word	-536810240
 442              		.section	.text.NVIC_EncodePriority,"ax",%progbits
 443              		.align	1
 444              		.syntax unified
 445              		.thumb
 446              		.thumb_func
 448              	NVIC_EncodePriority:
 449              		@ args = 0, pretend = 0, frame = 32
 450              		@ frame_needed = 1, uses_anonymous_args = 0
 451              		@ link register save eliminated.
 452 0000 80B4     		push	{r7}
 453 0002 89B0     		sub	sp, sp, #36
 454 0004 00AF     		add	r7, sp, #0
 455 0006 F860     		str	r0, [r7, #12]
 456 0008 B960     		str	r1, [r7, #8]
 457 000a 7A60     		str	r2, [r7, #4]
 458 000c FB68     		ldr	r3, [r7, #12]
 459 000e 03F00703 		and	r3, r3, #7
 460 0012 FB61     		str	r3, [r7, #28]
 461 0014 FB69     		ldr	r3, [r7, #28]
 462 0016 C3F10703 		rsb	r3, r3, #7
 463 001a 042B     		cmp	r3, #4
 464 001c 28BF     		it	cs
 465 001e 0423     		movcs	r3, #4
 466 0020 BB61     		str	r3, [r7, #24]
 467 0022 FB69     		ldr	r3, [r7, #28]
 468 0024 0433     		adds	r3, r3, #4
 469 0026 062B     		cmp	r3, #6
 470 0028 02D9     		bls	.L50
 471 002a FB69     		ldr	r3, [r7, #28]
 472 002c 033B     		subs	r3, r3, #3
 473 002e 00E0     		b	.L51
 474              	.L50:
 475 0030 0023     		movs	r3, #0
 476              	.L51:
 477 0032 7B61     		str	r3, [r7, #20]
ARM GAS  /var/folders/k1/1yttftd15rl7jxtpyc5m93n80000gn/T//ccP37BYL.s 			page 9


 478 0034 4FF0FF32 		mov	r2, #-1
 479 0038 BB69     		ldr	r3, [r7, #24]
 480 003a 02FA03F3 		lsl	r3, r2, r3
 481 003e DA43     		mvns	r2, r3
 482 0040 BB68     		ldr	r3, [r7, #8]
 483 0042 1A40     		ands	r2, r2, r3
 484 0044 7B69     		ldr	r3, [r7, #20]
 485 0046 9A40     		lsls	r2, r2, r3
 486 0048 4FF0FF31 		mov	r1, #-1
 487 004c 7B69     		ldr	r3, [r7, #20]
 488 004e 01FA03F3 		lsl	r3, r1, r3
 489 0052 D943     		mvns	r1, r3
 490 0054 7B68     		ldr	r3, [r7, #4]
 491 0056 0B40     		ands	r3, r3, r1
 492 0058 1343     		orrs	r3, r3, r2
 493 005a 1846     		mov	r0, r3
 494 005c 2437     		adds	r7, r7, #36
 495 005e BD46     		mov	sp, r7
 496              		@ sp needed
 497 0060 5DF8047B 		ldr	r7, [sp], #4
 498 0064 7047     		bx	lr
 500              		.section	.text.NVIC_DecodePriority,"ax",%progbits
 501              		.align	1
 502              		.syntax unified
 503              		.thumb
 504              		.thumb_func
 506              	NVIC_DecodePriority:
 507              		@ args = 0, pretend = 0, frame = 32
 508              		@ frame_needed = 1, uses_anonymous_args = 0
 509              		@ link register save eliminated.
 510 0000 80B4     		push	{r7}
 511 0002 89B0     		sub	sp, sp, #36
 512 0004 00AF     		add	r7, sp, #0
 513 0006 F860     		str	r0, [r7, #12]
 514 0008 B960     		str	r1, [r7, #8]
 515 000a 7A60     		str	r2, [r7, #4]
 516 000c 3B60     		str	r3, [r7]
 517 000e BB68     		ldr	r3, [r7, #8]
 518 0010 03F00703 		and	r3, r3, #7
 519 0014 FB61     		str	r3, [r7, #28]
 520 0016 FB69     		ldr	r3, [r7, #28]
 521 0018 C3F10703 		rsb	r3, r3, #7
 522 001c 042B     		cmp	r3, #4
 523 001e 28BF     		it	cs
 524 0020 0423     		movcs	r3, #4
 525 0022 BB61     		str	r3, [r7, #24]
 526 0024 FB69     		ldr	r3, [r7, #28]
 527 0026 0433     		adds	r3, r3, #4
 528 0028 062B     		cmp	r3, #6
 529 002a 02D9     		bls	.L54
 530 002c FB69     		ldr	r3, [r7, #28]
 531 002e 033B     		subs	r3, r3, #3
 532 0030 00E0     		b	.L55
 533              	.L54:
 534 0032 0023     		movs	r3, #0
 535              	.L55:
 536 0034 7B61     		str	r3, [r7, #20]
ARM GAS  /var/folders/k1/1yttftd15rl7jxtpyc5m93n80000gn/T//ccP37BYL.s 			page 10


 537 0036 FA68     		ldr	r2, [r7, #12]
 538 0038 7B69     		ldr	r3, [r7, #20]
 539 003a DA40     		lsrs	r2, r2, r3
 540 003c 4FF0FF31 		mov	r1, #-1
 541 0040 BB69     		ldr	r3, [r7, #24]
 542 0042 01FA03F3 		lsl	r3, r1, r3
 543 0046 DB43     		mvns	r3, r3
 544 0048 1A40     		ands	r2, r2, r3
 545 004a 7B68     		ldr	r3, [r7, #4]
 546 004c 1A60     		str	r2, [r3]
 547 004e 4FF0FF32 		mov	r2, #-1
 548 0052 7B69     		ldr	r3, [r7, #20]
 549 0054 02FA03F3 		lsl	r3, r2, r3
 550 0058 DA43     		mvns	r2, r3
 551 005a FB68     		ldr	r3, [r7, #12]
 552 005c 1A40     		ands	r2, r2, r3
 553 005e 3B68     		ldr	r3, [r7]
 554 0060 1A60     		str	r2, [r3]
 555 0062 00BF     		nop
 556 0064 2437     		adds	r7, r7, #36
 557 0066 BD46     		mov	sp, r7
 558              		@ sp needed
 559 0068 5DF8047B 		ldr	r7, [sp], #4
 560 006c 7047     		bx	lr
 562              		.section	.text.__NVIC_SystemReset,"ax",%progbits
 563              		.align	1
 564              		.syntax unified
 565              		.thumb
 566              		.thumb_func
 568              	__NVIC_SystemReset:
 569              		@ args = 0, pretend = 0, frame = 0
 570              		@ frame_needed = 1, uses_anonymous_args = 0
 571              		@ link register save eliminated.
 572 0000 80B4     		push	{r7}
 573 0002 00AF     		add	r7, sp, #0
 574              		.syntax unified
 575              	@ 946 "Drivers/CMSIS/Include/cmsis_gcc.h" 1
 576 0004 BFF34F8F 		dsb 0xF
 577              	@ 0 "" 2
 578              		.thumb
 579              		.syntax unified
 580 0008 00BF     		nop
 581 000a 064B     		ldr	r3, .L58
 582 000c DB68     		ldr	r3, [r3, #12]
 583 000e 03F4E062 		and	r2, r3, #1792
 584 0012 0449     		ldr	r1, .L58
 585 0014 044B     		ldr	r3, .L58+4
 586 0016 1343     		orrs	r3, r3, r2
 587 0018 CB60     		str	r3, [r1, #12]
 588              		.syntax unified
 589              	@ 946 "Drivers/CMSIS/Include/cmsis_gcc.h" 1
 590 001a BFF34F8F 		dsb 0xF
 591              	@ 0 "" 2
 592              		.thumb
 593              		.syntax unified
 594 001e 00BF     		nop
 595              	.L57:
ARM GAS  /var/folders/k1/1yttftd15rl7jxtpyc5m93n80000gn/T//ccP37BYL.s 			page 11


 596              		.syntax unified
 597              	@ 1944 "Drivers/CMSIS/Include/core_cm4.h" 1
 598 0020 00BF     		nop
 599              	@ 0 "" 2
 600              		.thumb
 601              		.syntax unified
 602 0022 FDE7     		b	.L57
 603              	.L59:
 604              		.align	2
 605              	.L58:
 606 0024 00ED00E0 		.word	-536810240
 607 0028 0400FA05 		.word	100270084
 609              		.section	.text.SysTick_Config,"ax",%progbits
 610              		.align	1
 611              		.syntax unified
 612              		.thumb
 613              		.thumb_func
 615              	SysTick_Config:
 616              		@ args = 0, pretend = 0, frame = 8
 617              		@ frame_needed = 1, uses_anonymous_args = 0
 618 0000 80B5     		push	{r7, lr}
 619 0002 82B0     		sub	sp, sp, #8
 620 0004 00AF     		add	r7, sp, #0
 621 0006 7860     		str	r0, [r7, #4]
 622 0008 7B68     		ldr	r3, [r7, #4]
 623 000a 013B     		subs	r3, r3, #1
 624 000c B3F1807F 		cmp	r3, #16777216
 625 0010 01D3     		bcc	.L61
 626 0012 0123     		movs	r3, #1
 627 0014 0FE0     		b	.L62
 628              	.L61:
 629 0016 0A4A     		ldr	r2, .L63
 630 0018 7B68     		ldr	r3, [r7, #4]
 631 001a 013B     		subs	r3, r3, #1
 632 001c 5360     		str	r3, [r2, #4]
 633 001e 0F21     		movs	r1, #15
 634 0020 4FF0FF30 		mov	r0, #-1
 635 0024 FFF7FEFF 		bl	__NVIC_SetPriority
 636 0028 054B     		ldr	r3, .L63
 637 002a 0022     		movs	r2, #0
 638 002c 9A60     		str	r2, [r3, #8]
 639 002e 044B     		ldr	r3, .L63
 640 0030 0722     		movs	r2, #7
 641 0032 1A60     		str	r2, [r3]
 642 0034 0023     		movs	r3, #0
 643              	.L62:
 644 0036 1846     		mov	r0, r3
 645 0038 0837     		adds	r7, r7, #8
 646 003a BD46     		mov	sp, r7
 647              		@ sp needed
 648 003c 80BD     		pop	{r7, pc}
 649              	.L64:
 650 003e 00BF     		.align	2
 651              	.L63:
 652 0040 10E000E0 		.word	-536813552
 654              		.section	.text.HAL_NVIC_SetPriorityGrouping,"ax",%progbits
 655              		.align	1
ARM GAS  /var/folders/k1/1yttftd15rl7jxtpyc5m93n80000gn/T//ccP37BYL.s 			page 12


 656              		.global	HAL_NVIC_SetPriorityGrouping
 657              		.syntax unified
 658              		.thumb
 659              		.thumb_func
 661              	HAL_NVIC_SetPriorityGrouping:
 662              		@ args = 0, pretend = 0, frame = 8
 663              		@ frame_needed = 1, uses_anonymous_args = 0
 664 0000 80B5     		push	{r7, lr}
 665 0002 82B0     		sub	sp, sp, #8
 666 0004 00AF     		add	r7, sp, #0
 667 0006 7860     		str	r0, [r7, #4]
 668 0008 7868     		ldr	r0, [r7, #4]
 669 000a FFF7FEFF 		bl	__NVIC_SetPriorityGrouping
 670 000e 00BF     		nop
 671 0010 0837     		adds	r7, r7, #8
 672 0012 BD46     		mov	sp, r7
 673              		@ sp needed
 674 0014 80BD     		pop	{r7, pc}
 676              		.section	.text.HAL_NVIC_SetPriority,"ax",%progbits
 677              		.align	1
 678              		.global	HAL_NVIC_SetPriority
 679              		.syntax unified
 680              		.thumb
 681              		.thumb_func
 683              	HAL_NVIC_SetPriority:
 684              		@ args = 0, pretend = 0, frame = 24
 685              		@ frame_needed = 1, uses_anonymous_args = 0
 686 0000 80B5     		push	{r7, lr}
 687 0002 86B0     		sub	sp, sp, #24
 688 0004 00AF     		add	r7, sp, #0
 689 0006 0346     		mov	r3, r0
 690 0008 B960     		str	r1, [r7, #8]
 691 000a 7A60     		str	r2, [r7, #4]
 692 000c FB73     		strb	r3, [r7, #15]
 693 000e FFF7FEFF 		bl	__NVIC_GetPriorityGrouping
 694 0012 7861     		str	r0, [r7, #20]
 695 0014 7A68     		ldr	r2, [r7, #4]
 696 0016 B968     		ldr	r1, [r7, #8]
 697 0018 7869     		ldr	r0, [r7, #20]
 698 001a FFF7FEFF 		bl	NVIC_EncodePriority
 699 001e 0246     		mov	r2, r0
 700 0020 97F90F30 		ldrsb	r3, [r7, #15]
 701 0024 1146     		mov	r1, r2
 702 0026 1846     		mov	r0, r3
 703 0028 FFF7FEFF 		bl	__NVIC_SetPriority
 704 002c 00BF     		nop
 705 002e 1837     		adds	r7, r7, #24
 706 0030 BD46     		mov	sp, r7
 707              		@ sp needed
 708 0032 80BD     		pop	{r7, pc}
 710              		.section	.text.HAL_NVIC_EnableIRQ,"ax",%progbits
 711              		.align	1
 712              		.global	HAL_NVIC_EnableIRQ
 713              		.syntax unified
 714              		.thumb
 715              		.thumb_func
 717              	HAL_NVIC_EnableIRQ:
ARM GAS  /var/folders/k1/1yttftd15rl7jxtpyc5m93n80000gn/T//ccP37BYL.s 			page 13


 718              		@ args = 0, pretend = 0, frame = 8
 719              		@ frame_needed = 1, uses_anonymous_args = 0
 720 0000 80B5     		push	{r7, lr}
 721 0002 82B0     		sub	sp, sp, #8
 722 0004 00AF     		add	r7, sp, #0
 723 0006 0346     		mov	r3, r0
 724 0008 FB71     		strb	r3, [r7, #7]
 725 000a 97F90730 		ldrsb	r3, [r7, #7]
 726 000e 1846     		mov	r0, r3
 727 0010 FFF7FEFF 		bl	__NVIC_EnableIRQ
 728 0014 00BF     		nop
 729 0016 0837     		adds	r7, r7, #8
 730 0018 BD46     		mov	sp, r7
 731              		@ sp needed
 732 001a 80BD     		pop	{r7, pc}
 734              		.section	.text.HAL_NVIC_DisableIRQ,"ax",%progbits
 735              		.align	1
 736              		.global	HAL_NVIC_DisableIRQ
 737              		.syntax unified
 738              		.thumb
 739              		.thumb_func
 741              	HAL_NVIC_DisableIRQ:
 742              		@ args = 0, pretend = 0, frame = 8
 743              		@ frame_needed = 1, uses_anonymous_args = 0
 744 0000 80B5     		push	{r7, lr}
 745 0002 82B0     		sub	sp, sp, #8
 746 0004 00AF     		add	r7, sp, #0
 747 0006 0346     		mov	r3, r0
 748 0008 FB71     		strb	r3, [r7, #7]
 749 000a 97F90730 		ldrsb	r3, [r7, #7]
 750 000e 1846     		mov	r0, r3
 751 0010 FFF7FEFF 		bl	__NVIC_DisableIRQ
 752 0014 00BF     		nop
 753 0016 0837     		adds	r7, r7, #8
 754 0018 BD46     		mov	sp, r7
 755              		@ sp needed
 756 001a 80BD     		pop	{r7, pc}
 758              		.section	.text.HAL_NVIC_SystemReset,"ax",%progbits
 759              		.align	1
 760              		.global	HAL_NVIC_SystemReset
 761              		.syntax unified
 762              		.thumb
 763              		.thumb_func
 765              	HAL_NVIC_SystemReset:
 766              		@ args = 0, pretend = 0, frame = 0
 767              		@ frame_needed = 1, uses_anonymous_args = 0
 768 0000 80B5     		push	{r7, lr}
 769 0002 00AF     		add	r7, sp, #0
 770 0004 FFF7FEFF 		bl	__NVIC_SystemReset
 772              		.section	.text.HAL_SYSTICK_Config,"ax",%progbits
 773              		.align	1
 774              		.global	HAL_SYSTICK_Config
 775              		.syntax unified
 776              		.thumb
 777              		.thumb_func
 779              	HAL_SYSTICK_Config:
 780              		@ args = 0, pretend = 0, frame = 8
ARM GAS  /var/folders/k1/1yttftd15rl7jxtpyc5m93n80000gn/T//ccP37BYL.s 			page 14


 781              		@ frame_needed = 1, uses_anonymous_args = 0
 782 0000 80B5     		push	{r7, lr}
 783 0002 82B0     		sub	sp, sp, #8
 784 0004 00AF     		add	r7, sp, #0
 785 0006 7860     		str	r0, [r7, #4]
 786 0008 7868     		ldr	r0, [r7, #4]
 787 000a FFF7FEFF 		bl	SysTick_Config
 788 000e 0346     		mov	r3, r0
 789 0010 1846     		mov	r0, r3
 790 0012 0837     		adds	r7, r7, #8
 791 0014 BD46     		mov	sp, r7
 792              		@ sp needed
 793 0016 80BD     		pop	{r7, pc}
 795              		.section	.text.HAL_NVIC_GetPriorityGrouping,"ax",%progbits
 796              		.align	1
 797              		.global	HAL_NVIC_GetPriorityGrouping
 798              		.syntax unified
 799              		.thumb
 800              		.thumb_func
 802              	HAL_NVIC_GetPriorityGrouping:
 803              		@ args = 0, pretend = 0, frame = 0
 804              		@ frame_needed = 1, uses_anonymous_args = 0
 805 0000 80B5     		push	{r7, lr}
 806 0002 00AF     		add	r7, sp, #0
 807 0004 FFF7FEFF 		bl	__NVIC_GetPriorityGrouping
 808 0008 0346     		mov	r3, r0
 809 000a 1846     		mov	r0, r3
 810 000c 80BD     		pop	{r7, pc}
 812              		.section	.text.HAL_NVIC_GetPriority,"ax",%progbits
 813              		.align	1
 814              		.global	HAL_NVIC_GetPriority
 815              		.syntax unified
 816              		.thumb
 817              		.thumb_func
 819              	HAL_NVIC_GetPriority:
 820              		@ args = 0, pretend = 0, frame = 16
 821              		@ frame_needed = 1, uses_anonymous_args = 0
 822 0000 80B5     		push	{r7, lr}
 823 0002 84B0     		sub	sp, sp, #16
 824 0004 00AF     		add	r7, sp, #0
 825 0006 B960     		str	r1, [r7, #8]
 826 0008 7A60     		str	r2, [r7, #4]
 827 000a 3B60     		str	r3, [r7]
 828 000c 0346     		mov	r3, r0
 829 000e FB73     		strb	r3, [r7, #15]
 830 0010 97F90F30 		ldrsb	r3, [r7, #15]
 831 0014 1846     		mov	r0, r3
 832 0016 FFF7FEFF 		bl	__NVIC_GetPriority
 833 001a 3B68     		ldr	r3, [r7]
 834 001c 7A68     		ldr	r2, [r7, #4]
 835 001e B968     		ldr	r1, [r7, #8]
 836 0020 FFF7FEFF 		bl	NVIC_DecodePriority
 837 0024 00BF     		nop
 838 0026 1037     		adds	r7, r7, #16
 839 0028 BD46     		mov	sp, r7
 840              		@ sp needed
 841 002a 80BD     		pop	{r7, pc}
ARM GAS  /var/folders/k1/1yttftd15rl7jxtpyc5m93n80000gn/T//ccP37BYL.s 			page 15


 843              		.section	.text.HAL_NVIC_SetPendingIRQ,"ax",%progbits
 844              		.align	1
 845              		.global	HAL_NVIC_SetPendingIRQ
 846              		.syntax unified
 847              		.thumb
 848              		.thumb_func
 850              	HAL_NVIC_SetPendingIRQ:
 851              		@ args = 0, pretend = 0, frame = 8
 852              		@ frame_needed = 1, uses_anonymous_args = 0
 853 0000 80B5     		push	{r7, lr}
 854 0002 82B0     		sub	sp, sp, #8
 855 0004 00AF     		add	r7, sp, #0
 856 0006 0346     		mov	r3, r0
 857 0008 FB71     		strb	r3, [r7, #7]
 858 000a 97F90730 		ldrsb	r3, [r7, #7]
 859 000e 1846     		mov	r0, r3
 860 0010 FFF7FEFF 		bl	__NVIC_SetPendingIRQ
 861 0014 00BF     		nop
 862 0016 0837     		adds	r7, r7, #8
 863 0018 BD46     		mov	sp, r7
 864              		@ sp needed
 865 001a 80BD     		pop	{r7, pc}
 867              		.section	.text.HAL_NVIC_GetPendingIRQ,"ax",%progbits
 868              		.align	1
 869              		.global	HAL_NVIC_GetPendingIRQ
 870              		.syntax unified
 871              		.thumb
 872              		.thumb_func
 874              	HAL_NVIC_GetPendingIRQ:
 875              		@ args = 0, pretend = 0, frame = 8
 876              		@ frame_needed = 1, uses_anonymous_args = 0
 877 0000 80B5     		push	{r7, lr}
 878 0002 82B0     		sub	sp, sp, #8
 879 0004 00AF     		add	r7, sp, #0
 880 0006 0346     		mov	r3, r0
 881 0008 FB71     		strb	r3, [r7, #7]
 882 000a 97F90730 		ldrsb	r3, [r7, #7]
 883 000e 1846     		mov	r0, r3
 884 0010 FFF7FEFF 		bl	__NVIC_GetPendingIRQ
 885 0014 0346     		mov	r3, r0
 886 0016 1846     		mov	r0, r3
 887 0018 0837     		adds	r7, r7, #8
 888 001a BD46     		mov	sp, r7
 889              		@ sp needed
 890 001c 80BD     		pop	{r7, pc}
 892              		.section	.text.HAL_NVIC_ClearPendingIRQ,"ax",%progbits
 893              		.align	1
 894              		.global	HAL_NVIC_ClearPendingIRQ
 895              		.syntax unified
 896              		.thumb
 897              		.thumb_func
 899              	HAL_NVIC_ClearPendingIRQ:
 900              		@ args = 0, pretend = 0, frame = 8
 901              		@ frame_needed = 1, uses_anonymous_args = 0
 902 0000 80B5     		push	{r7, lr}
 903 0002 82B0     		sub	sp, sp, #8
 904 0004 00AF     		add	r7, sp, #0
ARM GAS  /var/folders/k1/1yttftd15rl7jxtpyc5m93n80000gn/T//ccP37BYL.s 			page 16


 905 0006 0346     		mov	r3, r0
 906 0008 FB71     		strb	r3, [r7, #7]
 907 000a 97F90730 		ldrsb	r3, [r7, #7]
 908 000e 1846     		mov	r0, r3
 909 0010 FFF7FEFF 		bl	__NVIC_ClearPendingIRQ
 910 0014 00BF     		nop
 911 0016 0837     		adds	r7, r7, #8
 912 0018 BD46     		mov	sp, r7
 913              		@ sp needed
 914 001a 80BD     		pop	{r7, pc}
 916              		.section	.text.HAL_NVIC_GetActive,"ax",%progbits
 917              		.align	1
 918              		.global	HAL_NVIC_GetActive
 919              		.syntax unified
 920              		.thumb
 921              		.thumb_func
 923              	HAL_NVIC_GetActive:
 924              		@ args = 0, pretend = 0, frame = 8
 925              		@ frame_needed = 1, uses_anonymous_args = 0
 926 0000 80B5     		push	{r7, lr}
 927 0002 82B0     		sub	sp, sp, #8
 928 0004 00AF     		add	r7, sp, #0
 929 0006 0346     		mov	r3, r0
 930 0008 FB71     		strb	r3, [r7, #7]
 931 000a 97F90730 		ldrsb	r3, [r7, #7]
 932 000e 1846     		mov	r0, r3
 933 0010 FFF7FEFF 		bl	__NVIC_GetActive
 934 0014 0346     		mov	r3, r0
 935 0016 1846     		mov	r0, r3
 936 0018 0837     		adds	r7, r7, #8
 937 001a BD46     		mov	sp, r7
 938              		@ sp needed
 939 001c 80BD     		pop	{r7, pc}
 941              		.section	.text.HAL_SYSTICK_CLKSourceConfig,"ax",%progbits
 942              		.align	1
 943              		.global	HAL_SYSTICK_CLKSourceConfig
 944              		.syntax unified
 945              		.thumb
 946              		.thumb_func
 948              	HAL_SYSTICK_CLKSourceConfig:
 949              		@ args = 0, pretend = 0, frame = 8
 950              		@ frame_needed = 1, uses_anonymous_args = 0
 951              		@ link register save eliminated.
 952 0000 80B4     		push	{r7}
 953 0002 83B0     		sub	sp, sp, #12
 954 0004 00AF     		add	r7, sp, #0
 955 0006 7860     		str	r0, [r7, #4]
 956 0008 7B68     		ldr	r3, [r7, #4]
 957 000a 042B     		cmp	r3, #4
 958 000c 06D1     		bne	.L82
 959 000e 094B     		ldr	r3, .L85
 960 0010 1B68     		ldr	r3, [r3]
 961 0012 084A     		ldr	r2, .L85
 962 0014 43F00403 		orr	r3, r3, #4
 963 0018 1360     		str	r3, [r2]
 964 001a 05E0     		b	.L84
 965              	.L82:
ARM GAS  /var/folders/k1/1yttftd15rl7jxtpyc5m93n80000gn/T//ccP37BYL.s 			page 17


 966 001c 054B     		ldr	r3, .L85
 967 001e 1B68     		ldr	r3, [r3]
 968 0020 044A     		ldr	r2, .L85
 969 0022 23F00403 		bic	r3, r3, #4
 970 0026 1360     		str	r3, [r2]
 971              	.L84:
 972 0028 00BF     		nop
 973 002a 0C37     		adds	r7, r7, #12
 974 002c BD46     		mov	sp, r7
 975              		@ sp needed
 976 002e 5DF8047B 		ldr	r7, [sp], #4
 977 0032 7047     		bx	lr
 978              	.L86:
 979              		.align	2
 980              	.L85:
 981 0034 10E000E0 		.word	-536813552
 983              		.section	.text.HAL_SYSTICK_IRQHandler,"ax",%progbits
 984              		.align	1
 985              		.global	HAL_SYSTICK_IRQHandler
 986              		.syntax unified
 987              		.thumb
 988              		.thumb_func
 990              	HAL_SYSTICK_IRQHandler:
 991              		@ args = 0, pretend = 0, frame = 0
 992              		@ frame_needed = 1, uses_anonymous_args = 0
 993 0000 80B5     		push	{r7, lr}
 994 0002 00AF     		add	r7, sp, #0
 995 0004 FFF7FEFF 		bl	HAL_SYSTICK_Callback
 996 0008 00BF     		nop
 997 000a 80BD     		pop	{r7, pc}
 999              		.section	.text.HAL_SYSTICK_Callback,"ax",%progbits
 1000              		.align	1
 1001              		.weak	HAL_SYSTICK_Callback
 1002              		.syntax unified
 1003              		.thumb
 1004              		.thumb_func
 1006              	HAL_SYSTICK_Callback:
 1007              		@ args = 0, pretend = 0, frame = 0
 1008              		@ frame_needed = 1, uses_anonymous_args = 0
 1009              		@ link register save eliminated.
 1010 0000 80B4     		push	{r7}
 1011 0002 00AF     		add	r7, sp, #0
 1012 0004 00BF     		nop
 1013 0006 BD46     		mov	sp, r7
 1014              		@ sp needed
 1015 0008 5DF8047B 		ldr	r7, [sp], #4
 1016 000c 7047     		bx	lr
 1018              		.section	.text.HAL_MPU_Enable,"ax",%progbits
 1019              		.align	1
 1020              		.global	HAL_MPU_Enable
 1021              		.syntax unified
 1022              		.thumb
 1023              		.thumb_func
 1025              	HAL_MPU_Enable:
 1026              		@ args = 0, pretend = 0, frame = 8
 1027              		@ frame_needed = 1, uses_anonymous_args = 0
 1028              		@ link register save eliminated.
ARM GAS  /var/folders/k1/1yttftd15rl7jxtpyc5m93n80000gn/T//ccP37BYL.s 			page 18


 1029 0000 80B4     		push	{r7}
 1030 0002 83B0     		sub	sp, sp, #12
 1031 0004 00AF     		add	r7, sp, #0
 1032 0006 7860     		str	r0, [r7, #4]
 1033 0008 084A     		ldr	r2, .L90
 1034 000a 7B68     		ldr	r3, [r7, #4]
 1035 000c 43F00103 		orr	r3, r3, #1
 1036 0010 5360     		str	r3, [r2, #4]
 1037              		.syntax unified
 1038              	@ 946 "Drivers/CMSIS/Include/cmsis_gcc.h" 1
 1039 0012 BFF34F8F 		dsb 0xF
 1040              	@ 0 "" 2
 1041              		.thumb
 1042              		.syntax unified
 1043 0016 00BF     		nop
 1044              		.syntax unified
 1045              	@ 935 "Drivers/CMSIS/Include/cmsis_gcc.h" 1
 1046 0018 BFF36F8F 		isb 0xF
 1047              	@ 0 "" 2
 1048              		.thumb
 1049              		.syntax unified
 1050 001c 00BF     		nop
 1051 001e 00BF     		nop
 1052 0020 0C37     		adds	r7, r7, #12
 1053 0022 BD46     		mov	sp, r7
 1054              		@ sp needed
 1055 0024 5DF8047B 		ldr	r7, [sp], #4
 1056 0028 7047     		bx	lr
 1057              	.L91:
 1058 002a 00BF     		.align	2
 1059              	.L90:
 1060 002c 90ED00E0 		.word	-536810096
 1062              		.section	.text.HAL_MPU_Disable,"ax",%progbits
 1063              		.align	1
 1064              		.global	HAL_MPU_Disable
 1065              		.syntax unified
 1066              		.thumb
 1067              		.thumb_func
 1069              	HAL_MPU_Disable:
 1070              		@ args = 0, pretend = 0, frame = 0
 1071              		@ frame_needed = 1, uses_anonymous_args = 0
 1072              		@ link register save eliminated.
 1073 0000 80B4     		push	{r7}
 1074 0002 00AF     		add	r7, sp, #0
 1075              		.syntax unified
 1076              	@ 957 "Drivers/CMSIS/Include/cmsis_gcc.h" 1
 1077 0004 BFF35F8F 		dmb 0xF
 1078              	@ 0 "" 2
 1079              		.thumb
 1080              		.syntax unified
 1081 0008 00BF     		nop
 1082 000a 044B     		ldr	r3, .L93
 1083 000c 0022     		movs	r2, #0
 1084 000e 5A60     		str	r2, [r3, #4]
 1085 0010 00BF     		nop
 1086 0012 BD46     		mov	sp, r7
 1087              		@ sp needed
ARM GAS  /var/folders/k1/1yttftd15rl7jxtpyc5m93n80000gn/T//ccP37BYL.s 			page 19


 1088 0014 5DF8047B 		ldr	r7, [sp], #4
 1089 0018 7047     		bx	lr
 1090              	.L94:
 1091 001a 00BF     		.align	2
 1092              	.L93:
 1093 001c 90ED00E0 		.word	-536810096
 1095              		.section	.text.HAL_MPU_EnableRegion,"ax",%progbits
 1096              		.align	1
 1097              		.global	HAL_MPU_EnableRegion
 1098              		.syntax unified
 1099              		.thumb
 1100              		.thumb_func
 1102              	HAL_MPU_EnableRegion:
 1103              		@ args = 0, pretend = 0, frame = 8
 1104              		@ frame_needed = 1, uses_anonymous_args = 0
 1105              		@ link register save eliminated.
 1106 0000 80B4     		push	{r7}
 1107 0002 83B0     		sub	sp, sp, #12
 1108 0004 00AF     		add	r7, sp, #0
 1109 0006 7860     		str	r0, [r7, #4]
 1110 0008 074A     		ldr	r2, .L96
 1111 000a 7B68     		ldr	r3, [r7, #4]
 1112 000c 9360     		str	r3, [r2, #8]
 1113 000e 064B     		ldr	r3, .L96
 1114 0010 1B69     		ldr	r3, [r3, #16]
 1115 0012 054A     		ldr	r2, .L96
 1116 0014 43F00103 		orr	r3, r3, #1
 1117 0018 1361     		str	r3, [r2, #16]
 1118 001a 00BF     		nop
 1119 001c 0C37     		adds	r7, r7, #12
 1120 001e BD46     		mov	sp, r7
 1121              		@ sp needed
 1122 0020 5DF8047B 		ldr	r7, [sp], #4
 1123 0024 7047     		bx	lr
 1124              	.L97:
 1125 0026 00BF     		.align	2
 1126              	.L96:
 1127 0028 90ED00E0 		.word	-536810096
 1129              		.section	.text.HAL_MPU_DisableRegion,"ax",%progbits
 1130              		.align	1
 1131              		.global	HAL_MPU_DisableRegion
 1132              		.syntax unified
 1133              		.thumb
 1134              		.thumb_func
 1136              	HAL_MPU_DisableRegion:
 1137              		@ args = 0, pretend = 0, frame = 8
 1138              		@ frame_needed = 1, uses_anonymous_args = 0
 1139              		@ link register save eliminated.
 1140 0000 80B4     		push	{r7}
 1141 0002 83B0     		sub	sp, sp, #12
 1142 0004 00AF     		add	r7, sp, #0
 1143 0006 7860     		str	r0, [r7, #4]
 1144 0008 074A     		ldr	r2, .L99
 1145 000a 7B68     		ldr	r3, [r7, #4]
 1146 000c 9360     		str	r3, [r2, #8]
 1147 000e 064B     		ldr	r3, .L99
 1148 0010 1B69     		ldr	r3, [r3, #16]
ARM GAS  /var/folders/k1/1yttftd15rl7jxtpyc5m93n80000gn/T//ccP37BYL.s 			page 20


 1149 0012 054A     		ldr	r2, .L99
 1150 0014 23F00103 		bic	r3, r3, #1
 1151 0018 1361     		str	r3, [r2, #16]
 1152 001a 00BF     		nop
 1153 001c 0C37     		adds	r7, r7, #12
 1154 001e BD46     		mov	sp, r7
 1155              		@ sp needed
 1156 0020 5DF8047B 		ldr	r7, [sp], #4
 1157 0024 7047     		bx	lr
 1158              	.L100:
 1159 0026 00BF     		.align	2
 1160              	.L99:
 1161 0028 90ED00E0 		.word	-536810096
 1163              		.section	.text.HAL_MPU_ConfigRegion,"ax",%progbits
 1164              		.align	1
 1165              		.global	HAL_MPU_ConfigRegion
 1166              		.syntax unified
 1167              		.thumb
 1168              		.thumb_func
 1170              	HAL_MPU_ConfigRegion:
 1171              		@ args = 0, pretend = 0, frame = 8
 1172              		@ frame_needed = 1, uses_anonymous_args = 0
 1173              		@ link register save eliminated.
 1174 0000 80B4     		push	{r7}
 1175 0002 83B0     		sub	sp, sp, #12
 1176 0004 00AF     		add	r7, sp, #0
 1177 0006 7860     		str	r0, [r7, #4]
 1178 0008 7B68     		ldr	r3, [r7, #4]
 1179 000a 5A78     		ldrb	r2, [r3, #1]	@ zero_extendqisi2
 1180 000c 1B4B     		ldr	r3, .L102
 1181 000e 9A60     		str	r2, [r3, #8]
 1182 0010 1A4B     		ldr	r3, .L102
 1183 0012 1B69     		ldr	r3, [r3, #16]
 1184 0014 194A     		ldr	r2, .L102
 1185 0016 23F00103 		bic	r3, r3, #1
 1186 001a 1361     		str	r3, [r2, #16]
 1187 001c 174A     		ldr	r2, .L102
 1188 001e 7B68     		ldr	r3, [r7, #4]
 1189 0020 5B68     		ldr	r3, [r3, #4]
 1190 0022 D360     		str	r3, [r2, #12]
 1191 0024 7B68     		ldr	r3, [r7, #4]
 1192 0026 1B7B     		ldrb	r3, [r3, #12]	@ zero_extendqisi2
 1193 0028 1A07     		lsls	r2, r3, #28
 1194 002a 7B68     		ldr	r3, [r7, #4]
 1195 002c DB7A     		ldrb	r3, [r3, #11]	@ zero_extendqisi2
 1196 002e 1B06     		lsls	r3, r3, #24
 1197 0030 1A43     		orrs	r2, r2, r3
 1198 0032 7B68     		ldr	r3, [r7, #4]
 1199 0034 9B7A     		ldrb	r3, [r3, #10]	@ zero_extendqisi2
 1200 0036 DB04     		lsls	r3, r3, #19
 1201 0038 1A43     		orrs	r2, r2, r3
 1202 003a 7B68     		ldr	r3, [r7, #4]
 1203 003c 5B7B     		ldrb	r3, [r3, #13]	@ zero_extendqisi2
 1204 003e 9B04     		lsls	r3, r3, #18
 1205 0040 1A43     		orrs	r2, r2, r3
 1206 0042 7B68     		ldr	r3, [r7, #4]
 1207 0044 9B7B     		ldrb	r3, [r3, #14]	@ zero_extendqisi2
ARM GAS  /var/folders/k1/1yttftd15rl7jxtpyc5m93n80000gn/T//ccP37BYL.s 			page 21


 1208 0046 5B04     		lsls	r3, r3, #17
 1209 0048 1A43     		orrs	r2, r2, r3
 1210 004a 7B68     		ldr	r3, [r7, #4]
 1211 004c DB7B     		ldrb	r3, [r3, #15]	@ zero_extendqisi2
 1212 004e 1B04     		lsls	r3, r3, #16
 1213 0050 1A43     		orrs	r2, r2, r3
 1214 0052 7B68     		ldr	r3, [r7, #4]
 1215 0054 5B7A     		ldrb	r3, [r3, #9]	@ zero_extendqisi2
 1216 0056 1B02     		lsls	r3, r3, #8
 1217 0058 1A43     		orrs	r2, r2, r3
 1218 005a 7B68     		ldr	r3, [r7, #4]
 1219 005c 1B7A     		ldrb	r3, [r3, #8]	@ zero_extendqisi2
 1220 005e 5B00     		lsls	r3, r3, #1
 1221 0060 1343     		orrs	r3, r3, r2
 1222 0062 7A68     		ldr	r2, [r7, #4]
 1223 0064 1278     		ldrb	r2, [r2]	@ zero_extendqisi2
 1224 0066 1146     		mov	r1, r2
 1225 0068 044A     		ldr	r2, .L102
 1226 006a 0B43     		orrs	r3, r3, r1
 1227 006c 1361     		str	r3, [r2, #16]
 1228 006e 00BF     		nop
 1229 0070 0C37     		adds	r7, r7, #12
 1230 0072 BD46     		mov	sp, r7
 1231              		@ sp needed
 1232 0074 5DF8047B 		ldr	r7, [sp], #4
 1233 0078 7047     		bx	lr
 1234              	.L103:
 1235 007a 00BF     		.align	2
 1236              	.L102:
 1237 007c 90ED00E0 		.word	-536810096
 1239              		.ident	"GCC: (GNU Tools for STM32 14.3.rel1.20251027-0700) 14.3.1 20250623"
ARM GAS  /var/folders/k1/1yttftd15rl7jxtpyc5m93n80000gn/T//ccP37BYL.s 			page 22


DEFINED SYMBOLS
                            *ABS*:00000000 stm32g4xx_hal_cortex.c
/var/folders/k1/1yttftd15rl7jxtpyc5m93n80000gn/T//ccP37BYL.s:18     .text.__NVIC_SetPriorityGrouping:00000000 $t
/var/folders/k1/1yttftd15rl7jxtpyc5m93n80000gn/T//ccP37BYL.s:23     .text.__NVIC_SetPriorityGrouping:00000000 __NVIC_SetPriorityGrouping
/var/folders/k1/1yttftd15rl7jxtpyc5m93n80000gn/T//ccP37BYL.s:60     .text.__NVIC_SetPriorityGrouping:00000044 $d
/var/folders/k1/1yttftd15rl7jxtpyc5m93n80000gn/T//ccP37BYL.s:63     .text.__NVIC_GetPriorityGrouping:00000000 $t
/var/folders/k1/1yttftd15rl7jxtpyc5m93n80000gn/T//ccP37BYL.s:68     .text.__NVIC_GetPriorityGrouping:00000000 __NVIC_GetPriorityGrouping
/var/folders/k1/1yttftd15rl7jxtpyc5m93n80000gn/T//ccP37BYL.s:86     .text.__NVIC_GetPriorityGrouping:00000018 $d
/var/folders/k1/1yttftd15rl7jxtpyc5m93n80000gn/T//ccP37BYL.s:89     .text.__NVIC_EnableIRQ:00000000 $t
/var/folders/k1/1yttftd15rl7jxtpyc5m93n80000gn/T//ccP37BYL.s:94     .text.__NVIC_EnableIRQ:00000000 __NVIC_EnableIRQ
/var/folders/k1/1yttftd15rl7jxtpyc5m93n80000gn/T//ccP37BYL.s:124    .text.__NVIC_EnableIRQ:00000038 $d
/var/folders/k1/1yttftd15rl7jxtpyc5m93n80000gn/T//ccP37BYL.s:127    .text.__NVIC_DisableIRQ:00000000 $t
/var/folders/k1/1yttftd15rl7jxtpyc5m93n80000gn/T//ccP37BYL.s:132    .text.__NVIC_DisableIRQ:00000000 __NVIC_DisableIRQ
/var/folders/k1/1yttftd15rl7jxtpyc5m93n80000gn/T//ccP37BYL.s:177    .text.__NVIC_DisableIRQ:00000044 $d
/var/folders/k1/1yttftd15rl7jxtpyc5m93n80000gn/T//ccP37BYL.s:180    .text.__NVIC_GetPendingIRQ:00000000 $t
/var/folders/k1/1yttftd15rl7jxtpyc5m93n80000gn/T//ccP37BYL.s:185    .text.__NVIC_GetPendingIRQ:00000000 __NVIC_GetPendingIRQ
/var/folders/k1/1yttftd15rl7jxtpyc5m93n80000gn/T//ccP37BYL.s:219    .text.__NVIC_GetPendingIRQ:00000040 $d
/var/folders/k1/1yttftd15rl7jxtpyc5m93n80000gn/T//ccP37BYL.s:222    .text.__NVIC_SetPendingIRQ:00000000 $t
/var/folders/k1/1yttftd15rl7jxtpyc5m93n80000gn/T//ccP37BYL.s:227    .text.__NVIC_SetPendingIRQ:00000000 __NVIC_SetPendingIRQ
/var/folders/k1/1yttftd15rl7jxtpyc5m93n80000gn/T//ccP37BYL.s:258    .text.__NVIC_SetPendingIRQ:00000038 $d
/var/folders/k1/1yttftd15rl7jxtpyc5m93n80000gn/T//ccP37BYL.s:261    .text.__NVIC_ClearPendingIRQ:00000000 $t
/var/folders/k1/1yttftd15rl7jxtpyc5m93n80000gn/T//ccP37BYL.s:266    .text.__NVIC_ClearPendingIRQ:00000000 __NVIC_ClearPendingIRQ
/var/folders/k1/1yttftd15rl7jxtpyc5m93n80000gn/T//ccP37BYL.s:297    .text.__NVIC_ClearPendingIRQ:00000038 $d
/var/folders/k1/1yttftd15rl7jxtpyc5m93n80000gn/T//ccP37BYL.s:300    .text.__NVIC_GetActive:00000000 $t
/var/folders/k1/1yttftd15rl7jxtpyc5m93n80000gn/T//ccP37BYL.s:305    .text.__NVIC_GetActive:00000000 __NVIC_GetActive
/var/folders/k1/1yttftd15rl7jxtpyc5m93n80000gn/T//ccP37BYL.s:339    .text.__NVIC_GetActive:00000040 $d
/var/folders/k1/1yttftd15rl7jxtpyc5m93n80000gn/T//ccP37BYL.s:342    .text.__NVIC_SetPriority:00000000 $t
/var/folders/k1/1yttftd15rl7jxtpyc5m93n80000gn/T//ccP37BYL.s:347    .text.__NVIC_SetPriority:00000000 __NVIC_SetPriority
/var/folders/k1/1yttftd15rl7jxtpyc5m93n80000gn/T//ccP37BYL.s:390    .text.__NVIC_SetPriority:0000004c $d
/var/folders/k1/1yttftd15rl7jxtpyc5m93n80000gn/T//ccP37BYL.s:394    .text.__NVIC_GetPriority:00000000 $t
/var/folders/k1/1yttftd15rl7jxtpyc5m93n80000gn/T//ccP37BYL.s:399    .text.__NVIC_GetPriority:00000000 __NVIC_GetPriority
/var/folders/k1/1yttftd15rl7jxtpyc5m93n80000gn/T//ccP37BYL.s:439    .text.__NVIC_GetPriority:00000048 $d
/var/folders/k1/1yttftd15rl7jxtpyc5m93n80000gn/T//ccP37BYL.s:443    .text.NVIC_EncodePriority:00000000 $t
/var/folders/k1/1yttftd15rl7jxtpyc5m93n80000gn/T//ccP37BYL.s:448    .text.NVIC_EncodePriority:00000000 NVIC_EncodePriority
/var/folders/k1/1yttftd15rl7jxtpyc5m93n80000gn/T//ccP37BYL.s:501    .text.NVIC_DecodePriority:00000000 $t
/var/folders/k1/1yttftd15rl7jxtpyc5m93n80000gn/T//ccP37BYL.s:506    .text.NVIC_DecodePriority:00000000 NVIC_DecodePriority
/var/folders/k1/1yttftd15rl7jxtpyc5m93n80000gn/T//ccP37BYL.s:563    .text.__NVIC_SystemReset:00000000 $t
/var/folders/k1/1yttftd15rl7jxtpyc5m93n80000gn/T//ccP37BYL.s:568    .text.__NVIC_SystemReset:00000000 __NVIC_SystemReset
/var/folders/k1/1yttftd15rl7jxtpyc5m93n80000gn/T//ccP37BYL.s:606    .text.__NVIC_SystemReset:00000024 $d
/var/folders/k1/1yttftd15rl7jxtpyc5m93n80000gn/T//ccP37BYL.s:610    .text.SysTick_Config:00000000 $t
/var/folders/k1/1yttftd15rl7jxtpyc5m93n80000gn/T//ccP37BYL.s:615    .text.SysTick_Config:00000000 SysTick_Config
/var/folders/k1/1yttftd15rl7jxtpyc5m93n80000gn/T//ccP37BYL.s:652    .text.SysTick_Config:00000040 $d
/var/folders/k1/1yttftd15rl7jxtpyc5m93n80000gn/T//ccP37BYL.s:655    .text.HAL_NVIC_SetPriorityGrouping:00000000 $t
/var/folders/k1/1yttftd15rl7jxtpyc5m93n80000gn/T//ccP37BYL.s:661    .text.HAL_NVIC_SetPriorityGrouping:00000000 HAL_NVIC_SetPriorityGrouping
/var/folders/k1/1yttftd15rl7jxtpyc5m93n80000gn/T//ccP37BYL.s:677    .text.HAL_NVIC_SetPriority:00000000 $t
/var/folders/k1/1yttftd15rl7jxtpyc5m93n80000gn/T//ccP37BYL.s:683    .text.HAL_NVIC_SetPriority:00000000 HAL_NVIC_SetPriority
/var/folders/k1/1yttftd15rl7jxtpyc5m93n80000gn/T//ccP37BYL.s:711    .text.HAL_NVIC_EnableIRQ:00000000 $t
/var/folders/k1/1yttftd15rl7jxtpyc5m93n80000gn/T//ccP37BYL.s:717    .text.HAL_NVIC_EnableIRQ:00000000 HAL_NVIC_EnableIRQ
/var/folders/k1/1yttftd15rl7jxtpyc5m93n80000gn/T//ccP37BYL.s:735    .text.HAL_NVIC_DisableIRQ:00000000 $t
/var/folders/k1/1yttftd15rl7jxtpyc5m93n80000gn/T//ccP37BYL.s:741    .text.HAL_NVIC_DisableIRQ:00000000 HAL_NVIC_DisableIRQ
/var/folders/k1/1yttftd15rl7jxtpyc5m93n80000gn/T//ccP37BYL.s:759    .text.HAL_NVIC_SystemReset:00000000 $t
/var/folders/k1/1yttftd15rl7jxtpyc5m93n80000gn/T//ccP37BYL.s:765    .text.HAL_NVIC_SystemReset:00000000 HAL_NVIC_SystemReset
/var/folders/k1/1yttftd15rl7jxtpyc5m93n80000gn/T//ccP37BYL.s:773    .text.HAL_SYSTICK_Config:00000000 $t
/var/folders/k1/1yttftd15rl7jxtpyc5m93n80000gn/T//ccP37BYL.s:779    .text.HAL_SYSTICK_Config:00000000 HAL_SYSTICK_Config
/var/folders/k1/1yttftd15rl7jxtpyc5m93n80000gn/T//ccP37BYL.s:796    .text.HAL_NVIC_GetPriorityGrouping:00000000 $t
/var/folders/k1/1yttftd15rl7jxtpyc5m93n80000gn/T//ccP37BYL.s:802    .text.HAL_NVIC_GetPriorityGrouping:00000000 HAL_NVIC_GetPriorityGrouping
/var/folders/k1/1yttftd15rl7jxtpyc5m93n80000gn/T//ccP37BYL.s:813    .text.HAL_NVIC_GetPriority:00000000 $t
ARM GAS  /var/folders/k1/1yttftd15rl7jxtpyc5m93n80000gn/T//ccP37BYL.s 			page 23


/var/folders/k1/1yttftd15rl7jxtpyc5m93n80000gn/T//ccP37BYL.s:819    .text.HAL_NVIC_GetPriority:00000000 HAL_NVIC_GetPriority
/var/folders/k1/1yttftd15rl7jxtpyc5m93n80000gn/T//ccP37BYL.s:844    .text.HAL_NVIC_SetPendingIRQ:00000000 $t
/var/folders/k1/1yttftd15rl7jxtpyc5m93n80000gn/T//ccP37BYL.s:850    .text.HAL_NVIC_SetPendingIRQ:00000000 HAL_NVIC_SetPendingIRQ
/var/folders/k1/1yttftd15rl7jxtpyc5m93n80000gn/T//ccP37BYL.s:868    .text.HAL_NVIC_GetPendingIRQ:00000000 $t
/var/folders/k1/1yttftd15rl7jxtpyc5m93n80000gn/T//ccP37BYL.s:874    .text.HAL_NVIC_GetPendingIRQ:00000000 HAL_NVIC_GetPendingIRQ
/var/folders/k1/1yttftd15rl7jxtpyc5m93n80000gn/T//ccP37BYL.s:893    .text.HAL_NVIC_ClearPendingIRQ:00000000 $t
/var/folders/k1/1yttftd15rl7jxtpyc5m93n80000gn/T//ccP37BYL.s:899    .text.HAL_NVIC_ClearPendingIRQ:00000000 HAL_NVIC_ClearPendingIRQ
/var/folders/k1/1yttftd15rl7jxtpyc5m93n80000gn/T//ccP37BYL.s:917    .text.HAL_NVIC_GetActive:00000000 $t
/var/folders/k1/1yttftd15rl7jxtpyc5m93n80000gn/T//ccP37BYL.s:923    .text.HAL_NVIC_GetActive:00000000 HAL_NVIC_GetActive
/var/folders/k1/1yttftd15rl7jxtpyc5m93n80000gn/T//ccP37BYL.s:942    .text.HAL_SYSTICK_CLKSourceConfig:00000000 $t
/var/folders/k1/1yttftd15rl7jxtpyc5m93n80000gn/T//ccP37BYL.s:948    .text.HAL_SYSTICK_CLKSourceConfig:00000000 HAL_SYSTICK_CLKSourceConfig
/var/folders/k1/1yttftd15rl7jxtpyc5m93n80000gn/T//ccP37BYL.s:981    .text.HAL_SYSTICK_CLKSourceConfig:00000034 $d
/var/folders/k1/1yttftd15rl7jxtpyc5m93n80000gn/T//ccP37BYL.s:984    .text.HAL_SYSTICK_IRQHandler:00000000 $t
/var/folders/k1/1yttftd15rl7jxtpyc5m93n80000gn/T//ccP37BYL.s:990    .text.HAL_SYSTICK_IRQHandler:00000000 HAL_SYSTICK_IRQHandler
/var/folders/k1/1yttftd15rl7jxtpyc5m93n80000gn/T//ccP37BYL.s:1006   .text.HAL_SYSTICK_Callback:00000000 HAL_SYSTICK_Callback
/var/folders/k1/1yttftd15rl7jxtpyc5m93n80000gn/T//ccP37BYL.s:1000   .text.HAL_SYSTICK_Callback:00000000 $t
/var/folders/k1/1yttftd15rl7jxtpyc5m93n80000gn/T//ccP37BYL.s:1019   .text.HAL_MPU_Enable:00000000 $t
/var/folders/k1/1yttftd15rl7jxtpyc5m93n80000gn/T//ccP37BYL.s:1025   .text.HAL_MPU_Enable:00000000 HAL_MPU_Enable
/var/folders/k1/1yttftd15rl7jxtpyc5m93n80000gn/T//ccP37BYL.s:1060   .text.HAL_MPU_Enable:0000002c $d
/var/folders/k1/1yttftd15rl7jxtpyc5m93n80000gn/T//ccP37BYL.s:1063   .text.HAL_MPU_Disable:00000000 $t
/var/folders/k1/1yttftd15rl7jxtpyc5m93n80000gn/T//ccP37BYL.s:1069   .text.HAL_MPU_Disable:00000000 HAL_MPU_Disable
/var/folders/k1/1yttftd15rl7jxtpyc5m93n80000gn/T//ccP37BYL.s:1093   .text.HAL_MPU_Disable:0000001c $d
/var/folders/k1/1yttftd15rl7jxtpyc5m93n80000gn/T//ccP37BYL.s:1096   .text.HAL_MPU_EnableRegion:00000000 $t
/var/folders/k1/1yttftd15rl7jxtpyc5m93n80000gn/T//ccP37BYL.s:1102   .text.HAL_MPU_EnableRegion:00000000 HAL_MPU_EnableRegion
/var/folders/k1/1yttftd15rl7jxtpyc5m93n80000gn/T//ccP37BYL.s:1127   .text.HAL_MPU_EnableRegion:00000028 $d
/var/folders/k1/1yttftd15rl7jxtpyc5m93n80000gn/T//ccP37BYL.s:1130   .text.HAL_MPU_DisableRegion:00000000 $t
/var/folders/k1/1yttftd15rl7jxtpyc5m93n80000gn/T//ccP37BYL.s:1136   .text.HAL_MPU_DisableRegion:00000000 HAL_MPU_DisableRegion
/var/folders/k1/1yttftd15rl7jxtpyc5m93n80000gn/T//ccP37BYL.s:1161   .text.HAL_MPU_DisableRegion:00000028 $d
/var/folders/k1/1yttftd15rl7jxtpyc5m93n80000gn/T//ccP37BYL.s:1164   .text.HAL_MPU_ConfigRegion:00000000 $t
/var/folders/k1/1yttftd15rl7jxtpyc5m93n80000gn/T//ccP37BYL.s:1170   .text.HAL_MPU_ConfigRegion:00000000 HAL_MPU_ConfigRegion
/var/folders/k1/1yttftd15rl7jxtpyc5m93n80000gn/T//ccP37BYL.s:1237   .text.HAL_MPU_ConfigRegion:0000007c $d

NO UNDEFINED SYMBOLS
