ARM GAS  /var/folders/k1/1yttftd15rl7jxtpyc5m93n80000gn/T//cc0Jt81K.s 			page 1


   1              		.cpu cortex-m4
   2              		.arch armv7e-m
   3              		.fpu fpv4-sp-d16
   4              		.eabi_attribute 27, 1
   5              		.eabi_attribute 28, 1
   6              		.eabi_attribute 20, 1
   7              		.eabi_attribute 21, 1
   8              		.eabi_attribute 23, 3
   9              		.eabi_attribute 24, 1
  10              		.eabi_attribute 25, 1
  11              		.eabi_attribute 26, 1
  12              		.eabi_attribute 30, 6
  13              		.eabi_attribute 34, 1
  14              		.eabi_attribute 18, 4
  15              		.file	"stm32g4xx_hal_uart_ex.c"
  16              		.text
  17              		.section	.text.HAL_RS485Ex_Init,"ax",%progbits
  18              		.align	1
  19              		.global	HAL_RS485Ex_Init
  20              		.syntax unified
  21              		.thumb
  22              		.thumb_func
  24              	HAL_RS485Ex_Init:
  25              		@ args = 0, pretend = 0, frame = 24
  26              		@ frame_needed = 1, uses_anonymous_args = 0
  27 0000 80B5     		push	{r7, lr}
  28 0002 86B0     		sub	sp, sp, #24
  29 0004 00AF     		add	r7, sp, #0
  30 0006 F860     		str	r0, [r7, #12]
  31 0008 B960     		str	r1, [r7, #8]
  32 000a 7A60     		str	r2, [r7, #4]
  33 000c 3B60     		str	r3, [r7]
  34 000e FB68     		ldr	r3, [r7, #12]
  35 0010 002B     		cmp	r3, #0
  36 0012 01D1     		bne	.L2
  37 0014 0123     		movs	r3, #1
  38 0016 58E0     		b	.L3
  39              	.L2:
  40 0018 FB68     		ldr	r3, [r7, #12]
  41 001a D3F88830 		ldr	r3, [r3, #136]
  42 001e 002B     		cmp	r3, #0
  43 0020 06D1     		bne	.L4
  44 0022 FB68     		ldr	r3, [r7, #12]
  45 0024 0022     		movs	r2, #0
  46 0026 83F88420 		strb	r2, [r3, #132]
  47 002a F868     		ldr	r0, [r7, #12]
  48 002c FFF7FEFF 		bl	HAL_UART_MspInit
  49              	.L4:
  50 0030 FB68     		ldr	r3, [r7, #12]
  51 0032 2422     		movs	r2, #36
  52 0034 C3F88820 		str	r2, [r3, #136]
  53 0038 FB68     		ldr	r3, [r7, #12]
  54 003a 1B68     		ldr	r3, [r3]
  55 003c 1A68     		ldr	r2, [r3]
  56 003e FB68     		ldr	r3, [r7, #12]
  57 0040 1B68     		ldr	r3, [r3]
  58 0042 22F00102 		bic	r2, r2, #1
ARM GAS  /var/folders/k1/1yttftd15rl7jxtpyc5m93n80000gn/T//cc0Jt81K.s 			page 2


  59 0046 1A60     		str	r2, [r3]
  60 0048 FB68     		ldr	r3, [r7, #12]
  61 004a 9B6A     		ldr	r3, [r3, #40]
  62 004c 002B     		cmp	r3, #0
  63 004e 02D0     		beq	.L5
  64 0050 F868     		ldr	r0, [r7, #12]
  65 0052 FFF7FEFF 		bl	UART_AdvFeatureConfig
  66              	.L5:
  67 0056 F868     		ldr	r0, [r7, #12]
  68 0058 FFF7FEFF 		bl	UART_SetConfig
  69 005c 0346     		mov	r3, r0
  70 005e 012B     		cmp	r3, #1
  71 0060 01D1     		bne	.L6
  72 0062 0123     		movs	r3, #1
  73 0064 31E0     		b	.L3
  74              	.L6:
  75 0066 FB68     		ldr	r3, [r7, #12]
  76 0068 1B68     		ldr	r3, [r3]
  77 006a 9A68     		ldr	r2, [r3, #8]
  78 006c FB68     		ldr	r3, [r7, #12]
  79 006e 1B68     		ldr	r3, [r3]
  80 0070 42F48042 		orr	r2, r2, #16384
  81 0074 9A60     		str	r2, [r3, #8]
  82 0076 FB68     		ldr	r3, [r7, #12]
  83 0078 1B68     		ldr	r3, [r3]
  84 007a 9B68     		ldr	r3, [r3, #8]
  85 007c 23F40041 		bic	r1, r3, #32768
  86 0080 FB68     		ldr	r3, [r7, #12]
  87 0082 1B68     		ldr	r3, [r3]
  88 0084 BA68     		ldr	r2, [r7, #8]
  89 0086 0A43     		orrs	r2, r2, r1
  90 0088 9A60     		str	r2, [r3, #8]
  91 008a 7B68     		ldr	r3, [r7, #4]
  92 008c 5B05     		lsls	r3, r3, #21
  93 008e 7B61     		str	r3, [r7, #20]
  94 0090 3B68     		ldr	r3, [r7]
  95 0092 1B04     		lsls	r3, r3, #16
  96 0094 7A69     		ldr	r2, [r7, #20]
  97 0096 1343     		orrs	r3, r3, r2
  98 0098 7B61     		str	r3, [r7, #20]
  99 009a FB68     		ldr	r3, [r7, #12]
 100 009c 1B68     		ldr	r3, [r3]
 101 009e 1B68     		ldr	r3, [r3]
 102 00a0 23F07F73 		bic	r3, r3, #66846720
 103 00a4 23F44033 		bic	r3, r3, #196608
 104 00a8 FA68     		ldr	r2, [r7, #12]
 105 00aa 1268     		ldr	r2, [r2]
 106 00ac 7969     		ldr	r1, [r7, #20]
 107 00ae 0B43     		orrs	r3, r3, r1
 108 00b0 1360     		str	r3, [r2]
 109 00b2 FB68     		ldr	r3, [r7, #12]
 110 00b4 1B68     		ldr	r3, [r3]
 111 00b6 1A68     		ldr	r2, [r3]
 112 00b8 FB68     		ldr	r3, [r7, #12]
 113 00ba 1B68     		ldr	r3, [r3]
 114 00bc 42F00102 		orr	r2, r2, #1
 115 00c0 1A60     		str	r2, [r3]
ARM GAS  /var/folders/k1/1yttftd15rl7jxtpyc5m93n80000gn/T//cc0Jt81K.s 			page 3


 116 00c2 F868     		ldr	r0, [r7, #12]
 117 00c4 FFF7FEFF 		bl	UART_CheckIdleState
 118 00c8 0346     		mov	r3, r0
 119              	.L3:
 120 00ca 1846     		mov	r0, r3
 121 00cc 1837     		adds	r7, r7, #24
 122 00ce BD46     		mov	sp, r7
 123              		@ sp needed
 124 00d0 80BD     		pop	{r7, pc}
 126              		.section	.text.HAL_UARTEx_WakeupCallback,"ax",%progbits
 127              		.align	1
 128              		.weak	HAL_UARTEx_WakeupCallback
 129              		.syntax unified
 130              		.thumb
 131              		.thumb_func
 133              	HAL_UARTEx_WakeupCallback:
 134              		@ args = 0, pretend = 0, frame = 8
 135              		@ frame_needed = 1, uses_anonymous_args = 0
 136              		@ link register save eliminated.
 137 0000 80B4     		push	{r7}
 138 0002 83B0     		sub	sp, sp, #12
 139 0004 00AF     		add	r7, sp, #0
 140 0006 7860     		str	r0, [r7, #4]
 141 0008 00BF     		nop
 142 000a 0C37     		adds	r7, r7, #12
 143 000c BD46     		mov	sp, r7
 144              		@ sp needed
 145 000e 5DF8047B 		ldr	r7, [sp], #4
 146 0012 7047     		bx	lr
 148              		.section	.text.HAL_UARTEx_RxFifoFullCallback,"ax",%progbits
 149              		.align	1
 150              		.weak	HAL_UARTEx_RxFifoFullCallback
 151              		.syntax unified
 152              		.thumb
 153              		.thumb_func
 155              	HAL_UARTEx_RxFifoFullCallback:
 156              		@ args = 0, pretend = 0, frame = 8
 157              		@ frame_needed = 1, uses_anonymous_args = 0
 158              		@ link register save eliminated.
 159 0000 80B4     		push	{r7}
 160 0002 83B0     		sub	sp, sp, #12
 161 0004 00AF     		add	r7, sp, #0
 162 0006 7860     		str	r0, [r7, #4]
 163 0008 00BF     		nop
 164 000a 0C37     		adds	r7, r7, #12
 165 000c BD46     		mov	sp, r7
 166              		@ sp needed
 167 000e 5DF8047B 		ldr	r7, [sp], #4
 168 0012 7047     		bx	lr
 170              		.section	.text.HAL_UARTEx_TxFifoEmptyCallback,"ax",%progbits
 171              		.align	1
 172              		.weak	HAL_UARTEx_TxFifoEmptyCallback
 173              		.syntax unified
 174              		.thumb
 175              		.thumb_func
 177              	HAL_UARTEx_TxFifoEmptyCallback:
 178              		@ args = 0, pretend = 0, frame = 8
ARM GAS  /var/folders/k1/1yttftd15rl7jxtpyc5m93n80000gn/T//cc0Jt81K.s 			page 4


 179              		@ frame_needed = 1, uses_anonymous_args = 0
 180              		@ link register save eliminated.
 181 0000 80B4     		push	{r7}
 182 0002 83B0     		sub	sp, sp, #12
 183 0004 00AF     		add	r7, sp, #0
 184 0006 7860     		str	r0, [r7, #4]
 185 0008 00BF     		nop
 186 000a 0C37     		adds	r7, r7, #12
 187 000c BD46     		mov	sp, r7
 188              		@ sp needed
 189 000e 5DF8047B 		ldr	r7, [sp], #4
 190 0012 7047     		bx	lr
 192              		.section	.text.HAL_MultiProcessorEx_AddressLength_Set,"ax",%progbits
 193              		.align	1
 194              		.global	HAL_MultiProcessorEx_AddressLength_Set
 195              		.syntax unified
 196              		.thumb
 197              		.thumb_func
 199              	HAL_MultiProcessorEx_AddressLength_Set:
 200              		@ args = 0, pretend = 0, frame = 8
 201              		@ frame_needed = 1, uses_anonymous_args = 0
 202 0000 80B5     		push	{r7, lr}
 203 0002 82B0     		sub	sp, sp, #8
 204 0004 00AF     		add	r7, sp, #0
 205 0006 7860     		str	r0, [r7, #4]
 206 0008 3960     		str	r1, [r7]
 207 000a 7B68     		ldr	r3, [r7, #4]
 208 000c 002B     		cmp	r3, #0
 209 000e 01D1     		bne	.L11
 210 0010 0123     		movs	r3, #1
 211 0012 21E0     		b	.L12
 212              	.L11:
 213 0014 7B68     		ldr	r3, [r7, #4]
 214 0016 2422     		movs	r2, #36
 215 0018 C3F88820 		str	r2, [r3, #136]
 216 001c 7B68     		ldr	r3, [r7, #4]
 217 001e 1B68     		ldr	r3, [r3]
 218 0020 1A68     		ldr	r2, [r3]
 219 0022 7B68     		ldr	r3, [r7, #4]
 220 0024 1B68     		ldr	r3, [r3]
 221 0026 22F00102 		bic	r2, r2, #1
 222 002a 1A60     		str	r2, [r3]
 223 002c 7B68     		ldr	r3, [r7, #4]
 224 002e 1B68     		ldr	r3, [r3]
 225 0030 5B68     		ldr	r3, [r3, #4]
 226 0032 23F01001 		bic	r1, r3, #16
 227 0036 7B68     		ldr	r3, [r7, #4]
 228 0038 1B68     		ldr	r3, [r3]
 229 003a 3A68     		ldr	r2, [r7]
 230 003c 0A43     		orrs	r2, r2, r1
 231 003e 5A60     		str	r2, [r3, #4]
 232 0040 7B68     		ldr	r3, [r7, #4]
 233 0042 1B68     		ldr	r3, [r3]
 234 0044 1A68     		ldr	r2, [r3]
 235 0046 7B68     		ldr	r3, [r7, #4]
 236 0048 1B68     		ldr	r3, [r3]
 237 004a 42F00102 		orr	r2, r2, #1
ARM GAS  /var/folders/k1/1yttftd15rl7jxtpyc5m93n80000gn/T//cc0Jt81K.s 			page 5


 238 004e 1A60     		str	r2, [r3]
 239 0050 7868     		ldr	r0, [r7, #4]
 240 0052 FFF7FEFF 		bl	UART_CheckIdleState
 241 0056 0346     		mov	r3, r0
 242              	.L12:
 243 0058 1846     		mov	r0, r3
 244 005a 0837     		adds	r7, r7, #8
 245 005c BD46     		mov	sp, r7
 246              		@ sp needed
 247 005e 80BD     		pop	{r7, pc}
 249              		.section	.text.HAL_UARTEx_StopModeWakeUpSourceConfig,"ax",%progbits
 250              		.align	1
 251              		.global	HAL_UARTEx_StopModeWakeUpSourceConfig
 252              		.syntax unified
 253              		.thumb
 254              		.thumb_func
 256              	HAL_UARTEx_StopModeWakeUpSourceConfig:
 257              		@ args = 0, pretend = 0, frame = 24
 258              		@ frame_needed = 1, uses_anonymous_args = 0
 259 0000 80B5     		push	{r7, lr}
 260 0002 88B0     		sub	sp, sp, #32
 261 0004 02AF     		add	r7, sp, #8
 262 0006 F860     		str	r0, [r7, #12]
 263 0008 3B1D     		adds	r3, r7, #4
 264 000a 83E80600 		stm	r3, {r1, r2}
 265 000e 0023     		movs	r3, #0
 266 0010 FB75     		strb	r3, [r7, #23]
 267 0012 FB68     		ldr	r3, [r7, #12]
 268 0014 93F88430 		ldrb	r3, [r3, #132]	@ zero_extendqisi2
 269 0018 012B     		cmp	r3, #1
 270 001a 01D1     		bne	.L14
 271 001c 0223     		movs	r3, #2
 272 001e 46E0     		b	.L15
 273              	.L14:
 274 0020 FB68     		ldr	r3, [r7, #12]
 275 0022 0122     		movs	r2, #1
 276 0024 83F88420 		strb	r2, [r3, #132]
 277 0028 FB68     		ldr	r3, [r7, #12]
 278 002a 2422     		movs	r2, #36
 279 002c C3F88820 		str	r2, [r3, #136]
 280 0030 FB68     		ldr	r3, [r7, #12]
 281 0032 1B68     		ldr	r3, [r3]
 282 0034 1A68     		ldr	r2, [r3]
 283 0036 FB68     		ldr	r3, [r7, #12]
 284 0038 1B68     		ldr	r3, [r3]
 285 003a 22F00102 		bic	r2, r2, #1
 286 003e 1A60     		str	r2, [r3]
 287 0040 FB68     		ldr	r3, [r7, #12]
 288 0042 1B68     		ldr	r3, [r3]
 289 0044 9B68     		ldr	r3, [r3, #8]
 290 0046 23F44011 		bic	r1, r3, #3145728
 291 004a 7A68     		ldr	r2, [r7, #4]
 292 004c FB68     		ldr	r3, [r7, #12]
 293 004e 1B68     		ldr	r3, [r3]
 294 0050 0A43     		orrs	r2, r2, r1
 295 0052 9A60     		str	r2, [r3, #8]
 296 0054 7B68     		ldr	r3, [r7, #4]
ARM GAS  /var/folders/k1/1yttftd15rl7jxtpyc5m93n80000gn/T//cc0Jt81K.s 			page 6


 297 0056 002B     		cmp	r3, #0
 298 0058 05D1     		bne	.L16
 299 005a 3B1D     		adds	r3, r7, #4
 300 005c 93E80600 		ldm	r3, {r1, r2}
 301 0060 F868     		ldr	r0, [r7, #12]
 302 0062 FFF7FEFF 		bl	UARTEx_Wakeup_AddressConfig
 303              	.L16:
 304 0066 FB68     		ldr	r3, [r7, #12]
 305 0068 1B68     		ldr	r3, [r3]
 306 006a 1A68     		ldr	r2, [r3]
 307 006c FB68     		ldr	r3, [r7, #12]
 308 006e 1B68     		ldr	r3, [r3]
 309 0070 42F00102 		orr	r2, r2, #1
 310 0074 1A60     		str	r2, [r3]
 311 0076 FFF7FEFF 		bl	HAL_GetTick
 312 007a 3861     		str	r0, [r7, #16]
 313 007c 6FF07E43 		mvn	r3, #-33554432
 314 0080 0093     		str	r3, [sp]
 315 0082 3B69     		ldr	r3, [r7, #16]
 316 0084 0022     		movs	r2, #0
 317 0086 4FF48001 		mov	r1, #4194304
 318 008a F868     		ldr	r0, [r7, #12]
 319 008c FFF7FEFF 		bl	UART_WaitOnFlagUntilTimeout
 320 0090 0346     		mov	r3, r0
 321 0092 002B     		cmp	r3, #0
 322 0094 02D0     		beq	.L17
 323 0096 0323     		movs	r3, #3
 324 0098 FB75     		strb	r3, [r7, #23]
 325 009a 03E0     		b	.L18
 326              	.L17:
 327 009c FB68     		ldr	r3, [r7, #12]
 328 009e 2022     		movs	r2, #32
 329 00a0 C3F88820 		str	r2, [r3, #136]
 330              	.L18:
 331 00a4 FB68     		ldr	r3, [r7, #12]
 332 00a6 0022     		movs	r2, #0
 333 00a8 83F88420 		strb	r2, [r3, #132]
 334 00ac FB7D     		ldrb	r3, [r7, #23]	@ zero_extendqisi2
 335              	.L15:
 336 00ae 1846     		mov	r0, r3
 337 00b0 1837     		adds	r7, r7, #24
 338 00b2 BD46     		mov	sp, r7
 339              		@ sp needed
 340 00b4 80BD     		pop	{r7, pc}
 342              		.section	.text.HAL_UARTEx_EnableStopMode,"ax",%progbits
 343              		.align	1
 344              		.global	HAL_UARTEx_EnableStopMode
 345              		.syntax unified
 346              		.thumb
 347              		.thumb_func
 349              	HAL_UARTEx_EnableStopMode:
 350              		@ args = 0, pretend = 0, frame = 32
 351              		@ frame_needed = 1, uses_anonymous_args = 0
 352              		@ link register save eliminated.
 353 0000 80B4     		push	{r7}
 354 0002 89B0     		sub	sp, sp, #36
 355 0004 00AF     		add	r7, sp, #0
ARM GAS  /var/folders/k1/1yttftd15rl7jxtpyc5m93n80000gn/T//cc0Jt81K.s 			page 7


 356 0006 7860     		str	r0, [r7, #4]
 357 0008 7B68     		ldr	r3, [r7, #4]
 358 000a 93F88430 		ldrb	r3, [r3, #132]	@ zero_extendqisi2
 359 000e 012B     		cmp	r3, #1
 360 0010 01D1     		bne	.L20
 361 0012 0223     		movs	r3, #2
 362 0014 21E0     		b	.L21
 363              	.L20:
 364 0016 7B68     		ldr	r3, [r7, #4]
 365 0018 0122     		movs	r2, #1
 366 001a 83F88420 		strb	r2, [r3, #132]
 367              	.L24:
 368 001e 7B68     		ldr	r3, [r7, #4]
 369 0020 1B68     		ldr	r3, [r3]
 370 0022 FB60     		str	r3, [r7, #12]
 371 0024 FB68     		ldr	r3, [r7, #12]
 372              		.syntax unified
 373              	@ 1155 "Drivers/CMSIS/Include/cmsis_gcc.h" 1
 374 0026 53E8003F 		ldrex r3, [r3]
 375              	@ 0 "" 2
 376              		.thumb
 377              		.syntax unified
 378 002a BB60     		str	r3, [r7, #8]
 379 002c BB68     		ldr	r3, [r7, #8]
 380 002e 43F00203 		orr	r3, r3, #2
 381 0032 FB61     		str	r3, [r7, #28]
 382 0034 7B68     		ldr	r3, [r7, #4]
 383 0036 1B68     		ldr	r3, [r3]
 384 0038 1A46     		mov	r2, r3
 385 003a FB69     		ldr	r3, [r7, #28]
 386 003c BB61     		str	r3, [r7, #24]
 387 003e 7A61     		str	r2, [r7, #20]
 388 0040 7969     		ldr	r1, [r7, #20]
 389 0042 BA69     		ldr	r2, [r7, #24]
 390              		.syntax unified
 391              	@ 1206 "Drivers/CMSIS/Include/cmsis_gcc.h" 1
 392 0044 41E80023 		strex r3, r2, [r1]
 393              	@ 0 "" 2
 394              		.thumb
 395              		.syntax unified
 396 0048 3B61     		str	r3, [r7, #16]
 397 004a 3B69     		ldr	r3, [r7, #16]
 398 004c 002B     		cmp	r3, #0
 399 004e E6D1     		bne	.L24
 400 0050 7B68     		ldr	r3, [r7, #4]
 401 0052 0022     		movs	r2, #0
 402 0054 83F88420 		strb	r2, [r3, #132]
 403 0058 0023     		movs	r3, #0
 404              	.L21:
 405 005a 1846     		mov	r0, r3
 406 005c 2437     		adds	r7, r7, #36
 407 005e BD46     		mov	sp, r7
 408              		@ sp needed
 409 0060 5DF8047B 		ldr	r7, [sp], #4
 410 0064 7047     		bx	lr
 412              		.section	.text.HAL_UARTEx_DisableStopMode,"ax",%progbits
 413              		.align	1
ARM GAS  /var/folders/k1/1yttftd15rl7jxtpyc5m93n80000gn/T//cc0Jt81K.s 			page 8


 414              		.global	HAL_UARTEx_DisableStopMode
 415              		.syntax unified
 416              		.thumb
 417              		.thumb_func
 419              	HAL_UARTEx_DisableStopMode:
 420              		@ args = 0, pretend = 0, frame = 32
 421              		@ frame_needed = 1, uses_anonymous_args = 0
 422              		@ link register save eliminated.
 423 0000 80B4     		push	{r7}
 424 0002 89B0     		sub	sp, sp, #36
 425 0004 00AF     		add	r7, sp, #0
 426 0006 7860     		str	r0, [r7, #4]
 427 0008 7B68     		ldr	r3, [r7, #4]
 428 000a 93F88430 		ldrb	r3, [r3, #132]	@ zero_extendqisi2
 429 000e 012B     		cmp	r3, #1
 430 0010 01D1     		bne	.L26
 431 0012 0223     		movs	r3, #2
 432 0014 21E0     		b	.L27
 433              	.L26:
 434 0016 7B68     		ldr	r3, [r7, #4]
 435 0018 0122     		movs	r2, #1
 436 001a 83F88420 		strb	r2, [r3, #132]
 437              	.L30:
 438 001e 7B68     		ldr	r3, [r7, #4]
 439 0020 1B68     		ldr	r3, [r3]
 440 0022 FB60     		str	r3, [r7, #12]
 441 0024 FB68     		ldr	r3, [r7, #12]
 442              		.syntax unified
 443              	@ 1155 "Drivers/CMSIS/Include/cmsis_gcc.h" 1
 444 0026 53E8003F 		ldrex r3, [r3]
 445              	@ 0 "" 2
 446              		.thumb
 447              		.syntax unified
 448 002a BB60     		str	r3, [r7, #8]
 449 002c BB68     		ldr	r3, [r7, #8]
 450 002e 23F00203 		bic	r3, r3, #2
 451 0032 FB61     		str	r3, [r7, #28]
 452 0034 7B68     		ldr	r3, [r7, #4]
 453 0036 1B68     		ldr	r3, [r3]
 454 0038 1A46     		mov	r2, r3
 455 003a FB69     		ldr	r3, [r7, #28]
 456 003c BB61     		str	r3, [r7, #24]
 457 003e 7A61     		str	r2, [r7, #20]
 458 0040 7969     		ldr	r1, [r7, #20]
 459 0042 BA69     		ldr	r2, [r7, #24]
 460              		.syntax unified
 461              	@ 1206 "Drivers/CMSIS/Include/cmsis_gcc.h" 1
 462 0044 41E80023 		strex r3, r2, [r1]
 463              	@ 0 "" 2
 464              		.thumb
 465              		.syntax unified
 466 0048 3B61     		str	r3, [r7, #16]
 467 004a 3B69     		ldr	r3, [r7, #16]
 468 004c 002B     		cmp	r3, #0
 469 004e E6D1     		bne	.L30
 470 0050 7B68     		ldr	r3, [r7, #4]
 471 0052 0022     		movs	r2, #0
ARM GAS  /var/folders/k1/1yttftd15rl7jxtpyc5m93n80000gn/T//cc0Jt81K.s 			page 9


 472 0054 83F88420 		strb	r2, [r3, #132]
 473 0058 0023     		movs	r3, #0
 474              	.L27:
 475 005a 1846     		mov	r0, r3
 476 005c 2437     		adds	r7, r7, #36
 477 005e BD46     		mov	sp, r7
 478              		@ sp needed
 479 0060 5DF8047B 		ldr	r7, [sp], #4
 480 0064 7047     		bx	lr
 482              		.section	.text.HAL_UARTEx_EnableFifoMode,"ax",%progbits
 483              		.align	1
 484              		.global	HAL_UARTEx_EnableFifoMode
 485              		.syntax unified
 486              		.thumb
 487              		.thumb_func
 489              	HAL_UARTEx_EnableFifoMode:
 490              		@ args = 0, pretend = 0, frame = 16
 491              		@ frame_needed = 1, uses_anonymous_args = 0
 492 0000 80B5     		push	{r7, lr}
 493 0002 84B0     		sub	sp, sp, #16
 494 0004 00AF     		add	r7, sp, #0
 495 0006 7860     		str	r0, [r7, #4]
 496 0008 7B68     		ldr	r3, [r7, #4]
 497 000a 93F88430 		ldrb	r3, [r3, #132]	@ zero_extendqisi2
 498 000e 012B     		cmp	r3, #1
 499 0010 01D1     		bne	.L32
 500 0012 0223     		movs	r3, #2
 501 0014 2BE0     		b	.L33
 502              	.L32:
 503 0016 7B68     		ldr	r3, [r7, #4]
 504 0018 0122     		movs	r2, #1
 505 001a 83F88420 		strb	r2, [r3, #132]
 506 001e 7B68     		ldr	r3, [r7, #4]
 507 0020 2422     		movs	r2, #36
 508 0022 C3F88820 		str	r2, [r3, #136]
 509 0026 7B68     		ldr	r3, [r7, #4]
 510 0028 1B68     		ldr	r3, [r3]
 511 002a 1B68     		ldr	r3, [r3]
 512 002c FB60     		str	r3, [r7, #12]
 513 002e 7B68     		ldr	r3, [r7, #4]
 514 0030 1B68     		ldr	r3, [r3]
 515 0032 1A68     		ldr	r2, [r3]
 516 0034 7B68     		ldr	r3, [r7, #4]
 517 0036 1B68     		ldr	r3, [r3]
 518 0038 22F00102 		bic	r2, r2, #1
 519 003c 1A60     		str	r2, [r3]
 520 003e FB68     		ldr	r3, [r7, #12]
 521 0040 43F00053 		orr	r3, r3, #536870912
 522 0044 FB60     		str	r3, [r7, #12]
 523 0046 7B68     		ldr	r3, [r7, #4]
 524 0048 4FF00052 		mov	r2, #536870912
 525 004c 5A66     		str	r2, [r3, #100]
 526 004e 7B68     		ldr	r3, [r7, #4]
 527 0050 1B68     		ldr	r3, [r3]
 528 0052 FA68     		ldr	r2, [r7, #12]
 529 0054 1A60     		str	r2, [r3]
 530 0056 7868     		ldr	r0, [r7, #4]
ARM GAS  /var/folders/k1/1yttftd15rl7jxtpyc5m93n80000gn/T//cc0Jt81K.s 			page 10


 531 0058 FFF7FEFF 		bl	UARTEx_SetNbDataToProcess
 532 005c 7B68     		ldr	r3, [r7, #4]
 533 005e 2022     		movs	r2, #32
 534 0060 C3F88820 		str	r2, [r3, #136]
 535 0064 7B68     		ldr	r3, [r7, #4]
 536 0066 0022     		movs	r2, #0
 537 0068 83F88420 		strb	r2, [r3, #132]
 538 006c 0023     		movs	r3, #0
 539              	.L33:
 540 006e 1846     		mov	r0, r3
 541 0070 1037     		adds	r7, r7, #16
 542 0072 BD46     		mov	sp, r7
 543              		@ sp needed
 544 0074 80BD     		pop	{r7, pc}
 546              		.section	.text.HAL_UARTEx_DisableFifoMode,"ax",%progbits
 547              		.align	1
 548              		.global	HAL_UARTEx_DisableFifoMode
 549              		.syntax unified
 550              		.thumb
 551              		.thumb_func
 553              	HAL_UARTEx_DisableFifoMode:
 554              		@ args = 0, pretend = 0, frame = 16
 555              		@ frame_needed = 1, uses_anonymous_args = 0
 556              		@ link register save eliminated.
 557 0000 80B4     		push	{r7}
 558 0002 85B0     		sub	sp, sp, #20
 559 0004 00AF     		add	r7, sp, #0
 560 0006 7860     		str	r0, [r7, #4]
 561 0008 7B68     		ldr	r3, [r7, #4]
 562 000a 93F88430 		ldrb	r3, [r3, #132]	@ zero_extendqisi2
 563 000e 012B     		cmp	r3, #1
 564 0010 01D1     		bne	.L35
 565 0012 0223     		movs	r3, #2
 566 0014 27E0     		b	.L36
 567              	.L35:
 568 0016 7B68     		ldr	r3, [r7, #4]
 569 0018 0122     		movs	r2, #1
 570 001a 83F88420 		strb	r2, [r3, #132]
 571 001e 7B68     		ldr	r3, [r7, #4]
 572 0020 2422     		movs	r2, #36
 573 0022 C3F88820 		str	r2, [r3, #136]
 574 0026 7B68     		ldr	r3, [r7, #4]
 575 0028 1B68     		ldr	r3, [r3]
 576 002a 1B68     		ldr	r3, [r3]
 577 002c FB60     		str	r3, [r7, #12]
 578 002e 7B68     		ldr	r3, [r7, #4]
 579 0030 1B68     		ldr	r3, [r3]
 580 0032 1A68     		ldr	r2, [r3]
 581 0034 7B68     		ldr	r3, [r7, #4]
 582 0036 1B68     		ldr	r3, [r3]
 583 0038 22F00102 		bic	r2, r2, #1
 584 003c 1A60     		str	r2, [r3]
 585 003e FB68     		ldr	r3, [r7, #12]
 586 0040 23F00053 		bic	r3, r3, #536870912
 587 0044 FB60     		str	r3, [r7, #12]
 588 0046 7B68     		ldr	r3, [r7, #4]
 589 0048 0022     		movs	r2, #0
ARM GAS  /var/folders/k1/1yttftd15rl7jxtpyc5m93n80000gn/T//cc0Jt81K.s 			page 11


 590 004a 5A66     		str	r2, [r3, #100]
 591 004c 7B68     		ldr	r3, [r7, #4]
 592 004e 1B68     		ldr	r3, [r3]
 593 0050 FA68     		ldr	r2, [r7, #12]
 594 0052 1A60     		str	r2, [r3]
 595 0054 7B68     		ldr	r3, [r7, #4]
 596 0056 2022     		movs	r2, #32
 597 0058 C3F88820 		str	r2, [r3, #136]
 598 005c 7B68     		ldr	r3, [r7, #4]
 599 005e 0022     		movs	r2, #0
 600 0060 83F88420 		strb	r2, [r3, #132]
 601 0064 0023     		movs	r3, #0
 602              	.L36:
 603 0066 1846     		mov	r0, r3
 604 0068 1437     		adds	r7, r7, #20
 605 006a BD46     		mov	sp, r7
 606              		@ sp needed
 607 006c 5DF8047B 		ldr	r7, [sp], #4
 608 0070 7047     		bx	lr
 610              		.section	.text.HAL_UARTEx_SetTxFifoThreshold,"ax",%progbits
 611              		.align	1
 612              		.global	HAL_UARTEx_SetTxFifoThreshold
 613              		.syntax unified
 614              		.thumb
 615              		.thumb_func
 617              	HAL_UARTEx_SetTxFifoThreshold:
 618              		@ args = 0, pretend = 0, frame = 16
 619              		@ frame_needed = 1, uses_anonymous_args = 0
 620 0000 80B5     		push	{r7, lr}
 621 0002 84B0     		sub	sp, sp, #16
 622 0004 00AF     		add	r7, sp, #0
 623 0006 7860     		str	r0, [r7, #4]
 624 0008 3960     		str	r1, [r7]
 625 000a 7B68     		ldr	r3, [r7, #4]
 626 000c 93F88430 		ldrb	r3, [r3, #132]	@ zero_extendqisi2
 627 0010 012B     		cmp	r3, #1
 628 0012 01D1     		bne	.L38
 629 0014 0223     		movs	r3, #2
 630 0016 2DE0     		b	.L39
 631              	.L38:
 632 0018 7B68     		ldr	r3, [r7, #4]
 633 001a 0122     		movs	r2, #1
 634 001c 83F88420 		strb	r2, [r3, #132]
 635 0020 7B68     		ldr	r3, [r7, #4]
 636 0022 2422     		movs	r2, #36
 637 0024 C3F88820 		str	r2, [r3, #136]
 638 0028 7B68     		ldr	r3, [r7, #4]
 639 002a 1B68     		ldr	r3, [r3]
 640 002c 1B68     		ldr	r3, [r3]
 641 002e FB60     		str	r3, [r7, #12]
 642 0030 7B68     		ldr	r3, [r7, #4]
 643 0032 1B68     		ldr	r3, [r3]
 644 0034 1A68     		ldr	r2, [r3]
 645 0036 7B68     		ldr	r3, [r7, #4]
 646 0038 1B68     		ldr	r3, [r3]
 647 003a 22F00102 		bic	r2, r2, #1
 648 003e 1A60     		str	r2, [r3]
ARM GAS  /var/folders/k1/1yttftd15rl7jxtpyc5m93n80000gn/T//cc0Jt81K.s 			page 12


 649 0040 7B68     		ldr	r3, [r7, #4]
 650 0042 1B68     		ldr	r3, [r3]
 651 0044 9B68     		ldr	r3, [r3, #8]
 652 0046 23F06041 		bic	r1, r3, #-536870912
 653 004a 7B68     		ldr	r3, [r7, #4]
 654 004c 1B68     		ldr	r3, [r3]
 655 004e 3A68     		ldr	r2, [r7]
 656 0050 0A43     		orrs	r2, r2, r1
 657 0052 9A60     		str	r2, [r3, #8]
 658 0054 7868     		ldr	r0, [r7, #4]
 659 0056 FFF7FEFF 		bl	UARTEx_SetNbDataToProcess
 660 005a 7B68     		ldr	r3, [r7, #4]
 661 005c 1B68     		ldr	r3, [r3]
 662 005e FA68     		ldr	r2, [r7, #12]
 663 0060 1A60     		str	r2, [r3]
 664 0062 7B68     		ldr	r3, [r7, #4]
 665 0064 2022     		movs	r2, #32
 666 0066 C3F88820 		str	r2, [r3, #136]
 667 006a 7B68     		ldr	r3, [r7, #4]
 668 006c 0022     		movs	r2, #0
 669 006e 83F88420 		strb	r2, [r3, #132]
 670 0072 0023     		movs	r3, #0
 671              	.L39:
 672 0074 1846     		mov	r0, r3
 673 0076 1037     		adds	r7, r7, #16
 674 0078 BD46     		mov	sp, r7
 675              		@ sp needed
 676 007a 80BD     		pop	{r7, pc}
 678              		.section	.text.HAL_UARTEx_SetRxFifoThreshold,"ax",%progbits
 679              		.align	1
 680              		.global	HAL_UARTEx_SetRxFifoThreshold
 681              		.syntax unified
 682              		.thumb
 683              		.thumb_func
 685              	HAL_UARTEx_SetRxFifoThreshold:
 686              		@ args = 0, pretend = 0, frame = 16
 687              		@ frame_needed = 1, uses_anonymous_args = 0
 688 0000 80B5     		push	{r7, lr}
 689 0002 84B0     		sub	sp, sp, #16
 690 0004 00AF     		add	r7, sp, #0
 691 0006 7860     		str	r0, [r7, #4]
 692 0008 3960     		str	r1, [r7]
 693 000a 7B68     		ldr	r3, [r7, #4]
 694 000c 93F88430 		ldrb	r3, [r3, #132]	@ zero_extendqisi2
 695 0010 012B     		cmp	r3, #1
 696 0012 01D1     		bne	.L41
 697 0014 0223     		movs	r3, #2
 698 0016 2DE0     		b	.L42
 699              	.L41:
 700 0018 7B68     		ldr	r3, [r7, #4]
 701 001a 0122     		movs	r2, #1
 702 001c 83F88420 		strb	r2, [r3, #132]
 703 0020 7B68     		ldr	r3, [r7, #4]
 704 0022 2422     		movs	r2, #36
 705 0024 C3F88820 		str	r2, [r3, #136]
 706 0028 7B68     		ldr	r3, [r7, #4]
 707 002a 1B68     		ldr	r3, [r3]
ARM GAS  /var/folders/k1/1yttftd15rl7jxtpyc5m93n80000gn/T//cc0Jt81K.s 			page 13


 708 002c 1B68     		ldr	r3, [r3]
 709 002e FB60     		str	r3, [r7, #12]
 710 0030 7B68     		ldr	r3, [r7, #4]
 711 0032 1B68     		ldr	r3, [r3]
 712 0034 1A68     		ldr	r2, [r3]
 713 0036 7B68     		ldr	r3, [r7, #4]
 714 0038 1B68     		ldr	r3, [r3]
 715 003a 22F00102 		bic	r2, r2, #1
 716 003e 1A60     		str	r2, [r3]
 717 0040 7B68     		ldr	r3, [r7, #4]
 718 0042 1B68     		ldr	r3, [r3]
 719 0044 9B68     		ldr	r3, [r3, #8]
 720 0046 23F06061 		bic	r1, r3, #234881024
 721 004a 7B68     		ldr	r3, [r7, #4]
 722 004c 1B68     		ldr	r3, [r3]
 723 004e 3A68     		ldr	r2, [r7]
 724 0050 0A43     		orrs	r2, r2, r1
 725 0052 9A60     		str	r2, [r3, #8]
 726 0054 7868     		ldr	r0, [r7, #4]
 727 0056 FFF7FEFF 		bl	UARTEx_SetNbDataToProcess
 728 005a 7B68     		ldr	r3, [r7, #4]
 729 005c 1B68     		ldr	r3, [r3]
 730 005e FA68     		ldr	r2, [r7, #12]
 731 0060 1A60     		str	r2, [r3]
 732 0062 7B68     		ldr	r3, [r7, #4]
 733 0064 2022     		movs	r2, #32
 734 0066 C3F88820 		str	r2, [r3, #136]
 735 006a 7B68     		ldr	r3, [r7, #4]
 736 006c 0022     		movs	r2, #0
 737 006e 83F88420 		strb	r2, [r3, #132]
 738 0072 0023     		movs	r3, #0
 739              	.L42:
 740 0074 1846     		mov	r0, r3
 741 0076 1037     		adds	r7, r7, #16
 742 0078 BD46     		mov	sp, r7
 743              		@ sp needed
 744 007a 80BD     		pop	{r7, pc}
 746              		.section	.text.HAL_UARTEx_ReceiveToIdle,"ax",%progbits
 747              		.align	1
 748              		.global	HAL_UARTEx_ReceiveToIdle
 749              		.syntax unified
 750              		.thumb
 751              		.thumb_func
 753              	HAL_UARTEx_ReceiveToIdle:
 754              		@ args = 4, pretend = 0, frame = 32
 755              		@ frame_needed = 1, uses_anonymous_args = 0
 756 0000 80B5     		push	{r7, lr}
 757 0002 88B0     		sub	sp, sp, #32
 758 0004 00AF     		add	r7, sp, #0
 759 0006 F860     		str	r0, [r7, #12]
 760 0008 B960     		str	r1, [r7, #8]
 761 000a 3B60     		str	r3, [r7]
 762 000c 1346     		mov	r3, r2	@ movhi
 763 000e FB80     		strh	r3, [r7, #6]	@ movhi
 764 0010 FB68     		ldr	r3, [r7, #12]
 765 0012 D3F88C30 		ldr	r3, [r3, #140]
 766 0016 202B     		cmp	r3, #32
ARM GAS  /var/folders/k1/1yttftd15rl7jxtpyc5m93n80000gn/T//cc0Jt81K.s 			page 14


 767 0018 40F0EF80 		bne	.L44
 768 001c BB68     		ldr	r3, [r7, #8]
 769 001e 002B     		cmp	r3, #0
 770 0020 02D0     		beq	.L45
 771 0022 FB88     		ldrh	r3, [r7, #6]
 772 0024 002B     		cmp	r3, #0
 773 0026 01D1     		bne	.L46
 774              	.L45:
 775 0028 0123     		movs	r3, #1
 776 002a E7E0     		b	.L47
 777              	.L46:
 778 002c FB68     		ldr	r3, [r7, #12]
 779 002e 0022     		movs	r2, #0
 780 0030 C3F89020 		str	r2, [r3, #144]
 781 0034 FB68     		ldr	r3, [r7, #12]
 782 0036 2222     		movs	r2, #34
 783 0038 C3F88C20 		str	r2, [r3, #140]
 784 003c FB68     		ldr	r3, [r7, #12]
 785 003e 0122     		movs	r2, #1
 786 0040 DA66     		str	r2, [r3, #108]
 787 0042 FB68     		ldr	r3, [r7, #12]
 788 0044 0022     		movs	r2, #0
 789 0046 1A67     		str	r2, [r3, #112]
 790 0048 FFF7FEFF 		bl	HAL_GetTick
 791 004c 7861     		str	r0, [r7, #20]
 792 004e FB68     		ldr	r3, [r7, #12]
 793 0050 FA88     		ldrh	r2, [r7, #6]	@ movhi
 794 0052 A3F85C20 		strh	r2, [r3, #92]	@ movhi
 795 0056 FB68     		ldr	r3, [r7, #12]
 796 0058 FA88     		ldrh	r2, [r7, #6]	@ movhi
 797 005a A3F85E20 		strh	r2, [r3, #94]	@ movhi
 798 005e FB68     		ldr	r3, [r7, #12]
 799 0060 9B68     		ldr	r3, [r3, #8]
 800 0062 B3F5805F 		cmp	r3, #4096
 801 0066 0ED1     		bne	.L48
 802 0068 FB68     		ldr	r3, [r7, #12]
 803 006a 1B69     		ldr	r3, [r3, #16]
 804 006c 002B     		cmp	r3, #0
 805 006e 05D1     		bne	.L49
 806 0070 FB68     		ldr	r3, [r7, #12]
 807 0072 40F2FF12 		movw	r2, #511
 808 0076 A3F86020 		strh	r2, [r3, #96]	@ movhi
 809 007a 2DE0     		b	.L50
 810              	.L49:
 811 007c FB68     		ldr	r3, [r7, #12]
 812 007e FF22     		movs	r2, #255
 813 0080 A3F86020 		strh	r2, [r3, #96]	@ movhi
 814 0084 28E0     		b	.L50
 815              	.L48:
 816 0086 FB68     		ldr	r3, [r7, #12]
 817 0088 9B68     		ldr	r3, [r3, #8]
 818 008a 002B     		cmp	r3, #0
 819 008c 0DD1     		bne	.L51
 820 008e FB68     		ldr	r3, [r7, #12]
 821 0090 1B69     		ldr	r3, [r3, #16]
 822 0092 002B     		cmp	r3, #0
 823 0094 04D1     		bne	.L52
ARM GAS  /var/folders/k1/1yttftd15rl7jxtpyc5m93n80000gn/T//cc0Jt81K.s 			page 15


 824 0096 FB68     		ldr	r3, [r7, #12]
 825 0098 FF22     		movs	r2, #255
 826 009a A3F86020 		strh	r2, [r3, #96]	@ movhi
 827 009e 1BE0     		b	.L50
 828              	.L52:
 829 00a0 FB68     		ldr	r3, [r7, #12]
 830 00a2 7F22     		movs	r2, #127
 831 00a4 A3F86020 		strh	r2, [r3, #96]	@ movhi
 832 00a8 16E0     		b	.L50
 833              	.L51:
 834 00aa FB68     		ldr	r3, [r7, #12]
 835 00ac 9B68     		ldr	r3, [r3, #8]
 836 00ae B3F1805F 		cmp	r3, #268435456
 837 00b2 0DD1     		bne	.L53
 838 00b4 FB68     		ldr	r3, [r7, #12]
 839 00b6 1B69     		ldr	r3, [r3, #16]
 840 00b8 002B     		cmp	r3, #0
 841 00ba 04D1     		bne	.L54
 842 00bc FB68     		ldr	r3, [r7, #12]
 843 00be 7F22     		movs	r2, #127
 844 00c0 A3F86020 		strh	r2, [r3, #96]	@ movhi
 845 00c4 08E0     		b	.L50
 846              	.L54:
 847 00c6 FB68     		ldr	r3, [r7, #12]
 848 00c8 3F22     		movs	r2, #63
 849 00ca A3F86020 		strh	r2, [r3, #96]	@ movhi
 850 00ce 03E0     		b	.L50
 851              	.L53:
 852 00d0 FB68     		ldr	r3, [r7, #12]
 853 00d2 0022     		movs	r2, #0
 854 00d4 A3F86020 		strh	r2, [r3, #96]	@ movhi
 855              	.L50:
 856 00d8 FB68     		ldr	r3, [r7, #12]
 857 00da B3F86030 		ldrh	r3, [r3, #96]	@ movhi
 858 00de 7B82     		strh	r3, [r7, #18]	@ movhi
 859 00e0 FB68     		ldr	r3, [r7, #12]
 860 00e2 9B68     		ldr	r3, [r3, #8]
 861 00e4 B3F5805F 		cmp	r3, #4096
 862 00e8 08D1     		bne	.L55
 863 00ea FB68     		ldr	r3, [r7, #12]
 864 00ec 1B69     		ldr	r3, [r3, #16]
 865 00ee 002B     		cmp	r3, #0
 866 00f0 04D1     		bne	.L55
 867 00f2 0023     		movs	r3, #0
 868 00f4 FB61     		str	r3, [r7, #28]
 869 00f6 BB68     		ldr	r3, [r7, #8]
 870 00f8 BB61     		str	r3, [r7, #24]
 871 00fa 03E0     		b	.L56
 872              	.L55:
 873 00fc BB68     		ldr	r3, [r7, #8]
 874 00fe FB61     		str	r3, [r7, #28]
 875 0100 0023     		movs	r3, #0
 876 0102 BB61     		str	r3, [r7, #24]
 877              	.L56:
 878 0104 3B68     		ldr	r3, [r7]
 879 0106 0022     		movs	r2, #0
 880 0108 1A80     		strh	r2, [r3]	@ movhi
ARM GAS  /var/folders/k1/1yttftd15rl7jxtpyc5m93n80000gn/T//cc0Jt81K.s 			page 16


 881 010a 5FE0     		b	.L57
 882              	.L64:
 883 010c FB68     		ldr	r3, [r7, #12]
 884 010e 1B68     		ldr	r3, [r3]
 885 0110 DB69     		ldr	r3, [r3, #28]
 886 0112 03F01003 		and	r3, r3, #16
 887 0116 102B     		cmp	r3, #16
 888 0118 10D1     		bne	.L58
 889 011a FB68     		ldr	r3, [r7, #12]
 890 011c 1B68     		ldr	r3, [r3]
 891 011e 1022     		movs	r2, #16
 892 0120 1A62     		str	r2, [r3, #32]
 893 0122 3B68     		ldr	r3, [r7]
 894 0124 1B88     		ldrh	r3, [r3]
 895 0126 002B     		cmp	r3, #0
 896 0128 08D0     		beq	.L58
 897 012a FB68     		ldr	r3, [r7, #12]
 898 012c 0222     		movs	r2, #2
 899 012e 1A67     		str	r2, [r3, #112]
 900 0130 FB68     		ldr	r3, [r7, #12]
 901 0132 2022     		movs	r2, #32
 902 0134 C3F88C20 		str	r2, [r3, #140]
 903 0138 0023     		movs	r3, #0
 904 013a 5FE0     		b	.L47
 905              	.L58:
 906 013c FB68     		ldr	r3, [r7, #12]
 907 013e 1B68     		ldr	r3, [r3]
 908 0140 DB69     		ldr	r3, [r3, #28]
 909 0142 03F02003 		and	r3, r3, #32
 910 0146 202B     		cmp	r3, #32
 911 0148 2BD1     		bne	.L59
 912 014a FB69     		ldr	r3, [r7, #28]
 913 014c 002B     		cmp	r3, #0
 914 014e 0CD1     		bne	.L60
 915 0150 FB68     		ldr	r3, [r7, #12]
 916 0152 1B68     		ldr	r3, [r3]
 917 0154 5B6A     		ldr	r3, [r3, #36]
 918 0156 9AB2     		uxth	r2, r3
 919 0158 7B8A     		ldrh	r3, [r7, #18]	@ movhi
 920 015a 1340     		ands	r3, r3, r2
 921 015c 9AB2     		uxth	r2, r3
 922 015e BB69     		ldr	r3, [r7, #24]
 923 0160 1A80     		strh	r2, [r3]	@ movhi
 924 0162 BB69     		ldr	r3, [r7, #24]
 925 0164 0233     		adds	r3, r3, #2
 926 0166 BB61     		str	r3, [r7, #24]
 927 0168 0CE0     		b	.L61
 928              	.L60:
 929 016a FB68     		ldr	r3, [r7, #12]
 930 016c 1B68     		ldr	r3, [r3]
 931 016e 5B6A     		ldr	r3, [r3, #36]
 932 0170 DAB2     		uxtb	r2, r3
 933 0172 7B8A     		ldrh	r3, [r7, #18]	@ movhi
 934 0174 DBB2     		uxtb	r3, r3
 935 0176 1340     		ands	r3, r3, r2
 936 0178 DAB2     		uxtb	r2, r3
 937 017a FB69     		ldr	r3, [r7, #28]
ARM GAS  /var/folders/k1/1yttftd15rl7jxtpyc5m93n80000gn/T//cc0Jt81K.s 			page 17


 938 017c 1A70     		strb	r2, [r3]
 939 017e FB69     		ldr	r3, [r7, #28]
 940 0180 0133     		adds	r3, r3, #1
 941 0182 FB61     		str	r3, [r7, #28]
 942              	.L61:
 943 0184 3B68     		ldr	r3, [r7]
 944 0186 1B88     		ldrh	r3, [r3]
 945 0188 0133     		adds	r3, r3, #1
 946 018a 9AB2     		uxth	r2, r3
 947 018c 3B68     		ldr	r3, [r7]
 948 018e 1A80     		strh	r2, [r3]	@ movhi
 949 0190 FB68     		ldr	r3, [r7, #12]
 950 0192 B3F85E30 		ldrh	r3, [r3, #94]	@ movhi
 951 0196 9BB2     		uxth	r3, r3
 952 0198 013B     		subs	r3, r3, #1
 953 019a 9AB2     		uxth	r2, r3
 954 019c FB68     		ldr	r3, [r7, #12]
 955 019e A3F85E20 		strh	r2, [r3, #94]	@ movhi
 956              	.L59:
 957 01a2 BB6A     		ldr	r3, [r7, #40]
 958 01a4 B3F1FF3F 		cmp	r3, #-1
 959 01a8 10D0     		beq	.L57
 960 01aa FFF7FEFF 		bl	HAL_GetTick
 961 01ae 0246     		mov	r2, r0
 962 01b0 7B69     		ldr	r3, [r7, #20]
 963 01b2 D31A     		subs	r3, r2, r3
 964 01b4 BA6A     		ldr	r2, [r7, #40]
 965 01b6 9A42     		cmp	r2, r3
 966 01b8 02D3     		bcc	.L63
 967 01ba BB6A     		ldr	r3, [r7, #40]
 968 01bc 002B     		cmp	r3, #0
 969 01be 05D1     		bne	.L57
 970              	.L63:
 971 01c0 FB68     		ldr	r3, [r7, #12]
 972 01c2 2022     		movs	r2, #32
 973 01c4 C3F88C20 		str	r2, [r3, #140]
 974 01c8 0323     		movs	r3, #3
 975 01ca 17E0     		b	.L47
 976              	.L57:
 977 01cc FB68     		ldr	r3, [r7, #12]
 978 01ce B3F85E30 		ldrh	r3, [r3, #94]	@ movhi
 979 01d2 9BB2     		uxth	r3, r3
 980 01d4 002B     		cmp	r3, #0
 981 01d6 99D1     		bne	.L64
 982 01d8 FB68     		ldr	r3, [r7, #12]
 983 01da B3F85C20 		ldrh	r2, [r3, #92]
 984 01de FB68     		ldr	r3, [r7, #12]
 985 01e0 B3F85E30 		ldrh	r3, [r3, #94]	@ movhi
 986 01e4 9BB2     		uxth	r3, r3
 987 01e6 D31A     		subs	r3, r2, r3
 988 01e8 9AB2     		uxth	r2, r3
 989 01ea 3B68     		ldr	r3, [r7]
 990 01ec 1A80     		strh	r2, [r3]	@ movhi
 991 01ee FB68     		ldr	r3, [r7, #12]
 992 01f0 2022     		movs	r2, #32
 993 01f2 C3F88C20 		str	r2, [r3, #140]
 994 01f6 0023     		movs	r3, #0
ARM GAS  /var/folders/k1/1yttftd15rl7jxtpyc5m93n80000gn/T//cc0Jt81K.s 			page 18


 995 01f8 00E0     		b	.L47
 996              	.L44:
 997 01fa 0223     		movs	r3, #2
 998              	.L47:
 999 01fc 1846     		mov	r0, r3
 1000 01fe 2037     		adds	r7, r7, #32
 1001 0200 BD46     		mov	sp, r7
 1002              		@ sp needed
 1003 0202 80BD     		pop	{r7, pc}
 1005              		.section	.text.HAL_UARTEx_ReceiveToIdle_IT,"ax",%progbits
 1006              		.align	1
 1007              		.global	HAL_UARTEx_ReceiveToIdle_IT
 1008              		.syntax unified
 1009              		.thumb
 1010              		.thumb_func
 1012              	HAL_UARTEx_ReceiveToIdle_IT:
 1013              		@ args = 0, pretend = 0, frame = 48
 1014              		@ frame_needed = 1, uses_anonymous_args = 0
 1015 0000 80B5     		push	{r7, lr}
 1016 0002 8CB0     		sub	sp, sp, #48
 1017 0004 00AF     		add	r7, sp, #0
 1018 0006 F860     		str	r0, [r7, #12]
 1019 0008 B960     		str	r1, [r7, #8]
 1020 000a 1346     		mov	r3, r2
 1021 000c FB80     		strh	r3, [r7, #6]	@ movhi
 1022 000e 0023     		movs	r3, #0
 1023 0010 87F82F30 		strb	r3, [r7, #47]
 1024 0014 FB68     		ldr	r3, [r7, #12]
 1025 0016 D3F88C30 		ldr	r3, [r3, #140]
 1026 001a 202B     		cmp	r3, #32
 1027 001c 3BD1     		bne	.L66
 1028 001e BB68     		ldr	r3, [r7, #8]
 1029 0020 002B     		cmp	r3, #0
 1030 0022 02D0     		beq	.L67
 1031 0024 FB88     		ldrh	r3, [r7, #6]
 1032 0026 002B     		cmp	r3, #0
 1033 0028 01D1     		bne	.L68
 1034              	.L67:
 1035 002a 0123     		movs	r3, #1
 1036 002c 34E0     		b	.L69
 1037              	.L68:
 1038 002e FB68     		ldr	r3, [r7, #12]
 1039 0030 0122     		movs	r2, #1
 1040 0032 DA66     		str	r2, [r3, #108]
 1041 0034 FB68     		ldr	r3, [r7, #12]
 1042 0036 0022     		movs	r2, #0
 1043 0038 1A67     		str	r2, [r3, #112]
 1044 003a FB88     		ldrh	r3, [r7, #6]
 1045 003c 1A46     		mov	r2, r3
 1046 003e B968     		ldr	r1, [r7, #8]
 1047 0040 F868     		ldr	r0, [r7, #12]
 1048 0042 FFF7FEFF 		bl	UART_Start_Receive_IT
 1049 0046 FB68     		ldr	r3, [r7, #12]
 1050 0048 DB6E     		ldr	r3, [r3, #108]
 1051 004a 012B     		cmp	r3, #1
 1052 004c 1DD1     		bne	.L70
 1053 004e FB68     		ldr	r3, [r7, #12]
ARM GAS  /var/folders/k1/1yttftd15rl7jxtpyc5m93n80000gn/T//cc0Jt81K.s 			page 19


 1054 0050 1B68     		ldr	r3, [r3]
 1055 0052 1022     		movs	r2, #16
 1056 0054 1A62     		str	r2, [r3, #32]
 1057              	.L73:
 1058 0056 FB68     		ldr	r3, [r7, #12]
 1059 0058 1B68     		ldr	r3, [r3]
 1060 005a BB61     		str	r3, [r7, #24]
 1061 005c BB69     		ldr	r3, [r7, #24]
 1062              		.syntax unified
 1063              	@ 1155 "Drivers/CMSIS/Include/cmsis_gcc.h" 1
 1064 005e 53E8003F 		ldrex r3, [r3]
 1065              	@ 0 "" 2
 1066              		.thumb
 1067              		.syntax unified
 1068 0062 7B61     		str	r3, [r7, #20]
 1069 0064 7B69     		ldr	r3, [r7, #20]
 1070 0066 43F01003 		orr	r3, r3, #16
 1071 006a BB62     		str	r3, [r7, #40]
 1072 006c FB68     		ldr	r3, [r7, #12]
 1073 006e 1B68     		ldr	r3, [r3]
 1074 0070 1A46     		mov	r2, r3
 1075 0072 BB6A     		ldr	r3, [r7, #40]
 1076 0074 7B62     		str	r3, [r7, #36]
 1077 0076 3A62     		str	r2, [r7, #32]
 1078 0078 396A     		ldr	r1, [r7, #32]
 1079 007a 7A6A     		ldr	r2, [r7, #36]
 1080              		.syntax unified
 1081              	@ 1206 "Drivers/CMSIS/Include/cmsis_gcc.h" 1
 1082 007c 41E80023 		strex r3, r2, [r1]
 1083              	@ 0 "" 2
 1084              		.thumb
 1085              		.syntax unified
 1086 0080 FB61     		str	r3, [r7, #28]
 1087 0082 FB69     		ldr	r3, [r7, #28]
 1088 0084 002B     		cmp	r3, #0
 1089 0086 E6D1     		bne	.L73
 1090 0088 02E0     		b	.L74
 1091              	.L70:
 1092 008a 0123     		movs	r3, #1
 1093 008c 87F82F30 		strb	r3, [r7, #47]
 1094              	.L74:
 1095 0090 97F82F30 		ldrb	r3, [r7, #47]	@ zero_extendqisi2
 1096 0094 00E0     		b	.L69
 1097              	.L66:
 1098 0096 0223     		movs	r3, #2
 1099              	.L69:
 1100 0098 1846     		mov	r0, r3
 1101 009a 3037     		adds	r7, r7, #48
 1102 009c BD46     		mov	sp, r7
 1103              		@ sp needed
 1104 009e 80BD     		pop	{r7, pc}
 1106              		.section	.text.HAL_UARTEx_ReceiveToIdle_DMA,"ax",%progbits
 1107              		.align	1
 1108              		.global	HAL_UARTEx_ReceiveToIdle_DMA
 1109              		.syntax unified
 1110              		.thumb
 1111              		.thumb_func
ARM GAS  /var/folders/k1/1yttftd15rl7jxtpyc5m93n80000gn/T//cc0Jt81K.s 			page 20


 1113              	HAL_UARTEx_ReceiveToIdle_DMA:
 1114              		@ args = 0, pretend = 0, frame = 48
 1115              		@ frame_needed = 1, uses_anonymous_args = 0
 1116 0000 80B5     		push	{r7, lr}
 1117 0002 8CB0     		sub	sp, sp, #48
 1118 0004 00AF     		add	r7, sp, #0
 1119 0006 F860     		str	r0, [r7, #12]
 1120 0008 B960     		str	r1, [r7, #8]
 1121 000a 1346     		mov	r3, r2
 1122 000c FB80     		strh	r3, [r7, #6]	@ movhi
 1123 000e FB68     		ldr	r3, [r7, #12]
 1124 0010 D3F88C30 		ldr	r3, [r3, #140]
 1125 0014 202B     		cmp	r3, #32
 1126 0016 42D1     		bne	.L76
 1127 0018 BB68     		ldr	r3, [r7, #8]
 1128 001a 002B     		cmp	r3, #0
 1129 001c 02D0     		beq	.L77
 1130 001e FB88     		ldrh	r3, [r7, #6]
 1131 0020 002B     		cmp	r3, #0
 1132 0022 01D1     		bne	.L78
 1133              	.L77:
 1134 0024 0123     		movs	r3, #1
 1135 0026 3BE0     		b	.L79
 1136              	.L78:
 1137 0028 FB68     		ldr	r3, [r7, #12]
 1138 002a 0122     		movs	r2, #1
 1139 002c DA66     		str	r2, [r3, #108]
 1140 002e FB68     		ldr	r3, [r7, #12]
 1141 0030 0022     		movs	r2, #0
 1142 0032 1A67     		str	r2, [r3, #112]
 1143 0034 FB88     		ldrh	r3, [r7, #6]
 1144 0036 1A46     		mov	r2, r3
 1145 0038 B968     		ldr	r1, [r7, #8]
 1146 003a F868     		ldr	r0, [r7, #12]
 1147 003c FFF7FEFF 		bl	UART_Start_Receive_DMA
 1148 0040 0346     		mov	r3, r0
 1149 0042 87F82F30 		strb	r3, [r7, #47]
 1150 0046 97F82F30 		ldrb	r3, [r7, #47]	@ zero_extendqisi2
 1151 004a 002B     		cmp	r3, #0
 1152 004c 24D1     		bne	.L80
 1153 004e FB68     		ldr	r3, [r7, #12]
 1154 0050 DB6E     		ldr	r3, [r3, #108]
 1155 0052 012B     		cmp	r3, #1
 1156 0054 1DD1     		bne	.L81
 1157 0056 FB68     		ldr	r3, [r7, #12]
 1158 0058 1B68     		ldr	r3, [r3]
 1159 005a 1022     		movs	r2, #16
 1160 005c 1A62     		str	r2, [r3, #32]
 1161              	.L84:
 1162 005e FB68     		ldr	r3, [r7, #12]
 1163 0060 1B68     		ldr	r3, [r3]
 1164 0062 BB61     		str	r3, [r7, #24]
 1165 0064 BB69     		ldr	r3, [r7, #24]
 1166              		.syntax unified
 1167              	@ 1155 "Drivers/CMSIS/Include/cmsis_gcc.h" 1
 1168 0066 53E8003F 		ldrex r3, [r3]
 1169              	@ 0 "" 2
ARM GAS  /var/folders/k1/1yttftd15rl7jxtpyc5m93n80000gn/T//cc0Jt81K.s 			page 21


 1170              		.thumb
 1171              		.syntax unified
 1172 006a 7B61     		str	r3, [r7, #20]
 1173 006c 7B69     		ldr	r3, [r7, #20]
 1174 006e 43F01003 		orr	r3, r3, #16
 1175 0072 BB62     		str	r3, [r7, #40]
 1176 0074 FB68     		ldr	r3, [r7, #12]
 1177 0076 1B68     		ldr	r3, [r3]
 1178 0078 1A46     		mov	r2, r3
 1179 007a BB6A     		ldr	r3, [r7, #40]
 1180 007c 7B62     		str	r3, [r7, #36]
 1181 007e 3A62     		str	r2, [r7, #32]
 1182 0080 396A     		ldr	r1, [r7, #32]
 1183 0082 7A6A     		ldr	r2, [r7, #36]
 1184              		.syntax unified
 1185              	@ 1206 "Drivers/CMSIS/Include/cmsis_gcc.h" 1
 1186 0084 41E80023 		strex r3, r2, [r1]
 1187              	@ 0 "" 2
 1188              		.thumb
 1189              		.syntax unified
 1190 0088 FB61     		str	r3, [r7, #28]
 1191 008a FB69     		ldr	r3, [r7, #28]
 1192 008c 002B     		cmp	r3, #0
 1193 008e E6D1     		bne	.L84
 1194 0090 02E0     		b	.L80
 1195              	.L81:
 1196 0092 0123     		movs	r3, #1
 1197 0094 87F82F30 		strb	r3, [r7, #47]
 1198              	.L80:
 1199 0098 97F82F30 		ldrb	r3, [r7, #47]	@ zero_extendqisi2
 1200 009c 00E0     		b	.L79
 1201              	.L76:
 1202 009e 0223     		movs	r3, #2
 1203              	.L79:
 1204 00a0 1846     		mov	r0, r3
 1205 00a2 3037     		adds	r7, r7, #48
 1206 00a4 BD46     		mov	sp, r7
 1207              		@ sp needed
 1208 00a6 80BD     		pop	{r7, pc}
 1210              		.section	.text.HAL_UARTEx_GetRxEventType,"ax",%progbits
 1211              		.align	1
 1212              		.global	HAL_UARTEx_GetRxEventType
 1213              		.syntax unified
 1214              		.thumb
 1215              		.thumb_func
 1217              	HAL_UARTEx_GetRxEventType:
 1218              		@ args = 0, pretend = 0, frame = 8
 1219              		@ frame_needed = 1, uses_anonymous_args = 0
 1220              		@ link register save eliminated.
 1221 0000 80B4     		push	{r7}
 1222 0002 83B0     		sub	sp, sp, #12
 1223 0004 00AF     		add	r7, sp, #0
 1224 0006 7860     		str	r0, [r7, #4]
 1225 0008 7B68     		ldr	r3, [r7, #4]
 1226 000a 1B6F     		ldr	r3, [r3, #112]
 1227 000c 1846     		mov	r0, r3
 1228 000e 0C37     		adds	r7, r7, #12
ARM GAS  /var/folders/k1/1yttftd15rl7jxtpyc5m93n80000gn/T//cc0Jt81K.s 			page 22


 1229 0010 BD46     		mov	sp, r7
 1230              		@ sp needed
 1231 0012 5DF8047B 		ldr	r7, [sp], #4
 1232 0016 7047     		bx	lr
 1234              		.section	.text.UARTEx_Wakeup_AddressConfig,"ax",%progbits
 1235              		.align	1
 1236              		.syntax unified
 1237              		.thumb
 1238              		.thumb_func
 1240              	UARTEx_Wakeup_AddressConfig:
 1241              		@ args = 0, pretend = 0, frame = 16
 1242              		@ frame_needed = 1, uses_anonymous_args = 0
 1243              		@ link register save eliminated.
 1244 0000 80B4     		push	{r7}
 1245 0002 85B0     		sub	sp, sp, #20
 1246 0004 00AF     		add	r7, sp, #0
 1247 0006 F860     		str	r0, [r7, #12]
 1248 0008 3B1D     		adds	r3, r7, #4
 1249 000a 83E80600 		stm	r3, {r1, r2}
 1250 000e FB68     		ldr	r3, [r7, #12]
 1251 0010 1B68     		ldr	r3, [r3]
 1252 0012 5B68     		ldr	r3, [r3, #4]
 1253 0014 23F01002 		bic	r2, r3, #16
 1254 0018 3B89     		ldrh	r3, [r7, #8]
 1255 001a 1946     		mov	r1, r3
 1256 001c FB68     		ldr	r3, [r7, #12]
 1257 001e 1B68     		ldr	r3, [r3]
 1258 0020 0A43     		orrs	r2, r2, r1
 1259 0022 5A60     		str	r2, [r3, #4]
 1260 0024 FB68     		ldr	r3, [r7, #12]
 1261 0026 1B68     		ldr	r3, [r3]
 1262 0028 5B68     		ldr	r3, [r3, #4]
 1263 002a 23F07F41 		bic	r1, r3, #-16777216
 1264 002e BB7A     		ldrb	r3, [r7, #10]	@ zero_extendqisi2
 1265 0030 1A06     		lsls	r2, r3, #24
 1266 0032 FB68     		ldr	r3, [r7, #12]
 1267 0034 1B68     		ldr	r3, [r3]
 1268 0036 0A43     		orrs	r2, r2, r1
 1269 0038 5A60     		str	r2, [r3, #4]
 1270 003a 00BF     		nop
 1271 003c 1437     		adds	r7, r7, #20
 1272 003e BD46     		mov	sp, r7
 1273              		@ sp needed
 1274 0040 5DF8047B 		ldr	r7, [sp], #4
 1275 0044 7047     		bx	lr
 1277              		.section	.text.UARTEx_SetNbDataToProcess,"ax",%progbits
 1278              		.align	1
 1279              		.syntax unified
 1280              		.thumb
 1281              		.thumb_func
 1283              	UARTEx_SetNbDataToProcess:
 1284              		@ args = 0, pretend = 0, frame = 16
 1285              		@ frame_needed = 1, uses_anonymous_args = 0
 1286              		@ link register save eliminated.
 1287 0000 80B4     		push	{r7}
 1288 0002 85B0     		sub	sp, sp, #20
 1289 0004 00AF     		add	r7, sp, #0
ARM GAS  /var/folders/k1/1yttftd15rl7jxtpyc5m93n80000gn/T//cc0Jt81K.s 			page 23


 1290 0006 7860     		str	r0, [r7, #4]
 1291 0008 7B68     		ldr	r3, [r7, #4]
 1292 000a 5B6E     		ldr	r3, [r3, #100]
 1293 000c 002B     		cmp	r3, #0
 1294 000e 08D1     		bne	.L89
 1295 0010 7B68     		ldr	r3, [r7, #4]
 1296 0012 0122     		movs	r2, #1
 1297 0014 A3F86A20 		strh	r2, [r3, #106]	@ movhi
 1298 0018 7B68     		ldr	r3, [r7, #4]
 1299 001a 0122     		movs	r2, #1
 1300 001c A3F86820 		strh	r2, [r3, #104]	@ movhi
 1301 0020 31E0     		b	.L91
 1302              	.L89:
 1303 0022 0823     		movs	r3, #8
 1304 0024 FB73     		strb	r3, [r7, #15]
 1305 0026 0823     		movs	r3, #8
 1306 0028 BB73     		strb	r3, [r7, #14]
 1307 002a 7B68     		ldr	r3, [r7, #4]
 1308 002c 1B68     		ldr	r3, [r3]
 1309 002e 9B68     		ldr	r3, [r3, #8]
 1310 0030 5B0E     		lsrs	r3, r3, #25
 1311 0032 DBB2     		uxtb	r3, r3
 1312 0034 03F00703 		and	r3, r3, #7
 1313 0038 7B73     		strb	r3, [r7, #13]
 1314 003a 7B68     		ldr	r3, [r7, #4]
 1315 003c 1B68     		ldr	r3, [r3]
 1316 003e 9B68     		ldr	r3, [r3, #8]
 1317 0040 5B0F     		lsrs	r3, r3, #29
 1318 0042 DBB2     		uxtb	r3, r3
 1319 0044 03F00703 		and	r3, r3, #7
 1320 0048 3B73     		strb	r3, [r7, #12]
 1321 004a BB7B     		ldrb	r3, [r7, #14]	@ zero_extendqisi2
 1322 004c 3A7B     		ldrb	r2, [r7, #12]	@ zero_extendqisi2
 1323 004e 1149     		ldr	r1, .L92
 1324 0050 8A5C     		ldrb	r2, [r1, r2]	@ zero_extendqisi2
 1325 0052 02FB03F3 		mul	r3, r2, r3
 1326 0056 3A7B     		ldrb	r2, [r7, #12]	@ zero_extendqisi2
 1327 0058 0F49     		ldr	r1, .L92+4
 1328 005a 8A5C     		ldrb	r2, [r1, r2]	@ zero_extendqisi2
 1329 005c 93FBF2F3 		sdiv	r3, r3, r2
 1330 0060 9AB2     		uxth	r2, r3
 1331 0062 7B68     		ldr	r3, [r7, #4]
 1332 0064 A3F86A20 		strh	r2, [r3, #106]	@ movhi
 1333 0068 FB7B     		ldrb	r3, [r7, #15]	@ zero_extendqisi2
 1334 006a 7A7B     		ldrb	r2, [r7, #13]	@ zero_extendqisi2
 1335 006c 0949     		ldr	r1, .L92
 1336 006e 8A5C     		ldrb	r2, [r1, r2]	@ zero_extendqisi2
 1337 0070 02FB03F3 		mul	r3, r2, r3
 1338 0074 7A7B     		ldrb	r2, [r7, #13]	@ zero_extendqisi2
 1339 0076 0849     		ldr	r1, .L92+4
 1340 0078 8A5C     		ldrb	r2, [r1, r2]	@ zero_extendqisi2
 1341 007a 93FBF2F3 		sdiv	r3, r3, r2
 1342 007e 9AB2     		uxth	r2, r3
 1343 0080 7B68     		ldr	r3, [r7, #4]
 1344 0082 A3F86820 		strh	r2, [r3, #104]	@ movhi
 1345              	.L91:
 1346 0086 00BF     		nop
ARM GAS  /var/folders/k1/1yttftd15rl7jxtpyc5m93n80000gn/T//cc0Jt81K.s 			page 24


 1347 0088 1437     		adds	r7, r7, #20
 1348 008a BD46     		mov	sp, r7
 1349              		@ sp needed
 1350 008c 5DF8047B 		ldr	r7, [sp], #4
 1351 0090 7047     		bx	lr
 1352              	.L93:
 1353 0092 00BF     		.align	2
 1354              	.L92:
 1355 0094 00000000 		.word	numerator.1
 1356 0098 00000000 		.word	denominator.0
 1358              		.section	.rodata.numerator.1,"a"
 1359              		.align	2
 1362              	numerator.1:
 1363 0000 01010103 		.ascii	"\001\001\001\003\007\001\000\000"
 1363      07010000 
 1364              		.section	.rodata.denominator.0,"a"
 1365              		.align	2
 1368              	denominator.0:
 1369 0000 08040204 		.ascii	"\010\004\002\004\010\001\001\001"
 1369      08010101 
 1370              		.ident	"GCC: (GNU Tools for STM32 14.3.rel1.20251027-0700) 14.3.1 20250623"
ARM GAS  /var/folders/k1/1yttftd15rl7jxtpyc5m93n80000gn/T//cc0Jt81K.s 			page 25


DEFINED SYMBOLS
                            *ABS*:00000000 stm32g4xx_hal_uart_ex.c
/var/folders/k1/1yttftd15rl7jxtpyc5m93n80000gn/T//cc0Jt81K.s:18     .text.HAL_RS485Ex_Init:00000000 $t
/var/folders/k1/1yttftd15rl7jxtpyc5m93n80000gn/T//cc0Jt81K.s:24     .text.HAL_RS485Ex_Init:00000000 HAL_RS485Ex_Init
/var/folders/k1/1yttftd15rl7jxtpyc5m93n80000gn/T//cc0Jt81K.s:127    .text.HAL_UARTEx_WakeupCallback:00000000 $t
/var/folders/k1/1yttftd15rl7jxtpyc5m93n80000gn/T//cc0Jt81K.s:133    .text.HAL_UARTEx_WakeupCallback:00000000 HAL_UARTEx_WakeupCallback
/var/folders/k1/1yttftd15rl7jxtpyc5m93n80000gn/T//cc0Jt81K.s:149    .text.HAL_UARTEx_RxFifoFullCallback:00000000 $t
/var/folders/k1/1yttftd15rl7jxtpyc5m93n80000gn/T//cc0Jt81K.s:155    .text.HAL_UARTEx_RxFifoFullCallback:00000000 HAL_UARTEx_RxFifoFullCallback
/var/folders/k1/1yttftd15rl7jxtpyc5m93n80000gn/T//cc0Jt81K.s:171    .text.HAL_UARTEx_TxFifoEmptyCallback:00000000 $t
/var/folders/k1/1yttftd15rl7jxtpyc5m93n80000gn/T//cc0Jt81K.s:177    .text.HAL_UARTEx_TxFifoEmptyCallback:00000000 HAL_UARTEx_TxFifoEmptyCallback
/var/folders/k1/1yttftd15rl7jxtpyc5m93n80000gn/T//cc0Jt81K.s:193    .text.HAL_MultiProcessorEx_AddressLength_Set:00000000 $t
/var/folders/k1/1yttftd15rl7jxtpyc5m93n80000gn/T//cc0Jt81K.s:199    .text.HAL_MultiProcessorEx_AddressLength_Set:00000000 HAL_MultiProcessorEx_AddressLength_Set
/var/folders/k1/1yttftd15rl7jxtpyc5m93n80000gn/T//cc0Jt81K.s:250    .text.HAL_UARTEx_StopModeWakeUpSourceConfig:00000000 $t
/var/folders/k1/1yttftd15rl7jxtpyc5m93n80000gn/T//cc0Jt81K.s:256    .text.HAL_UARTEx_StopModeWakeUpSourceConfig:00000000 HAL_UARTEx_StopModeWakeUpSourceConfig
/var/folders/k1/1yttftd15rl7jxtpyc5m93n80000gn/T//cc0Jt81K.s:1240   .text.UARTEx_Wakeup_AddressConfig:00000000 UARTEx_Wakeup_AddressConfig
/var/folders/k1/1yttftd15rl7jxtpyc5m93n80000gn/T//cc0Jt81K.s:343    .text.HAL_UARTEx_EnableStopMode:00000000 $t
/var/folders/k1/1yttftd15rl7jxtpyc5m93n80000gn/T//cc0Jt81K.s:349    .text.HAL_UARTEx_EnableStopMode:00000000 HAL_UARTEx_EnableStopMode
/var/folders/k1/1yttftd15rl7jxtpyc5m93n80000gn/T//cc0Jt81K.s:413    .text.HAL_UARTEx_DisableStopMode:00000000 $t
/var/folders/k1/1yttftd15rl7jxtpyc5m93n80000gn/T//cc0Jt81K.s:419    .text.HAL_UARTEx_DisableStopMode:00000000 HAL_UARTEx_DisableStopMode
/var/folders/k1/1yttftd15rl7jxtpyc5m93n80000gn/T//cc0Jt81K.s:483    .text.HAL_UARTEx_EnableFifoMode:00000000 $t
/var/folders/k1/1yttftd15rl7jxtpyc5m93n80000gn/T//cc0Jt81K.s:489    .text.HAL_UARTEx_EnableFifoMode:00000000 HAL_UARTEx_EnableFifoMode
/var/folders/k1/1yttftd15rl7jxtpyc5m93n80000gn/T//cc0Jt81K.s:1283   .text.UARTEx_SetNbDataToProcess:00000000 UARTEx_SetNbDataToProcess
/var/folders/k1/1yttftd15rl7jxtpyc5m93n80000gn/T//cc0Jt81K.s:547    .text.HAL_UARTEx_DisableFifoMode:00000000 $t
/var/folders/k1/1yttftd15rl7jxtpyc5m93n80000gn/T//cc0Jt81K.s:553    .text.HAL_UARTEx_DisableFifoMode:00000000 HAL_UARTEx_DisableFifoMode
/var/folders/k1/1yttftd15rl7jxtpyc5m93n80000gn/T//cc0Jt81K.s:611    .text.HAL_UARTEx_SetTxFifoThreshold:00000000 $t
/var/folders/k1/1yttftd15rl7jxtpyc5m93n80000gn/T//cc0Jt81K.s:617    .text.HAL_UARTEx_SetTxFifoThreshold:00000000 HAL_UARTEx_SetTxFifoThreshold
/var/folders/k1/1yttftd15rl7jxtpyc5m93n80000gn/T//cc0Jt81K.s:679    .text.HAL_UARTEx_SetRxFifoThreshold:00000000 $t
/var/folders/k1/1yttftd15rl7jxtpyc5m93n80000gn/T//cc0Jt81K.s:685    .text.HAL_UARTEx_SetRxFifoThreshold:00000000 HAL_UARTEx_SetRxFifoThreshold
/var/folders/k1/1yttftd15rl7jxtpyc5m93n80000gn/T//cc0Jt81K.s:747    .text.HAL_UARTEx_ReceiveToIdle:00000000 $t
/var/folders/k1/1yttftd15rl7jxtpyc5m93n80000gn/T//cc0Jt81K.s:753    .text.HAL_UARTEx_ReceiveToIdle:00000000 HAL_UARTEx_ReceiveToIdle
/var/folders/k1/1yttftd15rl7jxtpyc5m93n80000gn/T//cc0Jt81K.s:1006   .text.HAL_UARTEx_ReceiveToIdle_IT:00000000 $t
/var/folders/k1/1yttftd15rl7jxtpyc5m93n80000gn/T//cc0Jt81K.s:1012   .text.HAL_UARTEx_ReceiveToIdle_IT:00000000 HAL_UARTEx_ReceiveToIdle_IT
/var/folders/k1/1yttftd15rl7jxtpyc5m93n80000gn/T//cc0Jt81K.s:1107   .text.HAL_UARTEx_ReceiveToIdle_DMA:00000000 $t
/var/folders/k1/1yttftd15rl7jxtpyc5m93n80000gn/T//cc0Jt81K.s:1113   .text.HAL_UARTEx_ReceiveToIdle_DMA:00000000 HAL_UARTEx_ReceiveToIdle_DMA
/var/folders/k1/1yttftd15rl7jxtpyc5m93n80000gn/T//cc0Jt81K.s:1211   .text.HAL_UARTEx_GetRxEventType:00000000 $t
/var/folders/k1/1yttftd15rl7jxtpyc5m93n80000gn/T//cc0Jt81K.s:1217   .text.HAL_UARTEx_GetRxEventType:00000000 HAL_UARTEx_GetRxEventType
/var/folders/k1/1yttftd15rl7jxtpyc5m93n80000gn/T//cc0Jt81K.s:1235   .text.UARTEx_Wakeup_AddressConfig:00000000 $t
/var/folders/k1/1yttftd15rl7jxtpyc5m93n80000gn/T//cc0Jt81K.s:1278   .text.UARTEx_SetNbDataToProcess:00000000 $t
/var/folders/k1/1yttftd15rl7jxtpyc5m93n80000gn/T//cc0Jt81K.s:1355   .text.UARTEx_SetNbDataToProcess:00000094 $d
/var/folders/k1/1yttftd15rl7jxtpyc5m93n80000gn/T//cc0Jt81K.s:1362   .rodata.numerator.1:00000000 numerator.1
/var/folders/k1/1yttftd15rl7jxtpyc5m93n80000gn/T//cc0Jt81K.s:1368   .rodata.denominator.0:00000000 denominator.0
/var/folders/k1/1yttftd15rl7jxtpyc5m93n80000gn/T//cc0Jt81K.s:1359   .rodata.numerator.1:00000000 $d
/var/folders/k1/1yttftd15rl7jxtpyc5m93n80000gn/T//cc0Jt81K.s:1365   .rodata.denominator.0:00000000 $d

UNDEFINED SYMBOLS
HAL_UART_MspInit
UART_AdvFeatureConfig
UART_SetConfig
UART_CheckIdleState
HAL_GetTick
UART_WaitOnFlagUntilTimeout
UART_Start_Receive_IT
UART_Start_Receive_DMA
