ARM GAS  /var/folders/k1/1yttftd15rl7jxtpyc5m93n80000gn/T//ccr2siqR.s 			page 1


   1              		.cpu cortex-m4
   2              		.arch armv7e-m
   3              		.fpu fpv4-sp-d16
   4              		.eabi_attribute 27, 1
   5              		.eabi_attribute 28, 1
   6              		.eabi_attribute 20, 1
   7              		.eabi_attribute 21, 1
   8              		.eabi_attribute 23, 3
   9              		.eabi_attribute 24, 1
  10              		.eabi_attribute 25, 1
  11              		.eabi_attribute 26, 1
  12              		.eabi_attribute 30, 6
  13              		.eabi_attribute 34, 1
  14              		.eabi_attribute 18, 4
  15              		.file	"stm32g4xx_hal_dma.c"
  16              		.text
  17              		.section	.text.HAL_DMA_Init,"ax",%progbits
  18              		.align	1
  19              		.global	HAL_DMA_Init
  20              		.syntax unified
  21              		.thumb
  22              		.thumb_func
  24              	HAL_DMA_Init:
  25              		@ args = 0, pretend = 0, frame = 16
  26              		@ frame_needed = 1, uses_anonymous_args = 0
  27 0000 80B5     		push	{r7, lr}
  28 0002 84B0     		sub	sp, sp, #16
  29 0004 00AF     		add	r7, sp, #0
  30 0006 7860     		str	r0, [r7, #4]
  31 0008 7B68     		ldr	r3, [r7, #4]
  32 000a 002B     		cmp	r3, #0
  33 000c 01D1     		bne	.L2
  34 000e 0123     		movs	r3, #1
  35 0010 8EE0     		b	.L3
  36              	.L2:
  37 0012 7B68     		ldr	r3, [r7, #4]
  38 0014 1B68     		ldr	r3, [r3]
  39 0016 1A46     		mov	r2, r3
  40 0018 474B     		ldr	r3, .L9
  41 001a 9A42     		cmp	r2, r3
  42 001c 0FD8     		bhi	.L4
  43 001e 7B68     		ldr	r3, [r7, #4]
  44 0020 1B68     		ldr	r3, [r3]
  45 0022 1A46     		mov	r2, r3
  46 0024 454B     		ldr	r3, .L9+4
  47 0026 1344     		add	r3, r3, r2
  48 0028 454A     		ldr	r2, .L9+8
  49 002a A2FB0323 		umull	r2, r3, r2, r3
  50 002e 1B09     		lsrs	r3, r3, #4
  51 0030 9A00     		lsls	r2, r3, #2
  52 0032 7B68     		ldr	r3, [r7, #4]
  53 0034 5A64     		str	r2, [r3, #68]
  54 0036 7B68     		ldr	r3, [r7, #4]
  55 0038 424A     		ldr	r2, .L9+12
  56 003a 1A64     		str	r2, [r3, #64]
  57 003c 0EE0     		b	.L5
  58              	.L4:
ARM GAS  /var/folders/k1/1yttftd15rl7jxtpyc5m93n80000gn/T//ccr2siqR.s 			page 2


  59 003e 7B68     		ldr	r3, [r7, #4]
  60 0040 1B68     		ldr	r3, [r3]
  61 0042 1A46     		mov	r2, r3
  62 0044 404B     		ldr	r3, .L9+16
  63 0046 1344     		add	r3, r3, r2
  64 0048 3D4A     		ldr	r2, .L9+8
  65 004a A2FB0323 		umull	r2, r3, r2, r3
  66 004e 1B09     		lsrs	r3, r3, #4
  67 0050 9A00     		lsls	r2, r3, #2
  68 0052 7B68     		ldr	r3, [r7, #4]
  69 0054 5A64     		str	r2, [r3, #68]
  70 0056 7B68     		ldr	r3, [r7, #4]
  71 0058 3C4A     		ldr	r2, .L9+20
  72 005a 1A64     		str	r2, [r3, #64]
  73              	.L5:
  74 005c 7B68     		ldr	r3, [r7, #4]
  75 005e 0222     		movs	r2, #2
  76 0060 83F82520 		strb	r2, [r3, #37]
  77 0064 7B68     		ldr	r3, [r7, #4]
  78 0066 1B68     		ldr	r3, [r3]
  79 0068 1B68     		ldr	r3, [r3]
  80 006a FB60     		str	r3, [r7, #12]
  81 006c FB68     		ldr	r3, [r7, #12]
  82 006e 23F4FF43 		bic	r3, r3, #32640
  83 0072 23F07003 		bic	r3, r3, #112
  84 0076 FB60     		str	r3, [r7, #12]
  85 0078 7B68     		ldr	r3, [r7, #4]
  86 007a 9A68     		ldr	r2, [r3, #8]
  87 007c 7B68     		ldr	r3, [r7, #4]
  88 007e DB68     		ldr	r3, [r3, #12]
  89 0080 1A43     		orrs	r2, r2, r3
  90 0082 7B68     		ldr	r3, [r7, #4]
  91 0084 1B69     		ldr	r3, [r3, #16]
  92 0086 1A43     		orrs	r2, r2, r3
  93 0088 7B68     		ldr	r3, [r7, #4]
  94 008a 5B69     		ldr	r3, [r3, #20]
  95 008c 1A43     		orrs	r2, r2, r3
  96 008e 7B68     		ldr	r3, [r7, #4]
  97 0090 9B69     		ldr	r3, [r3, #24]
  98 0092 1A43     		orrs	r2, r2, r3
  99 0094 7B68     		ldr	r3, [r7, #4]
 100 0096 DB69     		ldr	r3, [r3, #28]
 101 0098 1A43     		orrs	r2, r2, r3
 102 009a 7B68     		ldr	r3, [r7, #4]
 103 009c 1B6A     		ldr	r3, [r3, #32]
 104 009e 1343     		orrs	r3, r3, r2
 105 00a0 FA68     		ldr	r2, [r7, #12]
 106 00a2 1343     		orrs	r3, r3, r2
 107 00a4 FB60     		str	r3, [r7, #12]
 108 00a6 7B68     		ldr	r3, [r7, #4]
 109 00a8 1B68     		ldr	r3, [r3]
 110 00aa FA68     		ldr	r2, [r7, #12]
 111 00ac 1A60     		str	r2, [r3]
 112 00ae 7868     		ldr	r0, [r7, #4]
 113 00b0 FFF7FEFF 		bl	DMA_CalcDMAMUXChannelBaseAndMask
 114 00b4 7B68     		ldr	r3, [r7, #4]
 115 00b6 9B68     		ldr	r3, [r3, #8]
ARM GAS  /var/folders/k1/1yttftd15rl7jxtpyc5m93n80000gn/T//ccr2siqR.s 			page 3


 116 00b8 B3F5804F 		cmp	r3, #16384
 117 00bc 02D1     		bne	.L6
 118 00be 7B68     		ldr	r3, [r7, #4]
 119 00c0 0022     		movs	r2, #0
 120 00c2 5A60     		str	r2, [r3, #4]
 121              	.L6:
 122 00c4 7B68     		ldr	r3, [r7, #4]
 123 00c6 5A68     		ldr	r2, [r3, #4]
 124 00c8 7B68     		ldr	r3, [r7, #4]
 125 00ca 9B6C     		ldr	r3, [r3, #72]
 126 00cc 02F07F02 		and	r2, r2, #127
 127 00d0 1A60     		str	r2, [r3]
 128 00d2 7B68     		ldr	r3, [r7, #4]
 129 00d4 DB6C     		ldr	r3, [r3, #76]
 130 00d6 7A68     		ldr	r2, [r7, #4]
 131 00d8 126D     		ldr	r2, [r2, #80]
 132 00da 5A60     		str	r2, [r3, #4]
 133 00dc 7B68     		ldr	r3, [r7, #4]
 134 00de 5B68     		ldr	r3, [r3, #4]
 135 00e0 002B     		cmp	r3, #0
 136 00e2 10D0     		beq	.L7
 137 00e4 7B68     		ldr	r3, [r7, #4]
 138 00e6 5B68     		ldr	r3, [r3, #4]
 139 00e8 042B     		cmp	r3, #4
 140 00ea 0CD8     		bhi	.L7
 141 00ec 7868     		ldr	r0, [r7, #4]
 142 00ee FFF7FEFF 		bl	DMA_CalcDMAMUXRequestGenBaseAndMask
 143 00f2 7B68     		ldr	r3, [r7, #4]
 144 00f4 5B6D     		ldr	r3, [r3, #84]
 145 00f6 0022     		movs	r2, #0
 146 00f8 1A60     		str	r2, [r3]
 147 00fa 7B68     		ldr	r3, [r7, #4]
 148 00fc 9B6D     		ldr	r3, [r3, #88]
 149 00fe 7A68     		ldr	r2, [r7, #4]
 150 0100 D26D     		ldr	r2, [r2, #92]
 151 0102 5A60     		str	r2, [r3, #4]
 152 0104 08E0     		b	.L8
 153              	.L7:
 154 0106 7B68     		ldr	r3, [r7, #4]
 155 0108 0022     		movs	r2, #0
 156 010a 5A65     		str	r2, [r3, #84]
 157 010c 7B68     		ldr	r3, [r7, #4]
 158 010e 0022     		movs	r2, #0
 159 0110 9A65     		str	r2, [r3, #88]
 160 0112 7B68     		ldr	r3, [r7, #4]
 161 0114 0022     		movs	r2, #0
 162 0116 DA65     		str	r2, [r3, #92]
 163              	.L8:
 164 0118 7B68     		ldr	r3, [r7, #4]
 165 011a 0022     		movs	r2, #0
 166 011c DA63     		str	r2, [r3, #60]
 167 011e 7B68     		ldr	r3, [r7, #4]
 168 0120 0122     		movs	r2, #1
 169 0122 83F82520 		strb	r2, [r3, #37]
 170 0126 7B68     		ldr	r3, [r7, #4]
 171 0128 0022     		movs	r2, #0
 172 012a 83F82420 		strb	r2, [r3, #36]
ARM GAS  /var/folders/k1/1yttftd15rl7jxtpyc5m93n80000gn/T//ccr2siqR.s 			page 4


 173 012e 0023     		movs	r3, #0
 174              	.L3:
 175 0130 1846     		mov	r0, r3
 176 0132 1037     		adds	r7, r7, #16
 177 0134 BD46     		mov	sp, r7
 178              		@ sp needed
 179 0136 80BD     		pop	{r7, pc}
 180              	.L10:
 181              		.align	2
 182              	.L9:
 183 0138 07040240 		.word	1073873927
 184 013c F8FFFDBF 		.word	-1073872904
 185 0140 CDCCCCCC 		.word	-858993459
 186 0144 00000240 		.word	1073872896
 187 0148 F8FBFDBF 		.word	-1073873928
 188 014c 00040240 		.word	1073873920
 190              		.section	.text.HAL_DMA_DeInit,"ax",%progbits
 191              		.align	1
 192              		.global	HAL_DMA_DeInit
 193              		.syntax unified
 194              		.thumb
 195              		.thumb_func
 197              	HAL_DMA_DeInit:
 198              		@ args = 0, pretend = 0, frame = 8
 199              		@ frame_needed = 1, uses_anonymous_args = 0
 200 0000 80B5     		push	{r7, lr}
 201 0002 82B0     		sub	sp, sp, #8
 202 0004 00AF     		add	r7, sp, #0
 203 0006 7860     		str	r0, [r7, #4]
 204 0008 7B68     		ldr	r3, [r7, #4]
 205 000a 002B     		cmp	r3, #0
 206 000c 01D1     		bne	.L12
 207 000e 0123     		movs	r3, #1
 208 0010 7BE0     		b	.L13
 209              	.L12:
 210 0012 7B68     		ldr	r3, [r7, #4]
 211 0014 1B68     		ldr	r3, [r3]
 212 0016 1A68     		ldr	r2, [r3]
 213 0018 7B68     		ldr	r3, [r7, #4]
 214 001a 1B68     		ldr	r3, [r3]
 215 001c 22F00102 		bic	r2, r2, #1
 216 0020 1A60     		str	r2, [r3]
 217 0022 7B68     		ldr	r3, [r7, #4]
 218 0024 1B68     		ldr	r3, [r3]
 219 0026 1A46     		mov	r2, r3
 220 0028 3A4B     		ldr	r3, .L17
 221 002a 9A42     		cmp	r2, r3
 222 002c 0FD8     		bhi	.L14
 223 002e 7B68     		ldr	r3, [r7, #4]
 224 0030 1B68     		ldr	r3, [r3]
 225 0032 1A46     		mov	r2, r3
 226 0034 384B     		ldr	r3, .L17+4
 227 0036 1344     		add	r3, r3, r2
 228 0038 384A     		ldr	r2, .L17+8
 229 003a A2FB0323 		umull	r2, r3, r2, r3
 230 003e 1B09     		lsrs	r3, r3, #4
 231 0040 9A00     		lsls	r2, r3, #2
ARM GAS  /var/folders/k1/1yttftd15rl7jxtpyc5m93n80000gn/T//ccr2siqR.s 			page 5


 232 0042 7B68     		ldr	r3, [r7, #4]
 233 0044 5A64     		str	r2, [r3, #68]
 234 0046 7B68     		ldr	r3, [r7, #4]
 235 0048 354A     		ldr	r2, .L17+12
 236 004a 1A64     		str	r2, [r3, #64]
 237 004c 0EE0     		b	.L15
 238              	.L14:
 239 004e 7B68     		ldr	r3, [r7, #4]
 240 0050 1B68     		ldr	r3, [r3]
 241 0052 1A46     		mov	r2, r3
 242 0054 334B     		ldr	r3, .L17+16
 243 0056 1344     		add	r3, r3, r2
 244 0058 304A     		ldr	r2, .L17+8
 245 005a A2FB0323 		umull	r2, r3, r2, r3
 246 005e 1B09     		lsrs	r3, r3, #4
 247 0060 9A00     		lsls	r2, r3, #2
 248 0062 7B68     		ldr	r3, [r7, #4]
 249 0064 5A64     		str	r2, [r3, #68]
 250 0066 7B68     		ldr	r3, [r7, #4]
 251 0068 2F4A     		ldr	r2, .L17+20
 252 006a 1A64     		str	r2, [r3, #64]
 253              	.L15:
 254 006c 7B68     		ldr	r3, [r7, #4]
 255 006e 1B68     		ldr	r3, [r3]
 256 0070 0022     		movs	r2, #0
 257 0072 1A60     		str	r2, [r3]
 258 0074 7B68     		ldr	r3, [r7, #4]
 259 0076 5B6C     		ldr	r3, [r3, #68]
 260 0078 03F01F02 		and	r2, r3, #31
 261 007c 7B68     		ldr	r3, [r7, #4]
 262 007e 1B6C     		ldr	r3, [r3, #64]
 263 0080 0121     		movs	r1, #1
 264 0082 01FA02F2 		lsl	r2, r1, r2
 265 0086 5A60     		str	r2, [r3, #4]
 266 0088 7868     		ldr	r0, [r7, #4]
 267 008a FFF7FEFF 		bl	DMA_CalcDMAMUXChannelBaseAndMask
 268 008e 7B68     		ldr	r3, [r7, #4]
 269 0090 9B6C     		ldr	r3, [r3, #72]
 270 0092 0022     		movs	r2, #0
 271 0094 1A60     		str	r2, [r3]
 272 0096 7B68     		ldr	r3, [r7, #4]
 273 0098 DB6C     		ldr	r3, [r3, #76]
 274 009a 7A68     		ldr	r2, [r7, #4]
 275 009c 126D     		ldr	r2, [r2, #80]
 276 009e 5A60     		str	r2, [r3, #4]
 277 00a0 7B68     		ldr	r3, [r7, #4]
 278 00a2 5B68     		ldr	r3, [r3, #4]
 279 00a4 002B     		cmp	r3, #0
 280 00a6 0FD0     		beq	.L16
 281 00a8 7B68     		ldr	r3, [r7, #4]
 282 00aa 5B68     		ldr	r3, [r3, #4]
 283 00ac 042B     		cmp	r3, #4
 284 00ae 0BD8     		bhi	.L16
 285 00b0 7868     		ldr	r0, [r7, #4]
 286 00b2 FFF7FEFF 		bl	DMA_CalcDMAMUXRequestGenBaseAndMask
 287 00b6 7B68     		ldr	r3, [r7, #4]
 288 00b8 5B6D     		ldr	r3, [r3, #84]
ARM GAS  /var/folders/k1/1yttftd15rl7jxtpyc5m93n80000gn/T//ccr2siqR.s 			page 6


 289 00ba 0022     		movs	r2, #0
 290 00bc 1A60     		str	r2, [r3]
 291 00be 7B68     		ldr	r3, [r7, #4]
 292 00c0 9B6D     		ldr	r3, [r3, #88]
 293 00c2 7A68     		ldr	r2, [r7, #4]
 294 00c4 D26D     		ldr	r2, [r2, #92]
 295 00c6 5A60     		str	r2, [r3, #4]
 296              	.L16:
 297 00c8 7B68     		ldr	r3, [r7, #4]
 298 00ca 0022     		movs	r2, #0
 299 00cc 5A65     		str	r2, [r3, #84]
 300 00ce 7B68     		ldr	r3, [r7, #4]
 301 00d0 0022     		movs	r2, #0
 302 00d2 9A65     		str	r2, [r3, #88]
 303 00d4 7B68     		ldr	r3, [r7, #4]
 304 00d6 0022     		movs	r2, #0
 305 00d8 DA65     		str	r2, [r3, #92]
 306 00da 7B68     		ldr	r3, [r7, #4]
 307 00dc 0022     		movs	r2, #0
 308 00de DA62     		str	r2, [r3, #44]
 309 00e0 7B68     		ldr	r3, [r7, #4]
 310 00e2 0022     		movs	r2, #0
 311 00e4 1A63     		str	r2, [r3, #48]
 312 00e6 7B68     		ldr	r3, [r7, #4]
 313 00e8 0022     		movs	r2, #0
 314 00ea 5A63     		str	r2, [r3, #52]
 315 00ec 7B68     		ldr	r3, [r7, #4]
 316 00ee 0022     		movs	r2, #0
 317 00f0 9A63     		str	r2, [r3, #56]
 318 00f2 7B68     		ldr	r3, [r7, #4]
 319 00f4 0022     		movs	r2, #0
 320 00f6 DA63     		str	r2, [r3, #60]
 321 00f8 7B68     		ldr	r3, [r7, #4]
 322 00fa 0022     		movs	r2, #0
 323 00fc 83F82520 		strb	r2, [r3, #37]
 324 0100 7B68     		ldr	r3, [r7, #4]
 325 0102 0022     		movs	r2, #0
 326 0104 83F82420 		strb	r2, [r3, #36]
 327 0108 0023     		movs	r3, #0
 328              	.L13:
 329 010a 1846     		mov	r0, r3
 330 010c 0837     		adds	r7, r7, #8
 331 010e BD46     		mov	sp, r7
 332              		@ sp needed
 333 0110 80BD     		pop	{r7, pc}
 334              	.L18:
 335 0112 00BF     		.align	2
 336              	.L17:
 337 0114 07040240 		.word	1073873927
 338 0118 F8FFFDBF 		.word	-1073872904
 339 011c CDCCCCCC 		.word	-858993459
 340 0120 00000240 		.word	1073872896
 341 0124 F8FBFDBF 		.word	-1073873928
 342 0128 00040240 		.word	1073873920
 344              		.section	.text.HAL_DMA_Start,"ax",%progbits
 345              		.align	1
 346              		.global	HAL_DMA_Start
ARM GAS  /var/folders/k1/1yttftd15rl7jxtpyc5m93n80000gn/T//ccr2siqR.s 			page 7


 347              		.syntax unified
 348              		.thumb
 349              		.thumb_func
 351              	HAL_DMA_Start:
 352              		@ args = 0, pretend = 0, frame = 24
 353              		@ frame_needed = 1, uses_anonymous_args = 0
 354 0000 80B5     		push	{r7, lr}
 355 0002 86B0     		sub	sp, sp, #24
 356 0004 00AF     		add	r7, sp, #0
 357 0006 F860     		str	r0, [r7, #12]
 358 0008 B960     		str	r1, [r7, #8]
 359 000a 7A60     		str	r2, [r7, #4]
 360 000c 3B60     		str	r3, [r7]
 361 000e 0023     		movs	r3, #0
 362 0010 FB75     		strb	r3, [r7, #23]
 363 0012 FB68     		ldr	r3, [r7, #12]
 364 0014 93F82430 		ldrb	r3, [r3, #36]	@ zero_extendqisi2
 365 0018 012B     		cmp	r3, #1
 366 001a 01D1     		bne	.L20
 367 001c 0223     		movs	r3, #2
 368 001e 2EE0     		b	.L21
 369              	.L20:
 370 0020 FB68     		ldr	r3, [r7, #12]
 371 0022 0122     		movs	r2, #1
 372 0024 83F82420 		strb	r2, [r3, #36]
 373 0028 FB68     		ldr	r3, [r7, #12]
 374 002a 93F82530 		ldrb	r3, [r3, #37]
 375 002e DBB2     		uxtb	r3, r3
 376 0030 012B     		cmp	r3, #1
 377 0032 1DD1     		bne	.L22
 378 0034 FB68     		ldr	r3, [r7, #12]
 379 0036 0222     		movs	r2, #2
 380 0038 83F82520 		strb	r2, [r3, #37]
 381 003c FB68     		ldr	r3, [r7, #12]
 382 003e 0022     		movs	r2, #0
 383 0040 DA63     		str	r2, [r3, #60]
 384 0042 FB68     		ldr	r3, [r7, #12]
 385 0044 1B68     		ldr	r3, [r3]
 386 0046 1A68     		ldr	r2, [r3]
 387 0048 FB68     		ldr	r3, [r7, #12]
 388 004a 1B68     		ldr	r3, [r3]
 389 004c 22F00102 		bic	r2, r2, #1
 390 0050 1A60     		str	r2, [r3]
 391 0052 3B68     		ldr	r3, [r7]
 392 0054 7A68     		ldr	r2, [r7, #4]
 393 0056 B968     		ldr	r1, [r7, #8]
 394 0058 F868     		ldr	r0, [r7, #12]
 395 005a FFF7FEFF 		bl	DMA_SetConfig
 396 005e FB68     		ldr	r3, [r7, #12]
 397 0060 1B68     		ldr	r3, [r3]
 398 0062 1A68     		ldr	r2, [r3]
 399 0064 FB68     		ldr	r3, [r7, #12]
 400 0066 1B68     		ldr	r3, [r3]
 401 0068 42F00102 		orr	r2, r2, #1
 402 006c 1A60     		str	r2, [r3]
 403 006e 05E0     		b	.L23
 404              	.L22:
ARM GAS  /var/folders/k1/1yttftd15rl7jxtpyc5m93n80000gn/T//ccr2siqR.s 			page 8


 405 0070 FB68     		ldr	r3, [r7, #12]
 406 0072 0022     		movs	r2, #0
 407 0074 83F82420 		strb	r2, [r3, #36]
 408 0078 0223     		movs	r3, #2
 409 007a FB75     		strb	r3, [r7, #23]
 410              	.L23:
 411 007c FB7D     		ldrb	r3, [r7, #23]	@ zero_extendqisi2
 412              	.L21:
 413 007e 1846     		mov	r0, r3
 414 0080 1837     		adds	r7, r7, #24
 415 0082 BD46     		mov	sp, r7
 416              		@ sp needed
 417 0084 80BD     		pop	{r7, pc}
 419              		.section	.text.HAL_DMA_Start_IT,"ax",%progbits
 420              		.align	1
 421              		.global	HAL_DMA_Start_IT
 422              		.syntax unified
 423              		.thumb
 424              		.thumb_func
 426              	HAL_DMA_Start_IT:
 427              		@ args = 0, pretend = 0, frame = 24
 428              		@ frame_needed = 1, uses_anonymous_args = 0
 429 0000 80B5     		push	{r7, lr}
 430 0002 86B0     		sub	sp, sp, #24
 431 0004 00AF     		add	r7, sp, #0
 432 0006 F860     		str	r0, [r7, #12]
 433 0008 B960     		str	r1, [r7, #8]
 434 000a 7A60     		str	r2, [r7, #4]
 435 000c 3B60     		str	r3, [r7]
 436 000e 0023     		movs	r3, #0
 437 0010 FB75     		strb	r3, [r7, #23]
 438 0012 FB68     		ldr	r3, [r7, #12]
 439 0014 93F82430 		ldrb	r3, [r3, #36]	@ zero_extendqisi2
 440 0018 012B     		cmp	r3, #1
 441 001a 01D1     		bne	.L25
 442 001c 0223     		movs	r3, #2
 443 001e 66E0     		b	.L26
 444              	.L25:
 445 0020 FB68     		ldr	r3, [r7, #12]
 446 0022 0122     		movs	r2, #1
 447 0024 83F82420 		strb	r2, [r3, #36]
 448 0028 FB68     		ldr	r3, [r7, #12]
 449 002a 93F82530 		ldrb	r3, [r3, #37]
 450 002e DBB2     		uxtb	r3, r3
 451 0030 012B     		cmp	r3, #1
 452 0032 55D1     		bne	.L27
 453 0034 FB68     		ldr	r3, [r7, #12]
 454 0036 0222     		movs	r2, #2
 455 0038 83F82520 		strb	r2, [r3, #37]
 456 003c FB68     		ldr	r3, [r7, #12]
 457 003e 0022     		movs	r2, #0
 458 0040 DA63     		str	r2, [r3, #60]
 459 0042 FB68     		ldr	r3, [r7, #12]
 460 0044 1B68     		ldr	r3, [r3]
 461 0046 1A68     		ldr	r2, [r3]
 462 0048 FB68     		ldr	r3, [r7, #12]
 463 004a 1B68     		ldr	r3, [r3]
ARM GAS  /var/folders/k1/1yttftd15rl7jxtpyc5m93n80000gn/T//ccr2siqR.s 			page 9


 464 004c 22F00102 		bic	r2, r2, #1
 465 0050 1A60     		str	r2, [r3]
 466 0052 3B68     		ldr	r3, [r7]
 467 0054 7A68     		ldr	r2, [r7, #4]
 468 0056 B968     		ldr	r1, [r7, #8]
 469 0058 F868     		ldr	r0, [r7, #12]
 470 005a FFF7FEFF 		bl	DMA_SetConfig
 471 005e FB68     		ldr	r3, [r7, #12]
 472 0060 1B6B     		ldr	r3, [r3, #48]
 473 0062 002B     		cmp	r3, #0
 474 0064 08D0     		beq	.L28
 475 0066 FB68     		ldr	r3, [r7, #12]
 476 0068 1B68     		ldr	r3, [r3]
 477 006a 1A68     		ldr	r2, [r3]
 478 006c FB68     		ldr	r3, [r7, #12]
 479 006e 1B68     		ldr	r3, [r3]
 480 0070 42F00E02 		orr	r2, r2, #14
 481 0074 1A60     		str	r2, [r3]
 482 0076 0FE0     		b	.L29
 483              	.L28:
 484 0078 FB68     		ldr	r3, [r7, #12]
 485 007a 1B68     		ldr	r3, [r3]
 486 007c 1A68     		ldr	r2, [r3]
 487 007e FB68     		ldr	r3, [r7, #12]
 488 0080 1B68     		ldr	r3, [r3]
 489 0082 22F00402 		bic	r2, r2, #4
 490 0086 1A60     		str	r2, [r3]
 491 0088 FB68     		ldr	r3, [r7, #12]
 492 008a 1B68     		ldr	r3, [r3]
 493 008c 1A68     		ldr	r2, [r3]
 494 008e FB68     		ldr	r3, [r7, #12]
 495 0090 1B68     		ldr	r3, [r3]
 496 0092 42F00A02 		orr	r2, r2, #10
 497 0096 1A60     		str	r2, [r3]
 498              	.L29:
 499 0098 FB68     		ldr	r3, [r7, #12]
 500 009a 9B6C     		ldr	r3, [r3, #72]
 501 009c 1B68     		ldr	r3, [r3]
 502 009e 03F48033 		and	r3, r3, #65536
 503 00a2 002B     		cmp	r3, #0
 504 00a4 07D0     		beq	.L30
 505 00a6 FB68     		ldr	r3, [r7, #12]
 506 00a8 9B6C     		ldr	r3, [r3, #72]
 507 00aa 1A68     		ldr	r2, [r3]
 508 00ac FB68     		ldr	r3, [r7, #12]
 509 00ae 9B6C     		ldr	r3, [r3, #72]
 510 00b0 42F48072 		orr	r2, r2, #256
 511 00b4 1A60     		str	r2, [r3]
 512              	.L30:
 513 00b6 FB68     		ldr	r3, [r7, #12]
 514 00b8 5B6D     		ldr	r3, [r3, #84]
 515 00ba 002B     		cmp	r3, #0
 516 00bc 07D0     		beq	.L31
 517 00be FB68     		ldr	r3, [r7, #12]
 518 00c0 5B6D     		ldr	r3, [r3, #84]
 519 00c2 1A68     		ldr	r2, [r3]
 520 00c4 FB68     		ldr	r3, [r7, #12]
ARM GAS  /var/folders/k1/1yttftd15rl7jxtpyc5m93n80000gn/T//ccr2siqR.s 			page 10


 521 00c6 5B6D     		ldr	r3, [r3, #84]
 522 00c8 42F48072 		orr	r2, r2, #256
 523 00cc 1A60     		str	r2, [r3]
 524              	.L31:
 525 00ce FB68     		ldr	r3, [r7, #12]
 526 00d0 1B68     		ldr	r3, [r3]
 527 00d2 1A68     		ldr	r2, [r3]
 528 00d4 FB68     		ldr	r3, [r7, #12]
 529 00d6 1B68     		ldr	r3, [r3]
 530 00d8 42F00102 		orr	r2, r2, #1
 531 00dc 1A60     		str	r2, [r3]
 532 00de 05E0     		b	.L32
 533              	.L27:
 534 00e0 FB68     		ldr	r3, [r7, #12]
 535 00e2 0022     		movs	r2, #0
 536 00e4 83F82420 		strb	r2, [r3, #36]
 537 00e8 0223     		movs	r3, #2
 538 00ea FB75     		strb	r3, [r7, #23]
 539              	.L32:
 540 00ec FB7D     		ldrb	r3, [r7, #23]	@ zero_extendqisi2
 541              	.L26:
 542 00ee 1846     		mov	r0, r3
 543 00f0 1837     		adds	r7, r7, #24
 544 00f2 BD46     		mov	sp, r7
 545              		@ sp needed
 546 00f4 80BD     		pop	{r7, pc}
 548              		.section	.text.HAL_DMA_Abort,"ax",%progbits
 549              		.align	1
 550              		.global	HAL_DMA_Abort
 551              		.syntax unified
 552              		.thumb
 553              		.thumb_func
 555              	HAL_DMA_Abort:
 556              		@ args = 0, pretend = 0, frame = 16
 557              		@ frame_needed = 1, uses_anonymous_args = 0
 558              		@ link register save eliminated.
 559 0000 80B4     		push	{r7}
 560 0002 85B0     		sub	sp, sp, #20
 561 0004 00AF     		add	r7, sp, #0
 562 0006 7860     		str	r0, [r7, #4]
 563 0008 0023     		movs	r3, #0
 564 000a FB73     		strb	r3, [r7, #15]
 565 000c 7B68     		ldr	r3, [r7, #4]
 566 000e 002B     		cmp	r3, #0
 567 0010 01D1     		bne	.L34
 568 0012 0123     		movs	r3, #1
 569 0014 4CE0     		b	.L35
 570              	.L34:
 571 0016 7B68     		ldr	r3, [r7, #4]
 572 0018 93F82530 		ldrb	r3, [r3, #37]
 573 001c DBB2     		uxtb	r3, r3
 574 001e 022B     		cmp	r3, #2
 575 0020 05D0     		beq	.L36
 576 0022 7B68     		ldr	r3, [r7, #4]
 577 0024 0422     		movs	r2, #4
 578 0026 DA63     		str	r2, [r3, #60]
 579 0028 0123     		movs	r3, #1
ARM GAS  /var/folders/k1/1yttftd15rl7jxtpyc5m93n80000gn/T//ccr2siqR.s 			page 11


 580 002a FB73     		strb	r3, [r7, #15]
 581 002c 37E0     		b	.L37
 582              	.L36:
 583 002e 7B68     		ldr	r3, [r7, #4]
 584 0030 1B68     		ldr	r3, [r3]
 585 0032 1A68     		ldr	r2, [r3]
 586 0034 7B68     		ldr	r3, [r7, #4]
 587 0036 1B68     		ldr	r3, [r3]
 588 0038 22F00102 		bic	r2, r2, #1
 589 003c 1A60     		str	r2, [r3]
 590 003e 7B68     		ldr	r3, [r7, #4]
 591 0040 1B68     		ldr	r3, [r3]
 592 0042 1A68     		ldr	r2, [r3]
 593 0044 7B68     		ldr	r3, [r7, #4]
 594 0046 1B68     		ldr	r3, [r3]
 595 0048 22F00E02 		bic	r2, r2, #14
 596 004c 1A60     		str	r2, [r3]
 597 004e 7B68     		ldr	r3, [r7, #4]
 598 0050 9B6C     		ldr	r3, [r3, #72]
 599 0052 1A68     		ldr	r2, [r3]
 600 0054 7B68     		ldr	r3, [r7, #4]
 601 0056 9B6C     		ldr	r3, [r3, #72]
 602 0058 22F48072 		bic	r2, r2, #256
 603 005c 1A60     		str	r2, [r3]
 604 005e 7B68     		ldr	r3, [r7, #4]
 605 0060 5B6C     		ldr	r3, [r3, #68]
 606 0062 03F01F02 		and	r2, r3, #31
 607 0066 7B68     		ldr	r3, [r7, #4]
 608 0068 1B6C     		ldr	r3, [r3, #64]
 609 006a 0121     		movs	r1, #1
 610 006c 01FA02F2 		lsl	r2, r1, r2
 611 0070 5A60     		str	r2, [r3, #4]
 612 0072 7B68     		ldr	r3, [r7, #4]
 613 0074 DB6C     		ldr	r3, [r3, #76]
 614 0076 7A68     		ldr	r2, [r7, #4]
 615 0078 126D     		ldr	r2, [r2, #80]
 616 007a 5A60     		str	r2, [r3, #4]
 617 007c 7B68     		ldr	r3, [r7, #4]
 618 007e 5B6D     		ldr	r3, [r3, #84]
 619 0080 002B     		cmp	r3, #0
 620 0082 0CD0     		beq	.L37
 621 0084 7B68     		ldr	r3, [r7, #4]
 622 0086 5B6D     		ldr	r3, [r3, #84]
 623 0088 1A68     		ldr	r2, [r3]
 624 008a 7B68     		ldr	r3, [r7, #4]
 625 008c 5B6D     		ldr	r3, [r3, #84]
 626 008e 22F48072 		bic	r2, r2, #256
 627 0092 1A60     		str	r2, [r3]
 628 0094 7B68     		ldr	r3, [r7, #4]
 629 0096 9B6D     		ldr	r3, [r3, #88]
 630 0098 7A68     		ldr	r2, [r7, #4]
 631 009a D26D     		ldr	r2, [r2, #92]
 632 009c 5A60     		str	r2, [r3, #4]
 633              	.L37:
 634 009e 7B68     		ldr	r3, [r7, #4]
 635 00a0 0122     		movs	r2, #1
 636 00a2 83F82520 		strb	r2, [r3, #37]
ARM GAS  /var/folders/k1/1yttftd15rl7jxtpyc5m93n80000gn/T//ccr2siqR.s 			page 12


 637 00a6 7B68     		ldr	r3, [r7, #4]
 638 00a8 0022     		movs	r2, #0
 639 00aa 83F82420 		strb	r2, [r3, #36]
 640 00ae FB7B     		ldrb	r3, [r7, #15]	@ zero_extendqisi2
 641              	.L35:
 642 00b0 1846     		mov	r0, r3
 643 00b2 1437     		adds	r7, r7, #20
 644 00b4 BD46     		mov	sp, r7
 645              		@ sp needed
 646 00b6 5DF8047B 		ldr	r7, [sp], #4
 647 00ba 7047     		bx	lr
 649              		.section	.text.HAL_DMA_Abort_IT,"ax",%progbits
 650              		.align	1
 651              		.global	HAL_DMA_Abort_IT
 652              		.syntax unified
 653              		.thumb
 654              		.thumb_func
 656              	HAL_DMA_Abort_IT:
 657              		@ args = 0, pretend = 0, frame = 16
 658              		@ frame_needed = 1, uses_anonymous_args = 0
 659 0000 80B5     		push	{r7, lr}
 660 0002 84B0     		sub	sp, sp, #16
 661 0004 00AF     		add	r7, sp, #0
 662 0006 7860     		str	r0, [r7, #4]
 663 0008 0023     		movs	r3, #0
 664 000a FB73     		strb	r3, [r7, #15]
 665 000c 7B68     		ldr	r3, [r7, #4]
 666 000e 93F82530 		ldrb	r3, [r3, #37]
 667 0012 DBB2     		uxtb	r3, r3
 668 0014 022B     		cmp	r3, #2
 669 0016 0DD0     		beq	.L39
 670 0018 7B68     		ldr	r3, [r7, #4]
 671 001a 0422     		movs	r2, #4
 672 001c DA63     		str	r2, [r3, #60]
 673 001e 7B68     		ldr	r3, [r7, #4]
 674 0020 0122     		movs	r2, #1
 675 0022 83F82520 		strb	r2, [r3, #37]
 676 0026 7B68     		ldr	r3, [r7, #4]
 677 0028 0022     		movs	r2, #0
 678 002a 83F82420 		strb	r2, [r3, #36]
 679 002e 0123     		movs	r3, #1
 680 0030 FB73     		strb	r3, [r7, #15]
 681 0032 47E0     		b	.L40
 682              	.L39:
 683 0034 7B68     		ldr	r3, [r7, #4]
 684 0036 1B68     		ldr	r3, [r3]
 685 0038 1A68     		ldr	r2, [r3]
 686 003a 7B68     		ldr	r3, [r7, #4]
 687 003c 1B68     		ldr	r3, [r3]
 688 003e 22F00102 		bic	r2, r2, #1
 689 0042 1A60     		str	r2, [r3]
 690 0044 7B68     		ldr	r3, [r7, #4]
 691 0046 1B68     		ldr	r3, [r3]
 692 0048 1A68     		ldr	r2, [r3]
 693 004a 7B68     		ldr	r3, [r7, #4]
 694 004c 1B68     		ldr	r3, [r3]
 695 004e 22F00E02 		bic	r2, r2, #14
ARM GAS  /var/folders/k1/1yttftd15rl7jxtpyc5m93n80000gn/T//ccr2siqR.s 			page 13


 696 0052 1A60     		str	r2, [r3]
 697 0054 7B68     		ldr	r3, [r7, #4]
 698 0056 9B6C     		ldr	r3, [r3, #72]
 699 0058 1A68     		ldr	r2, [r3]
 700 005a 7B68     		ldr	r3, [r7, #4]
 701 005c 9B6C     		ldr	r3, [r3, #72]
 702 005e 22F48072 		bic	r2, r2, #256
 703 0062 1A60     		str	r2, [r3]
 704 0064 7B68     		ldr	r3, [r7, #4]
 705 0066 5B6C     		ldr	r3, [r3, #68]
 706 0068 03F01F02 		and	r2, r3, #31
 707 006c 7B68     		ldr	r3, [r7, #4]
 708 006e 1B6C     		ldr	r3, [r3, #64]
 709 0070 0121     		movs	r1, #1
 710 0072 01FA02F2 		lsl	r2, r1, r2
 711 0076 5A60     		str	r2, [r3, #4]
 712 0078 7B68     		ldr	r3, [r7, #4]
 713 007a DB6C     		ldr	r3, [r3, #76]
 714 007c 7A68     		ldr	r2, [r7, #4]
 715 007e 126D     		ldr	r2, [r2, #80]
 716 0080 5A60     		str	r2, [r3, #4]
 717 0082 7B68     		ldr	r3, [r7, #4]
 718 0084 5B6D     		ldr	r3, [r3, #84]
 719 0086 002B     		cmp	r3, #0
 720 0088 0CD0     		beq	.L41
 721 008a 7B68     		ldr	r3, [r7, #4]
 722 008c 5B6D     		ldr	r3, [r3, #84]
 723 008e 1A68     		ldr	r2, [r3]
 724 0090 7B68     		ldr	r3, [r7, #4]
 725 0092 5B6D     		ldr	r3, [r3, #84]
 726 0094 22F48072 		bic	r2, r2, #256
 727 0098 1A60     		str	r2, [r3]
 728 009a 7B68     		ldr	r3, [r7, #4]
 729 009c 9B6D     		ldr	r3, [r3, #88]
 730 009e 7A68     		ldr	r2, [r7, #4]
 731 00a0 D26D     		ldr	r2, [r2, #92]
 732 00a2 5A60     		str	r2, [r3, #4]
 733              	.L41:
 734 00a4 7B68     		ldr	r3, [r7, #4]
 735 00a6 0122     		movs	r2, #1
 736 00a8 83F82520 		strb	r2, [r3, #37]
 737 00ac 7B68     		ldr	r3, [r7, #4]
 738 00ae 0022     		movs	r2, #0
 739 00b0 83F82420 		strb	r2, [r3, #36]
 740 00b4 7B68     		ldr	r3, [r7, #4]
 741 00b6 9B6B     		ldr	r3, [r3, #56]
 742 00b8 002B     		cmp	r3, #0
 743 00ba 03D0     		beq	.L40
 744 00bc 7B68     		ldr	r3, [r7, #4]
 745 00be 9B6B     		ldr	r3, [r3, #56]
 746 00c0 7868     		ldr	r0, [r7, #4]
 747 00c2 9847     		blx	r3
 748              	.L40:
 749 00c4 FB7B     		ldrb	r3, [r7, #15]	@ zero_extendqisi2
 750 00c6 1846     		mov	r0, r3
 751 00c8 1037     		adds	r7, r7, #16
 752 00ca BD46     		mov	sp, r7
ARM GAS  /var/folders/k1/1yttftd15rl7jxtpyc5m93n80000gn/T//ccr2siqR.s 			page 14


 753              		@ sp needed
 754 00cc 80BD     		pop	{r7, pc}
 756              		.section	.text.HAL_DMA_PollForTransfer,"ax",%progbits
 757              		.align	1
 758              		.global	HAL_DMA_PollForTransfer
 759              		.syntax unified
 760              		.thumb
 761              		.thumb_func
 763              	HAL_DMA_PollForTransfer:
 764              		@ args = 0, pretend = 0, frame = 24
 765              		@ frame_needed = 1, uses_anonymous_args = 0
 766 0000 80B5     		push	{r7, lr}
 767 0002 86B0     		sub	sp, sp, #24
 768 0004 00AF     		add	r7, sp, #0
 769 0006 F860     		str	r0, [r7, #12]
 770 0008 0B46     		mov	r3, r1
 771 000a 7A60     		str	r2, [r7, #4]
 772 000c FB72     		strb	r3, [r7, #11]
 773 000e FB68     		ldr	r3, [r7, #12]
 774 0010 93F82530 		ldrb	r3, [r3, #37]
 775 0014 DBB2     		uxtb	r3, r3
 776 0016 022B     		cmp	r3, #2
 777 0018 08D0     		beq	.L44
 778 001a FB68     		ldr	r3, [r7, #12]
 779 001c 0422     		movs	r2, #4
 780 001e DA63     		str	r2, [r3, #60]
 781 0020 FB68     		ldr	r3, [r7, #12]
 782 0022 0022     		movs	r2, #0
 783 0024 83F82420 		strb	r2, [r3, #36]
 784 0028 0123     		movs	r3, #1
 785 002a BEE0     		b	.L45
 786              	.L44:
 787 002c FB68     		ldr	r3, [r7, #12]
 788 002e 1B68     		ldr	r3, [r3]
 789 0030 1B68     		ldr	r3, [r3]
 790 0032 03F02003 		and	r3, r3, #32
 791 0036 002B     		cmp	r3, #0
 792 0038 05D0     		beq	.L46
 793 003a FB68     		ldr	r3, [r7, #12]
 794 003c 4FF48072 		mov	r2, #256
 795 0040 DA63     		str	r2, [r3, #60]
 796 0042 0123     		movs	r3, #1
 797 0044 B1E0     		b	.L45
 798              	.L46:
 799 0046 FB7A     		ldrb	r3, [r7, #11]	@ zero_extendqisi2
 800 0048 002B     		cmp	r3, #0
 801 004a 08D1     		bne	.L47
 802 004c FB68     		ldr	r3, [r7, #12]
 803 004e 5B6C     		ldr	r3, [r3, #68]
 804 0050 03F01F03 		and	r3, r3, #31
 805 0054 0222     		movs	r2, #2
 806 0056 02FA03F3 		lsl	r3, r2, r3
 807 005a 7B61     		str	r3, [r7, #20]
 808 005c 07E0     		b	.L48
 809              	.L47:
 810 005e FB68     		ldr	r3, [r7, #12]
 811 0060 5B6C     		ldr	r3, [r3, #68]
ARM GAS  /var/folders/k1/1yttftd15rl7jxtpyc5m93n80000gn/T//ccr2siqR.s 			page 15


 812 0062 03F01F03 		and	r3, r3, #31
 813 0066 0422     		movs	r2, #4
 814 0068 02FA03F3 		lsl	r3, r2, r3
 815 006c 7B61     		str	r3, [r7, #20]
 816              	.L48:
 817 006e FFF7FEFF 		bl	HAL_GetTick
 818 0072 3861     		str	r0, [r7, #16]
 819 0074 3FE0     		b	.L51
 820              	.L53:
 821 0076 FB68     		ldr	r3, [r7, #12]
 822 0078 1B6C     		ldr	r3, [r3, #64]
 823 007a 1A68     		ldr	r2, [r3]
 824 007c FB68     		ldr	r3, [r7, #12]
 825 007e 5B6C     		ldr	r3, [r3, #68]
 826 0080 03F01F03 		and	r3, r3, #31
 827 0084 0821     		movs	r1, #8
 828 0086 01FA03F3 		lsl	r3, r1, r3
 829 008a 1340     		ands	r3, r3, r2
 830 008c 002B     		cmp	r3, #0
 831 008e 16D0     		beq	.L50
 832 0090 FB68     		ldr	r3, [r7, #12]
 833 0092 5B6C     		ldr	r3, [r3, #68]
 834 0094 03F01F02 		and	r2, r3, #31
 835 0098 FB68     		ldr	r3, [r7, #12]
 836 009a 1B6C     		ldr	r3, [r3, #64]
 837 009c 0121     		movs	r1, #1
 838 009e 01FA02F2 		lsl	r2, r1, r2
 839 00a2 5A60     		str	r2, [r3, #4]
 840 00a4 FB68     		ldr	r3, [r7, #12]
 841 00a6 0122     		movs	r2, #1
 842 00a8 DA63     		str	r2, [r3, #60]
 843 00aa FB68     		ldr	r3, [r7, #12]
 844 00ac 0122     		movs	r2, #1
 845 00ae 83F82520 		strb	r2, [r3, #37]
 846 00b2 FB68     		ldr	r3, [r7, #12]
 847 00b4 0022     		movs	r2, #0
 848 00b6 83F82420 		strb	r2, [r3, #36]
 849 00ba 0123     		movs	r3, #1
 850 00bc 75E0     		b	.L45
 851              	.L50:
 852 00be 7B68     		ldr	r3, [r7, #4]
 853 00c0 B3F1FF3F 		cmp	r3, #-1
 854 00c4 17D0     		beq	.L51
 855 00c6 FFF7FEFF 		bl	HAL_GetTick
 856 00ca 0246     		mov	r2, r0
 857 00cc 3B69     		ldr	r3, [r7, #16]
 858 00ce D31A     		subs	r3, r2, r3
 859 00d0 7A68     		ldr	r2, [r7, #4]
 860 00d2 9A42     		cmp	r2, r3
 861 00d4 02D3     		bcc	.L52
 862 00d6 7B68     		ldr	r3, [r7, #4]
 863 00d8 002B     		cmp	r3, #0
 864 00da 0CD1     		bne	.L51
 865              	.L52:
 866 00dc FB68     		ldr	r3, [r7, #12]
 867 00de 2022     		movs	r2, #32
 868 00e0 DA63     		str	r2, [r3, #60]
ARM GAS  /var/folders/k1/1yttftd15rl7jxtpyc5m93n80000gn/T//ccr2siqR.s 			page 16


 869 00e2 FB68     		ldr	r3, [r7, #12]
 870 00e4 0122     		movs	r2, #1
 871 00e6 83F82520 		strb	r2, [r3, #37]
 872 00ea FB68     		ldr	r3, [r7, #12]
 873 00ec 0022     		movs	r2, #0
 874 00ee 83F82420 		strb	r2, [r3, #36]
 875 00f2 0123     		movs	r3, #1
 876 00f4 59E0     		b	.L45
 877              	.L51:
 878 00f6 FB68     		ldr	r3, [r7, #12]
 879 00f8 1B6C     		ldr	r3, [r3, #64]
 880 00fa 1A68     		ldr	r2, [r3]
 881 00fc 7B69     		ldr	r3, [r7, #20]
 882 00fe 1340     		ands	r3, r3, r2
 883 0100 002B     		cmp	r3, #0
 884 0102 B8D0     		beq	.L53
 885 0104 FB68     		ldr	r3, [r7, #12]
 886 0106 5B6D     		ldr	r3, [r3, #84]
 887 0108 002B     		cmp	r3, #0
 888 010a 1AD0     		beq	.L54
 889 010c FB68     		ldr	r3, [r7, #12]
 890 010e 9B6D     		ldr	r3, [r3, #88]
 891 0110 1A68     		ldr	r2, [r3]
 892 0112 FB68     		ldr	r3, [r7, #12]
 893 0114 DB6D     		ldr	r3, [r3, #92]
 894 0116 1340     		ands	r3, r3, r2
 895 0118 002B     		cmp	r3, #0
 896 011a 12D0     		beq	.L54
 897 011c FB68     		ldr	r3, [r7, #12]
 898 011e 5B6D     		ldr	r3, [r3, #84]
 899 0120 1A68     		ldr	r2, [r3]
 900 0122 FB68     		ldr	r3, [r7, #12]
 901 0124 5B6D     		ldr	r3, [r3, #84]
 902 0126 42F48072 		orr	r2, r2, #256
 903 012a 1A60     		str	r2, [r3]
 904 012c FB68     		ldr	r3, [r7, #12]
 905 012e 9B6D     		ldr	r3, [r3, #88]
 906 0130 FA68     		ldr	r2, [r7, #12]
 907 0132 D26D     		ldr	r2, [r2, #92]
 908 0134 5A60     		str	r2, [r3, #4]
 909 0136 FB68     		ldr	r3, [r7, #12]
 910 0138 DB6B     		ldr	r3, [r3, #60]
 911 013a 43F48062 		orr	r2, r3, #1024
 912 013e FB68     		ldr	r3, [r7, #12]
 913 0140 DA63     		str	r2, [r3, #60]
 914              	.L54:
 915 0142 FB68     		ldr	r3, [r7, #12]
 916 0144 DB6C     		ldr	r3, [r3, #76]
 917 0146 1A68     		ldr	r2, [r3]
 918 0148 FB68     		ldr	r3, [r7, #12]
 919 014a 1B6D     		ldr	r3, [r3, #80]
 920 014c 1340     		ands	r3, r3, r2
 921 014e 002B     		cmp	r3, #0
 922 0150 0AD0     		beq	.L55
 923 0152 FB68     		ldr	r3, [r7, #12]
 924 0154 DB6C     		ldr	r3, [r3, #76]
 925 0156 FA68     		ldr	r2, [r7, #12]
ARM GAS  /var/folders/k1/1yttftd15rl7jxtpyc5m93n80000gn/T//ccr2siqR.s 			page 17


 926 0158 126D     		ldr	r2, [r2, #80]
 927 015a 5A60     		str	r2, [r3, #4]
 928 015c FB68     		ldr	r3, [r7, #12]
 929 015e DB6B     		ldr	r3, [r3, #60]
 930 0160 43F40072 		orr	r2, r3, #512
 931 0164 FB68     		ldr	r3, [r7, #12]
 932 0166 DA63     		str	r2, [r3, #60]
 933              	.L55:
 934 0168 FB7A     		ldrb	r3, [r7, #11]	@ zero_extendqisi2
 935 016a 002B     		cmp	r3, #0
 936 016c 0ED1     		bne	.L56
 937 016e FB68     		ldr	r3, [r7, #12]
 938 0170 5B6C     		ldr	r3, [r3, #68]
 939 0172 03F01F02 		and	r2, r3, #31
 940 0176 FB68     		ldr	r3, [r7, #12]
 941 0178 1B6C     		ldr	r3, [r3, #64]
 942 017a 0221     		movs	r1, #2
 943 017c 01FA02F2 		lsl	r2, r1, r2
 944 0180 5A60     		str	r2, [r3, #4]
 945 0182 FB68     		ldr	r3, [r7, #12]
 946 0184 0122     		movs	r2, #1
 947 0186 83F82520 		strb	r2, [r3, #37]
 948 018a 09E0     		b	.L57
 949              	.L56:
 950 018c FB68     		ldr	r3, [r7, #12]
 951 018e 5B6C     		ldr	r3, [r3, #68]
 952 0190 03F01F02 		and	r2, r3, #31
 953 0194 FB68     		ldr	r3, [r7, #12]
 954 0196 1B6C     		ldr	r3, [r3, #64]
 955 0198 0421     		movs	r1, #4
 956 019a 01FA02F2 		lsl	r2, r1, r2
 957 019e 5A60     		str	r2, [r3, #4]
 958              	.L57:
 959 01a0 FB68     		ldr	r3, [r7, #12]
 960 01a2 0022     		movs	r2, #0
 961 01a4 83F82420 		strb	r2, [r3, #36]
 962 01a8 0023     		movs	r3, #0
 963              	.L45:
 964 01aa 1846     		mov	r0, r3
 965 01ac 1837     		adds	r7, r7, #24
 966 01ae BD46     		mov	sp, r7
 967              		@ sp needed
 968 01b0 80BD     		pop	{r7, pc}
 970              		.section	.text.HAL_DMA_IRQHandler,"ax",%progbits
 971              		.align	1
 972              		.global	HAL_DMA_IRQHandler
 973              		.syntax unified
 974              		.thumb
 975              		.thumb_func
 977              	HAL_DMA_IRQHandler:
 978              		@ args = 0, pretend = 0, frame = 16
 979              		@ frame_needed = 1, uses_anonymous_args = 0
 980 0000 80B5     		push	{r7, lr}
 981 0002 84B0     		sub	sp, sp, #16
 982 0004 00AF     		add	r7, sp, #0
 983 0006 7860     		str	r0, [r7, #4]
 984 0008 7B68     		ldr	r3, [r7, #4]
ARM GAS  /var/folders/k1/1yttftd15rl7jxtpyc5m93n80000gn/T//ccr2siqR.s 			page 18


 985 000a 1B6C     		ldr	r3, [r3, #64]
 986 000c 1B68     		ldr	r3, [r3]
 987 000e FB60     		str	r3, [r7, #12]
 988 0010 7B68     		ldr	r3, [r7, #4]
 989 0012 1B68     		ldr	r3, [r3]
 990 0014 1B68     		ldr	r3, [r3]
 991 0016 BB60     		str	r3, [r7, #8]
 992 0018 7B68     		ldr	r3, [r7, #4]
 993 001a 5B6C     		ldr	r3, [r3, #68]
 994 001c 03F01F03 		and	r3, r3, #31
 995 0020 0422     		movs	r2, #4
 996 0022 9A40     		lsls	r2, r2, r3
 997 0024 FB68     		ldr	r3, [r7, #12]
 998 0026 1340     		ands	r3, r3, r2
 999 0028 002B     		cmp	r3, #0
 1000 002a 26D0     		beq	.L59
 1001 002c BB68     		ldr	r3, [r7, #8]
 1002 002e 03F00403 		and	r3, r3, #4
 1003 0032 002B     		cmp	r3, #0
 1004 0034 21D0     		beq	.L59
 1005 0036 7B68     		ldr	r3, [r7, #4]
 1006 0038 1B68     		ldr	r3, [r3]
 1007 003a 1B68     		ldr	r3, [r3]
 1008 003c 03F02003 		and	r3, r3, #32
 1009 0040 002B     		cmp	r3, #0
 1010 0042 07D1     		bne	.L60
 1011 0044 7B68     		ldr	r3, [r7, #4]
 1012 0046 1B68     		ldr	r3, [r3]
 1013 0048 1A68     		ldr	r2, [r3]
 1014 004a 7B68     		ldr	r3, [r7, #4]
 1015 004c 1B68     		ldr	r3, [r3]
 1016 004e 22F00402 		bic	r2, r2, #4
 1017 0052 1A60     		str	r2, [r3]
 1018              	.L60:
 1019 0054 7B68     		ldr	r3, [r7, #4]
 1020 0056 5B6C     		ldr	r3, [r3, #68]
 1021 0058 03F01F02 		and	r2, r3, #31
 1022 005c 7B68     		ldr	r3, [r7, #4]
 1023 005e 1B6C     		ldr	r3, [r3, #64]
 1024 0060 0421     		movs	r1, #4
 1025 0062 01FA02F2 		lsl	r2, r1, r2
 1026 0066 5A60     		str	r2, [r3, #4]
 1027 0068 7B68     		ldr	r3, [r7, #4]
 1028 006a 1B6B     		ldr	r3, [r3, #48]
 1029 006c 002B     		cmp	r3, #0
 1030 006e 71D0     		beq	.L62
 1031 0070 7B68     		ldr	r3, [r7, #4]
 1032 0072 1B6B     		ldr	r3, [r3, #48]
 1033 0074 7868     		ldr	r0, [r7, #4]
 1034 0076 9847     		blx	r3
 1035 0078 6CE0     		b	.L62
 1036              	.L59:
 1037 007a 7B68     		ldr	r3, [r7, #4]
 1038 007c 5B6C     		ldr	r3, [r3, #68]
 1039 007e 03F01F03 		and	r3, r3, #31
 1040 0082 0222     		movs	r2, #2
 1041 0084 9A40     		lsls	r2, r2, r3
ARM GAS  /var/folders/k1/1yttftd15rl7jxtpyc5m93n80000gn/T//ccr2siqR.s 			page 19


 1042 0086 FB68     		ldr	r3, [r7, #12]
 1043 0088 1340     		ands	r3, r3, r2
 1044 008a 002B     		cmp	r3, #0
 1045 008c 2ED0     		beq	.L63
 1046 008e BB68     		ldr	r3, [r7, #8]
 1047 0090 03F00203 		and	r3, r3, #2
 1048 0094 002B     		cmp	r3, #0
 1049 0096 29D0     		beq	.L63
 1050 0098 7B68     		ldr	r3, [r7, #4]
 1051 009a 1B68     		ldr	r3, [r3]
 1052 009c 1B68     		ldr	r3, [r3]
 1053 009e 03F02003 		and	r3, r3, #32
 1054 00a2 002B     		cmp	r3, #0
 1055 00a4 0BD1     		bne	.L64
 1056 00a6 7B68     		ldr	r3, [r7, #4]
 1057 00a8 1B68     		ldr	r3, [r3]
 1058 00aa 1A68     		ldr	r2, [r3]
 1059 00ac 7B68     		ldr	r3, [r7, #4]
 1060 00ae 1B68     		ldr	r3, [r3]
 1061 00b0 22F00A02 		bic	r2, r2, #10
 1062 00b4 1A60     		str	r2, [r3]
 1063 00b6 7B68     		ldr	r3, [r7, #4]
 1064 00b8 0122     		movs	r2, #1
 1065 00ba 83F82520 		strb	r2, [r3, #37]
 1066              	.L64:
 1067 00be 7B68     		ldr	r3, [r7, #4]
 1068 00c0 5B6C     		ldr	r3, [r3, #68]
 1069 00c2 03F01F02 		and	r2, r3, #31
 1070 00c6 7B68     		ldr	r3, [r7, #4]
 1071 00c8 1B6C     		ldr	r3, [r3, #64]
 1072 00ca 0221     		movs	r1, #2
 1073 00cc 01FA02F2 		lsl	r2, r1, r2
 1074 00d0 5A60     		str	r2, [r3, #4]
 1075 00d2 7B68     		ldr	r3, [r7, #4]
 1076 00d4 0022     		movs	r2, #0
 1077 00d6 83F82420 		strb	r2, [r3, #36]
 1078 00da 7B68     		ldr	r3, [r7, #4]
 1079 00dc DB6A     		ldr	r3, [r3, #44]
 1080 00de 002B     		cmp	r3, #0
 1081 00e0 38D0     		beq	.L62
 1082 00e2 7B68     		ldr	r3, [r7, #4]
 1083 00e4 DB6A     		ldr	r3, [r3, #44]
 1084 00e6 7868     		ldr	r0, [r7, #4]
 1085 00e8 9847     		blx	r3
 1086 00ea 33E0     		b	.L62
 1087              	.L63:
 1088 00ec 7B68     		ldr	r3, [r7, #4]
 1089 00ee 5B6C     		ldr	r3, [r3, #68]
 1090 00f0 03F01F03 		and	r3, r3, #31
 1091 00f4 0822     		movs	r2, #8
 1092 00f6 9A40     		lsls	r2, r2, r3
 1093 00f8 FB68     		ldr	r3, [r7, #12]
 1094 00fa 1340     		ands	r3, r3, r2
 1095 00fc 002B     		cmp	r3, #0
 1096 00fe 2AD0     		beq	.L67
 1097 0100 BB68     		ldr	r3, [r7, #8]
 1098 0102 03F00803 		and	r3, r3, #8
ARM GAS  /var/folders/k1/1yttftd15rl7jxtpyc5m93n80000gn/T//ccr2siqR.s 			page 20


 1099 0106 002B     		cmp	r3, #0
 1100 0108 25D0     		beq	.L67
 1101 010a 7B68     		ldr	r3, [r7, #4]
 1102 010c 1B68     		ldr	r3, [r3]
 1103 010e 1A68     		ldr	r2, [r3]
 1104 0110 7B68     		ldr	r3, [r7, #4]
 1105 0112 1B68     		ldr	r3, [r3]
 1106 0114 22F00E02 		bic	r2, r2, #14
 1107 0118 1A60     		str	r2, [r3]
 1108 011a 7B68     		ldr	r3, [r7, #4]
 1109 011c 5B6C     		ldr	r3, [r3, #68]
 1110 011e 03F01F02 		and	r2, r3, #31
 1111 0122 7B68     		ldr	r3, [r7, #4]
 1112 0124 1B6C     		ldr	r3, [r3, #64]
 1113 0126 0121     		movs	r1, #1
 1114 0128 01FA02F2 		lsl	r2, r1, r2
 1115 012c 5A60     		str	r2, [r3, #4]
 1116 012e 7B68     		ldr	r3, [r7, #4]
 1117 0130 0122     		movs	r2, #1
 1118 0132 DA63     		str	r2, [r3, #60]
 1119 0134 7B68     		ldr	r3, [r7, #4]
 1120 0136 0122     		movs	r2, #1
 1121 0138 83F82520 		strb	r2, [r3, #37]
 1122 013c 7B68     		ldr	r3, [r7, #4]
 1123 013e 0022     		movs	r2, #0
 1124 0140 83F82420 		strb	r2, [r3, #36]
 1125 0144 7B68     		ldr	r3, [r7, #4]
 1126 0146 5B6B     		ldr	r3, [r3, #52]
 1127 0148 002B     		cmp	r3, #0
 1128 014a 04D0     		beq	.L67
 1129 014c 7B68     		ldr	r3, [r7, #4]
 1130 014e 5B6B     		ldr	r3, [r3, #52]
 1131 0150 7868     		ldr	r0, [r7, #4]
 1132 0152 9847     		blx	r3
 1133              	.L62:
 1134 0154 00BF     		nop
 1135              	.L67:
 1136 0156 00BF     		nop
 1137 0158 1037     		adds	r7, r7, #16
 1138 015a BD46     		mov	sp, r7
 1139              		@ sp needed
 1140 015c 80BD     		pop	{r7, pc}
 1142              		.section	.text.HAL_DMA_RegisterCallback,"ax",%progbits
 1143              		.align	1
 1144              		.global	HAL_DMA_RegisterCallback
 1145              		.syntax unified
 1146              		.thumb
 1147              		.thumb_func
 1149              	HAL_DMA_RegisterCallback:
 1150              		@ args = 0, pretend = 0, frame = 24
 1151              		@ frame_needed = 1, uses_anonymous_args = 0
 1152              		@ link register save eliminated.
 1153 0000 80B4     		push	{r7}
 1154 0002 87B0     		sub	sp, sp, #28
 1155 0004 00AF     		add	r7, sp, #0
 1156 0006 F860     		str	r0, [r7, #12]
 1157 0008 0B46     		mov	r3, r1
ARM GAS  /var/folders/k1/1yttftd15rl7jxtpyc5m93n80000gn/T//ccr2siqR.s 			page 21


 1158 000a 7A60     		str	r2, [r7, #4]
 1159 000c FB72     		strb	r3, [r7, #11]
 1160 000e 0023     		movs	r3, #0
 1161 0010 FB75     		strb	r3, [r7, #23]
 1162 0012 FB68     		ldr	r3, [r7, #12]
 1163 0014 93F82430 		ldrb	r3, [r3, #36]	@ zero_extendqisi2
 1164 0018 012B     		cmp	r3, #1
 1165 001a 01D1     		bne	.L69
 1166 001c 0223     		movs	r3, #2
 1167 001e 31E0     		b	.L70
 1168              	.L69:
 1169 0020 FB68     		ldr	r3, [r7, #12]
 1170 0022 0122     		movs	r2, #1
 1171 0024 83F82420 		strb	r2, [r3, #36]
 1172 0028 FB68     		ldr	r3, [r7, #12]
 1173 002a 93F82530 		ldrb	r3, [r3, #37]
 1174 002e DBB2     		uxtb	r3, r3
 1175 0030 012B     		cmp	r3, #1
 1176 0032 20D1     		bne	.L71
 1177 0034 FB7A     		ldrb	r3, [r7, #11]	@ zero_extendqisi2
 1178 0036 032B     		cmp	r3, #3
 1179 0038 1AD8     		bhi	.L72
 1180 003a 01A2     		adr	r2, .L74
 1181 003c 52F823F0 		ldr	pc, [r2, r3, lsl #2]
 1182              		.p2align 2
 1183              	.L74:
 1184 0040 51000000 		.word	.L77+1
 1185 0044 59000000 		.word	.L76+1
 1186 0048 61000000 		.word	.L75+1
 1187 004c 69000000 		.word	.L73+1
 1188              		.p2align 1
 1189              	.L77:
 1190 0050 FB68     		ldr	r3, [r7, #12]
 1191 0052 7A68     		ldr	r2, [r7, #4]
 1192 0054 DA62     		str	r2, [r3, #44]
 1193 0056 10E0     		b	.L79
 1194              	.L76:
 1195 0058 FB68     		ldr	r3, [r7, #12]
 1196 005a 7A68     		ldr	r2, [r7, #4]
 1197 005c 1A63     		str	r2, [r3, #48]
 1198 005e 0CE0     		b	.L79
 1199              	.L75:
 1200 0060 FB68     		ldr	r3, [r7, #12]
 1201 0062 7A68     		ldr	r2, [r7, #4]
 1202 0064 5A63     		str	r2, [r3, #52]
 1203 0066 08E0     		b	.L79
 1204              	.L73:
 1205 0068 FB68     		ldr	r3, [r7, #12]
 1206 006a 7A68     		ldr	r2, [r7, #4]
 1207 006c 9A63     		str	r2, [r3, #56]
 1208 006e 04E0     		b	.L79
 1209              	.L72:
 1210 0070 0123     		movs	r3, #1
 1211 0072 FB75     		strb	r3, [r7, #23]
 1212 0074 01E0     		b	.L79
 1213              	.L71:
 1214 0076 0123     		movs	r3, #1
ARM GAS  /var/folders/k1/1yttftd15rl7jxtpyc5m93n80000gn/T//ccr2siqR.s 			page 22


 1215 0078 FB75     		strb	r3, [r7, #23]
 1216              	.L79:
 1217 007a FB68     		ldr	r3, [r7, #12]
 1218 007c 0022     		movs	r2, #0
 1219 007e 83F82420 		strb	r2, [r3, #36]
 1220 0082 FB7D     		ldrb	r3, [r7, #23]	@ zero_extendqisi2
 1221              	.L70:
 1222 0084 1846     		mov	r0, r3
 1223 0086 1C37     		adds	r7, r7, #28
 1224 0088 BD46     		mov	sp, r7
 1225              		@ sp needed
 1226 008a 5DF8047B 		ldr	r7, [sp], #4
 1227 008e 7047     		bx	lr
 1229              		.section	.text.HAL_DMA_UnRegisterCallback,"ax",%progbits
 1230              		.align	1
 1231              		.global	HAL_DMA_UnRegisterCallback
 1232              		.syntax unified
 1233              		.thumb
 1234              		.thumb_func
 1236              	HAL_DMA_UnRegisterCallback:
 1237              		@ args = 0, pretend = 0, frame = 16
 1238              		@ frame_needed = 1, uses_anonymous_args = 0
 1239              		@ link register save eliminated.
 1240 0000 80B4     		push	{r7}
 1241 0002 85B0     		sub	sp, sp, #20
 1242 0004 00AF     		add	r7, sp, #0
 1243 0006 7860     		str	r0, [r7, #4]
 1244 0008 0B46     		mov	r3, r1
 1245 000a FB70     		strb	r3, [r7, #3]
 1246 000c 0023     		movs	r3, #0
 1247 000e FB73     		strb	r3, [r7, #15]
 1248 0010 7B68     		ldr	r3, [r7, #4]
 1249 0012 93F82430 		ldrb	r3, [r3, #36]	@ zero_extendqisi2
 1250 0016 012B     		cmp	r3, #1
 1251 0018 01D1     		bne	.L81
 1252 001a 0223     		movs	r3, #2
 1253 001c 41E0     		b	.L82
 1254              	.L81:
 1255 001e 7B68     		ldr	r3, [r7, #4]
 1256 0020 0122     		movs	r2, #1
 1257 0022 83F82420 		strb	r2, [r3, #36]
 1258 0026 7B68     		ldr	r3, [r7, #4]
 1259 0028 93F82530 		ldrb	r3, [r3, #37]
 1260 002c DBB2     		uxtb	r3, r3
 1261 002e 012B     		cmp	r3, #1
 1262 0030 30D1     		bne	.L83
 1263 0032 FB78     		ldrb	r3, [r7, #3]	@ zero_extendqisi2
 1264 0034 042B     		cmp	r3, #4
 1265 0036 2AD8     		bhi	.L84
 1266 0038 01A2     		adr	r2, .L86
 1267 003a 52F823F0 		ldr	pc, [r2, r3, lsl #2]
 1268 003e 00BF     		.p2align 2
 1269              	.L86:
 1270 0040 55000000 		.word	.L90+1
 1271 0044 5D000000 		.word	.L89+1
 1272 0048 65000000 		.word	.L88+1
 1273 004c 6D000000 		.word	.L87+1
ARM GAS  /var/folders/k1/1yttftd15rl7jxtpyc5m93n80000gn/T//ccr2siqR.s 			page 23


 1274 0050 75000000 		.word	.L85+1
 1275              		.p2align 1
 1276              	.L90:
 1277 0054 7B68     		ldr	r3, [r7, #4]
 1278 0056 0022     		movs	r2, #0
 1279 0058 DA62     		str	r2, [r3, #44]
 1280 005a 1DE0     		b	.L92
 1281              	.L89:
 1282 005c 7B68     		ldr	r3, [r7, #4]
 1283 005e 0022     		movs	r2, #0
 1284 0060 1A63     		str	r2, [r3, #48]
 1285 0062 19E0     		b	.L92
 1286              	.L88:
 1287 0064 7B68     		ldr	r3, [r7, #4]
 1288 0066 0022     		movs	r2, #0
 1289 0068 5A63     		str	r2, [r3, #52]
 1290 006a 15E0     		b	.L92
 1291              	.L87:
 1292 006c 7B68     		ldr	r3, [r7, #4]
 1293 006e 0022     		movs	r2, #0
 1294 0070 9A63     		str	r2, [r3, #56]
 1295 0072 11E0     		b	.L92
 1296              	.L85:
 1297 0074 7B68     		ldr	r3, [r7, #4]
 1298 0076 0022     		movs	r2, #0
 1299 0078 DA62     		str	r2, [r3, #44]
 1300 007a 7B68     		ldr	r3, [r7, #4]
 1301 007c 0022     		movs	r2, #0
 1302 007e 1A63     		str	r2, [r3, #48]
 1303 0080 7B68     		ldr	r3, [r7, #4]
 1304 0082 0022     		movs	r2, #0
 1305 0084 5A63     		str	r2, [r3, #52]
 1306 0086 7B68     		ldr	r3, [r7, #4]
 1307 0088 0022     		movs	r2, #0
 1308 008a 9A63     		str	r2, [r3, #56]
 1309 008c 04E0     		b	.L92
 1310              	.L84:
 1311 008e 0123     		movs	r3, #1
 1312 0090 FB73     		strb	r3, [r7, #15]
 1313 0092 01E0     		b	.L92
 1314              	.L83:
 1315 0094 0123     		movs	r3, #1
 1316 0096 FB73     		strb	r3, [r7, #15]
 1317              	.L92:
 1318 0098 7B68     		ldr	r3, [r7, #4]
 1319 009a 0022     		movs	r2, #0
 1320 009c 83F82420 		strb	r2, [r3, #36]
 1321 00a0 FB7B     		ldrb	r3, [r7, #15]	@ zero_extendqisi2
 1322              	.L82:
 1323 00a2 1846     		mov	r0, r3
 1324 00a4 1437     		adds	r7, r7, #20
 1325 00a6 BD46     		mov	sp, r7
 1326              		@ sp needed
 1327 00a8 5DF8047B 		ldr	r7, [sp], #4
 1328 00ac 7047     		bx	lr
 1330 00ae 00BF     		.section	.text.HAL_DMA_GetState,"ax",%progbits
 1331              		.align	1
ARM GAS  /var/folders/k1/1yttftd15rl7jxtpyc5m93n80000gn/T//ccr2siqR.s 			page 24


 1332              		.global	HAL_DMA_GetState
 1333              		.syntax unified
 1334              		.thumb
 1335              		.thumb_func
 1337              	HAL_DMA_GetState:
 1338              		@ args = 0, pretend = 0, frame = 8
 1339              		@ frame_needed = 1, uses_anonymous_args = 0
 1340              		@ link register save eliminated.
 1341 0000 80B4     		push	{r7}
 1342 0002 83B0     		sub	sp, sp, #12
 1343 0004 00AF     		add	r7, sp, #0
 1344 0006 7860     		str	r0, [r7, #4]
 1345 0008 7B68     		ldr	r3, [r7, #4]
 1346 000a 93F82530 		ldrb	r3, [r3, #37]
 1347 000e DBB2     		uxtb	r3, r3
 1348 0010 1846     		mov	r0, r3
 1349 0012 0C37     		adds	r7, r7, #12
 1350 0014 BD46     		mov	sp, r7
 1351              		@ sp needed
 1352 0016 5DF8047B 		ldr	r7, [sp], #4
 1353 001a 7047     		bx	lr
 1355              		.section	.text.HAL_DMA_GetError,"ax",%progbits
 1356              		.align	1
 1357              		.global	HAL_DMA_GetError
 1358              		.syntax unified
 1359              		.thumb
 1360              		.thumb_func
 1362              	HAL_DMA_GetError:
 1363              		@ args = 0, pretend = 0, frame = 8
 1364              		@ frame_needed = 1, uses_anonymous_args = 0
 1365              		@ link register save eliminated.
 1366 0000 80B4     		push	{r7}
 1367 0002 83B0     		sub	sp, sp, #12
 1368 0004 00AF     		add	r7, sp, #0
 1369 0006 7860     		str	r0, [r7, #4]
 1370 0008 7B68     		ldr	r3, [r7, #4]
 1371 000a DB6B     		ldr	r3, [r3, #60]
 1372 000c 1846     		mov	r0, r3
 1373 000e 0C37     		adds	r7, r7, #12
 1374 0010 BD46     		mov	sp, r7
 1375              		@ sp needed
 1376 0012 5DF8047B 		ldr	r7, [sp], #4
 1377 0016 7047     		bx	lr
 1379              		.section	.text.DMA_SetConfig,"ax",%progbits
 1380              		.align	1
 1381              		.syntax unified
 1382              		.thumb
 1383              		.thumb_func
 1385              	DMA_SetConfig:
 1386              		@ args = 0, pretend = 0, frame = 16
 1387              		@ frame_needed = 1, uses_anonymous_args = 0
 1388              		@ link register save eliminated.
 1389 0000 80B4     		push	{r7}
 1390 0002 85B0     		sub	sp, sp, #20
 1391 0004 00AF     		add	r7, sp, #0
 1392 0006 F860     		str	r0, [r7, #12]
 1393 0008 B960     		str	r1, [r7, #8]
ARM GAS  /var/folders/k1/1yttftd15rl7jxtpyc5m93n80000gn/T//ccr2siqR.s 			page 25


 1394 000a 7A60     		str	r2, [r7, #4]
 1395 000c 3B60     		str	r3, [r7]
 1396 000e FB68     		ldr	r3, [r7, #12]
 1397 0010 DB6C     		ldr	r3, [r3, #76]
 1398 0012 FA68     		ldr	r2, [r7, #12]
 1399 0014 126D     		ldr	r2, [r2, #80]
 1400 0016 5A60     		str	r2, [r3, #4]
 1401 0018 FB68     		ldr	r3, [r7, #12]
 1402 001a 5B6D     		ldr	r3, [r3, #84]
 1403 001c 002B     		cmp	r3, #0
 1404 001e 04D0     		beq	.L98
 1405 0020 FB68     		ldr	r3, [r7, #12]
 1406 0022 9B6D     		ldr	r3, [r3, #88]
 1407 0024 FA68     		ldr	r2, [r7, #12]
 1408 0026 D26D     		ldr	r2, [r2, #92]
 1409 0028 5A60     		str	r2, [r3, #4]
 1410              	.L98:
 1411 002a FB68     		ldr	r3, [r7, #12]
 1412 002c 5B6C     		ldr	r3, [r3, #68]
 1413 002e 03F01F02 		and	r2, r3, #31
 1414 0032 FB68     		ldr	r3, [r7, #12]
 1415 0034 1B6C     		ldr	r3, [r3, #64]
 1416 0036 0121     		movs	r1, #1
 1417 0038 01FA02F2 		lsl	r2, r1, r2
 1418 003c 5A60     		str	r2, [r3, #4]
 1419 003e FB68     		ldr	r3, [r7, #12]
 1420 0040 1B68     		ldr	r3, [r3]
 1421 0042 3A68     		ldr	r2, [r7]
 1422 0044 5A60     		str	r2, [r3, #4]
 1423 0046 FB68     		ldr	r3, [r7, #12]
 1424 0048 9B68     		ldr	r3, [r3, #8]
 1425 004a 102B     		cmp	r3, #16
 1426 004c 08D1     		bne	.L99
 1427 004e FB68     		ldr	r3, [r7, #12]
 1428 0050 1B68     		ldr	r3, [r3]
 1429 0052 7A68     		ldr	r2, [r7, #4]
 1430 0054 9A60     		str	r2, [r3, #8]
 1431 0056 FB68     		ldr	r3, [r7, #12]
 1432 0058 1B68     		ldr	r3, [r3]
 1433 005a BA68     		ldr	r2, [r7, #8]
 1434 005c DA60     		str	r2, [r3, #12]
 1435 005e 07E0     		b	.L101
 1436              	.L99:
 1437 0060 FB68     		ldr	r3, [r7, #12]
 1438 0062 1B68     		ldr	r3, [r3]
 1439 0064 BA68     		ldr	r2, [r7, #8]
 1440 0066 9A60     		str	r2, [r3, #8]
 1441 0068 FB68     		ldr	r3, [r7, #12]
 1442 006a 1B68     		ldr	r3, [r3]
 1443 006c 7A68     		ldr	r2, [r7, #4]
 1444 006e DA60     		str	r2, [r3, #12]
 1445              	.L101:
 1446 0070 00BF     		nop
 1447 0072 1437     		adds	r7, r7, #20
 1448 0074 BD46     		mov	sp, r7
 1449              		@ sp needed
 1450 0076 5DF8047B 		ldr	r7, [sp], #4
ARM GAS  /var/folders/k1/1yttftd15rl7jxtpyc5m93n80000gn/T//ccr2siqR.s 			page 26


 1451 007a 7047     		bx	lr
 1453              		.section	.text.DMA_CalcDMAMUXChannelBaseAndMask,"ax",%progbits
 1454              		.align	1
 1455              		.syntax unified
 1456              		.thumb
 1457              		.thumb_func
 1459              	DMA_CalcDMAMUXChannelBaseAndMask:
 1460              		@ args = 0, pretend = 0, frame = 24
 1461              		@ frame_needed = 1, uses_anonymous_args = 0
 1462              		@ link register save eliminated.
 1463 0000 80B4     		push	{r7}
 1464 0002 87B0     		sub	sp, sp, #28
 1465 0004 00AF     		add	r7, sp, #0
 1466 0006 7860     		str	r0, [r7, #4]
 1467 0008 7B68     		ldr	r3, [r7, #4]
 1468 000a 1B68     		ldr	r3, [r3]
 1469 000c 1A46     		mov	r2, r3
 1470 000e 1B4B     		ldr	r3, .L105
 1471 0010 9A42     		cmp	r2, r3
 1472 0012 0BD8     		bhi	.L103
 1473 0014 1A4B     		ldr	r3, .L105+4
 1474 0016 3B61     		str	r3, [r7, #16]
 1475 0018 7B68     		ldr	r3, [r7, #4]
 1476 001a 1B68     		ldr	r3, [r3]
 1477 001c DBB2     		uxtb	r3, r3
 1478 001e 083B     		subs	r3, r3, #8
 1479 0020 184A     		ldr	r2, .L105+8
 1480 0022 A2FB0323 		umull	r2, r3, r2, r3
 1481 0026 1B09     		lsrs	r3, r3, #4
 1482 0028 7B61     		str	r3, [r7, #20]
 1483 002a 0BE0     		b	.L104
 1484              	.L103:
 1485 002c 164B     		ldr	r3, .L105+12
 1486 002e 3B61     		str	r3, [r7, #16]
 1487 0030 7B68     		ldr	r3, [r7, #4]
 1488 0032 1B68     		ldr	r3, [r3]
 1489 0034 DBB2     		uxtb	r3, r3
 1490 0036 083B     		subs	r3, r3, #8
 1491 0038 124A     		ldr	r2, .L105+8
 1492 003a A2FB0323 		umull	r2, r3, r2, r3
 1493 003e 1B09     		lsrs	r3, r3, #4
 1494 0040 0833     		adds	r3, r3, #8
 1495 0042 7B61     		str	r3, [r7, #20]
 1496              	.L104:
 1497 0044 3B69     		ldr	r3, [r7, #16]
 1498 0046 FB60     		str	r3, [r7, #12]
 1499 0048 7B68     		ldr	r3, [r7, #4]
 1500 004a 5B6C     		ldr	r3, [r3, #68]
 1501 004c 9B08     		lsrs	r3, r3, #2
 1502 004e 9A00     		lsls	r2, r3, #2
 1503 0050 FB68     		ldr	r3, [r7, #12]
 1504 0052 1344     		add	r3, r3, r2
 1505 0054 1A46     		mov	r2, r3
 1506 0056 7B68     		ldr	r3, [r7, #4]
 1507 0058 9A64     		str	r2, [r3, #72]
 1508 005a 7B68     		ldr	r3, [r7, #4]
 1509 005c 0B4A     		ldr	r2, .L105+16
ARM GAS  /var/folders/k1/1yttftd15rl7jxtpyc5m93n80000gn/T//ccr2siqR.s 			page 27


 1510 005e DA64     		str	r2, [r3, #76]
 1511 0060 7B69     		ldr	r3, [r7, #20]
 1512 0062 03F01F03 		and	r3, r3, #31
 1513 0066 0122     		movs	r2, #1
 1514 0068 9A40     		lsls	r2, r2, r3
 1515 006a 7B68     		ldr	r3, [r7, #4]
 1516 006c 1A65     		str	r2, [r3, #80]
 1517 006e 00BF     		nop
 1518 0070 1C37     		adds	r7, r7, #28
 1519 0072 BD46     		mov	sp, r7
 1520              		@ sp needed
 1521 0074 5DF8047B 		ldr	r7, [sp], #4
 1522 0078 7047     		bx	lr
 1523              	.L106:
 1524 007a 00BF     		.align	2
 1525              	.L105:
 1526 007c 07040240 		.word	1073873927
 1527 0080 00080240 		.word	1073874944
 1528 0084 CDCCCCCC 		.word	-858993459
 1529 0088 20080240 		.word	1073874976
 1530 008c 80080240 		.word	1073875072
 1532              		.section	.text.DMA_CalcDMAMUXRequestGenBaseAndMask,"ax",%progbits
 1533              		.align	1
 1534              		.syntax unified
 1535              		.thumb
 1536              		.thumb_func
 1538              	DMA_CalcDMAMUXRequestGenBaseAndMask:
 1539              		@ args = 0, pretend = 0, frame = 16
 1540              		@ frame_needed = 1, uses_anonymous_args = 0
 1541              		@ link register save eliminated.
 1542 0000 80B4     		push	{r7}
 1543 0002 85B0     		sub	sp, sp, #20
 1544 0004 00AF     		add	r7, sp, #0
 1545 0006 7860     		str	r0, [r7, #4]
 1546 0008 7B68     		ldr	r3, [r7, #4]
 1547 000a 5B68     		ldr	r3, [r3, #4]
 1548 000c 03F07F03 		and	r3, r3, #127
 1549 0010 FB60     		str	r3, [r7, #12]
 1550 0012 FA68     		ldr	r2, [r7, #12]
 1551 0014 0B4B     		ldr	r3, .L108
 1552 0016 1344     		add	r3, r3, r2
 1553 0018 9B00     		lsls	r3, r3, #2
 1554 001a 1A46     		mov	r2, r3
 1555 001c 7B68     		ldr	r3, [r7, #4]
 1556 001e 5A65     		str	r2, [r3, #84]
 1557 0020 7B68     		ldr	r3, [r7, #4]
 1558 0022 094A     		ldr	r2, .L108+4
 1559 0024 9A65     		str	r2, [r3, #88]
 1560 0026 FB68     		ldr	r3, [r7, #12]
 1561 0028 013B     		subs	r3, r3, #1
 1562 002a 03F01F03 		and	r3, r3, #31
 1563 002e 0122     		movs	r2, #1
 1564 0030 9A40     		lsls	r2, r2, r3
 1565 0032 7B68     		ldr	r3, [r7, #4]
 1566 0034 DA65     		str	r2, [r3, #92]
 1567 0036 00BF     		nop
 1568 0038 1437     		adds	r7, r7, #20
ARM GAS  /var/folders/k1/1yttftd15rl7jxtpyc5m93n80000gn/T//ccr2siqR.s 			page 28


 1569 003a BD46     		mov	sp, r7
 1570              		@ sp needed
 1571 003c 5DF8047B 		ldr	r7, [sp], #4
 1572 0040 7047     		bx	lr
 1573              	.L109:
 1574 0042 00BF     		.align	2
 1575              	.L108:
 1576 0044 3F820010 		.word	268468799
 1577 0048 40090240 		.word	1073875264
 1579              		.ident	"GCC: (GNU Tools for STM32 14.3.rel1.20251027-0700) 14.3.1 20250623"
ARM GAS  /var/folders/k1/1yttftd15rl7jxtpyc5m93n80000gn/T//ccr2siqR.s 			page 29


DEFINED SYMBOLS
                            *ABS*:00000000 stm32g4xx_hal_dma.c
/var/folders/k1/1yttftd15rl7jxtpyc5m93n80000gn/T//ccr2siqR.s:18     .text.HAL_DMA_Init:00000000 $t
/var/folders/k1/1yttftd15rl7jxtpyc5m93n80000gn/T//ccr2siqR.s:24     .text.HAL_DMA_Init:00000000 HAL_DMA_Init
/var/folders/k1/1yttftd15rl7jxtpyc5m93n80000gn/T//ccr2siqR.s:1459   .text.DMA_CalcDMAMUXChannelBaseAndMask:00000000 DMA_CalcDMAMUXChannelBaseAndMask
/var/folders/k1/1yttftd15rl7jxtpyc5m93n80000gn/T//ccr2siqR.s:1538   .text.DMA_CalcDMAMUXRequestGenBaseAndMask:00000000 DMA_CalcDMAMUXRequestGenBaseAndMask
/var/folders/k1/1yttftd15rl7jxtpyc5m93n80000gn/T//ccr2siqR.s:183    .text.HAL_DMA_Init:00000138 $d
/var/folders/k1/1yttftd15rl7jxtpyc5m93n80000gn/T//ccr2siqR.s:191    .text.HAL_DMA_DeInit:00000000 $t
/var/folders/k1/1yttftd15rl7jxtpyc5m93n80000gn/T//ccr2siqR.s:197    .text.HAL_DMA_DeInit:00000000 HAL_DMA_DeInit
/var/folders/k1/1yttftd15rl7jxtpyc5m93n80000gn/T//ccr2siqR.s:337    .text.HAL_DMA_DeInit:00000114 $d
/var/folders/k1/1yttftd15rl7jxtpyc5m93n80000gn/T//ccr2siqR.s:345    .text.HAL_DMA_Start:00000000 $t
/var/folders/k1/1yttftd15rl7jxtpyc5m93n80000gn/T//ccr2siqR.s:351    .text.HAL_DMA_Start:00000000 HAL_DMA_Start
/var/folders/k1/1yttftd15rl7jxtpyc5m93n80000gn/T//ccr2siqR.s:1385   .text.DMA_SetConfig:00000000 DMA_SetConfig
/var/folders/k1/1yttftd15rl7jxtpyc5m93n80000gn/T//ccr2siqR.s:420    .text.HAL_DMA_Start_IT:00000000 $t
/var/folders/k1/1yttftd15rl7jxtpyc5m93n80000gn/T//ccr2siqR.s:426    .text.HAL_DMA_Start_IT:00000000 HAL_DMA_Start_IT
/var/folders/k1/1yttftd15rl7jxtpyc5m93n80000gn/T//ccr2siqR.s:549    .text.HAL_DMA_Abort:00000000 $t
/var/folders/k1/1yttftd15rl7jxtpyc5m93n80000gn/T//ccr2siqR.s:555    .text.HAL_DMA_Abort:00000000 HAL_DMA_Abort
/var/folders/k1/1yttftd15rl7jxtpyc5m93n80000gn/T//ccr2siqR.s:650    .text.HAL_DMA_Abort_IT:00000000 $t
/var/folders/k1/1yttftd15rl7jxtpyc5m93n80000gn/T//ccr2siqR.s:656    .text.HAL_DMA_Abort_IT:00000000 HAL_DMA_Abort_IT
/var/folders/k1/1yttftd15rl7jxtpyc5m93n80000gn/T//ccr2siqR.s:757    .text.HAL_DMA_PollForTransfer:00000000 $t
/var/folders/k1/1yttftd15rl7jxtpyc5m93n80000gn/T//ccr2siqR.s:763    .text.HAL_DMA_PollForTransfer:00000000 HAL_DMA_PollForTransfer
/var/folders/k1/1yttftd15rl7jxtpyc5m93n80000gn/T//ccr2siqR.s:971    .text.HAL_DMA_IRQHandler:00000000 $t
/var/folders/k1/1yttftd15rl7jxtpyc5m93n80000gn/T//ccr2siqR.s:977    .text.HAL_DMA_IRQHandler:00000000 HAL_DMA_IRQHandler
/var/folders/k1/1yttftd15rl7jxtpyc5m93n80000gn/T//ccr2siqR.s:1143   .text.HAL_DMA_RegisterCallback:00000000 $t
/var/folders/k1/1yttftd15rl7jxtpyc5m93n80000gn/T//ccr2siqR.s:1149   .text.HAL_DMA_RegisterCallback:00000000 HAL_DMA_RegisterCallback
/var/folders/k1/1yttftd15rl7jxtpyc5m93n80000gn/T//ccr2siqR.s:1184   .text.HAL_DMA_RegisterCallback:00000040 $d
/var/folders/k1/1yttftd15rl7jxtpyc5m93n80000gn/T//ccr2siqR.s:1188   .text.HAL_DMA_RegisterCallback:00000050 $t
/var/folders/k1/1yttftd15rl7jxtpyc5m93n80000gn/T//ccr2siqR.s:1230   .text.HAL_DMA_UnRegisterCallback:00000000 $t
/var/folders/k1/1yttftd15rl7jxtpyc5m93n80000gn/T//ccr2siqR.s:1236   .text.HAL_DMA_UnRegisterCallback:00000000 HAL_DMA_UnRegisterCallback
/var/folders/k1/1yttftd15rl7jxtpyc5m93n80000gn/T//ccr2siqR.s:1270   .text.HAL_DMA_UnRegisterCallback:00000040 $d
/var/folders/k1/1yttftd15rl7jxtpyc5m93n80000gn/T//ccr2siqR.s:1275   .text.HAL_DMA_UnRegisterCallback:00000054 $t
/var/folders/k1/1yttftd15rl7jxtpyc5m93n80000gn/T//ccr2siqR.s:1331   .text.HAL_DMA_GetState:00000000 $t
/var/folders/k1/1yttftd15rl7jxtpyc5m93n80000gn/T//ccr2siqR.s:1337   .text.HAL_DMA_GetState:00000000 HAL_DMA_GetState
/var/folders/k1/1yttftd15rl7jxtpyc5m93n80000gn/T//ccr2siqR.s:1356   .text.HAL_DMA_GetError:00000000 $t
/var/folders/k1/1yttftd15rl7jxtpyc5m93n80000gn/T//ccr2siqR.s:1362   .text.HAL_DMA_GetError:00000000 HAL_DMA_GetError
/var/folders/k1/1yttftd15rl7jxtpyc5m93n80000gn/T//ccr2siqR.s:1380   .text.DMA_SetConfig:00000000 $t
/var/folders/k1/1yttftd15rl7jxtpyc5m93n80000gn/T//ccr2siqR.s:1454   .text.DMA_CalcDMAMUXChannelBaseAndMask:00000000 $t
/var/folders/k1/1yttftd15rl7jxtpyc5m93n80000gn/T//ccr2siqR.s:1526   .text.DMA_CalcDMAMUXChannelBaseAndMask:0000007c $d
/var/folders/k1/1yttftd15rl7jxtpyc5m93n80000gn/T//ccr2siqR.s:1533   .text.DMA_CalcDMAMUXRequestGenBaseAndMask:00000000 $t
/var/folders/k1/1yttftd15rl7jxtpyc5m93n80000gn/T//ccr2siqR.s:1576   .text.DMA_CalcDMAMUXRequestGenBaseAndMask:00000044 $d

UNDEFINED SYMBOLS
HAL_GetTick
