ARM GAS  /var/folders/k1/1yttftd15rl7jxtpyc5m93n80000gn/T//ccPxbxXQ.s 			page 1


   1              		.cpu cortex-m4
   2              		.arch armv7e-m
   3              		.fpu fpv4-sp-d16
   4              		.eabi_attribute 27, 1
   5              		.eabi_attribute 28, 1
   6              		.eabi_attribute 20, 1
   7              		.eabi_attribute 21, 1
   8              		.eabi_attribute 23, 3
   9              		.eabi_attribute 24, 1
  10              		.eabi_attribute 25, 1
  11              		.eabi_attribute 26, 1
  12              		.eabi_attribute 30, 6
  13              		.eabi_attribute 34, 1
  14              		.eabi_attribute 18, 4
  15              		.file	"stm32g4xx_hal_usart_ex.c"
  16              		.text
  17              		.ident	"GCC: (GNU Tools for STM32 14.3.rel1.20251027-0700) 14.3.1 20250623"
ARM GAS  /var/folders/k1/1yttftd15rl7jxtpyc5m93n80000gn/T//ccPxbxXQ.s 			page 2


DEFINED SYMBOLS
                            *ABS*:00000000 stm32g4xx_hal_usart_ex.c

NO UNDEFINED SYMBOLS
