ARM GAS  /var/folders/k1/1yttftd15rl7jxtpyc5m93n80000gn/T//ccS4gZe9.s 			page 1


   1              		.cpu cortex-m4
   2              		.arch armv7e-m
   3              		.fpu fpv4-sp-d16
   4              		.eabi_attribute 27, 1
   5              		.eabi_attribute 28, 1
   6              		.eabi_attribute 20, 1
   7              		.eabi_attribute 21, 1
   8              		.eabi_attribute 23, 3
   9              		.eabi_attribute 24, 1
  10              		.eabi_attribute 25, 1
  11              		.eabi_attribute 26, 1
  12              		.eabi_attribute 30, 6
  13              		.eabi_attribute 34, 1
  14              		.eabi_attribute 18, 4
  15              		.file	"stm32g4xx_hal.c"
  16              		.text
  17              		.global	uwTick
  18              		.section	.bss.uwTick,"aw",%nobits
  19              		.align	2
  22              	uwTick:
  23 0000 00000000 		.space	4
  24              		.global	uwTickPrio
  25              		.section	.data.uwTickPrio,"aw"
  26              		.align	2
  29              	uwTickPrio:
  30 0000 10000000 		.word	16
  31              		.global	uwTickFreq
  32              		.section	.data.uwTickFreq,"aw"
  33              		.align	2
  36              	uwTickFreq:
  37 0000 01000000 		.word	1
  38              		.section	.text.HAL_Init,"ax",%progbits
  39              		.align	1
  40              		.global	HAL_Init
  41              		.syntax unified
  42              		.thumb
  43              		.thumb_func
  45              	HAL_Init:
  46              		@ args = 0, pretend = 0, frame = 8
  47              		@ frame_needed = 1, uses_anonymous_args = 0
  48 0000 80B5     		push	{r7, lr}
  49 0002 82B0     		sub	sp, sp, #8
  50 0004 00AF     		add	r7, sp, #0
  51 0006 0023     		movs	r3, #0
  52 0008 FB71     		strb	r3, [r7, #7]
  53 000a 0320     		movs	r0, #3
  54 000c FFF7FEFF 		bl	HAL_NVIC_SetPriorityGrouping
  55 0010 0020     		movs	r0, #0
  56 0012 FFF7FEFF 		bl	HAL_InitTick
  57 0016 0346     		mov	r3, r0
  58 0018 002B     		cmp	r3, #0
  59 001a 02D0     		beq	.L2
  60 001c 0123     		movs	r3, #1
  61 001e FB71     		strb	r3, [r7, #7]
  62 0020 01E0     		b	.L3
  63              	.L2:
  64 0022 FFF7FEFF 		bl	HAL_MspInit
ARM GAS  /var/folders/k1/1yttftd15rl7jxtpyc5m93n80000gn/T//ccS4gZe9.s 			page 2


  65              	.L3:
  66 0026 FB79     		ldrb	r3, [r7, #7]	@ zero_extendqisi2
  67 0028 1846     		mov	r0, r3
  68 002a 0837     		adds	r7, r7, #8
  69 002c BD46     		mov	sp, r7
  70              		@ sp needed
  71 002e 80BD     		pop	{r7, pc}
  73              		.section	.text.HAL_DeInit,"ax",%progbits
  74              		.align	1
  75              		.global	HAL_DeInit
  76              		.syntax unified
  77              		.thumb
  78              		.thumb_func
  80              	HAL_DeInit:
  81              		@ args = 0, pretend = 0, frame = 0
  82              		@ frame_needed = 1, uses_anonymous_args = 0
  83 0000 80B5     		push	{r7, lr}
  84 0002 00AF     		add	r7, sp, #0
  85 0004 134B     		ldr	r3, .L7
  86 0006 4FF0FF32 		mov	r2, #-1
  87 000a 9A63     		str	r2, [r3, #56]
  88 000c 114B     		ldr	r3, .L7
  89 000e 0022     		movs	r2, #0
  90 0010 9A63     		str	r2, [r3, #56]
  91 0012 104B     		ldr	r3, .L7
  92 0014 4FF0FF32 		mov	r2, #-1
  93 0018 1A64     		str	r2, [r3, #64]
  94 001a 0E4B     		ldr	r3, .L7
  95 001c 0022     		movs	r2, #0
  96 001e 1A64     		str	r2, [r3, #64]
  97 0020 0C4B     		ldr	r3, .L7
  98 0022 4FF0FF32 		mov	r2, #-1
  99 0026 9A62     		str	r2, [r3, #40]
 100 0028 0A4B     		ldr	r3, .L7
 101 002a 0022     		movs	r2, #0
 102 002c 9A62     		str	r2, [r3, #40]
 103 002e 094B     		ldr	r3, .L7
 104 0030 4FF0FF32 		mov	r2, #-1
 105 0034 DA62     		str	r2, [r3, #44]
 106 0036 074B     		ldr	r3, .L7
 107 0038 0022     		movs	r2, #0
 108 003a DA62     		str	r2, [r3, #44]
 109 003c 054B     		ldr	r3, .L7
 110 003e 4FF0FF32 		mov	r2, #-1
 111 0042 1A63     		str	r2, [r3, #48]
 112 0044 034B     		ldr	r3, .L7
 113 0046 0022     		movs	r2, #0
 114 0048 1A63     		str	r2, [r3, #48]
 115 004a FFF7FEFF 		bl	HAL_MspDeInit
 116 004e 0023     		movs	r3, #0
 117 0050 1846     		mov	r0, r3
 118 0052 80BD     		pop	{r7, pc}
 119              	.L8:
 120              		.align	2
 121              	.L7:
 122 0054 00100240 		.word	1073876992
 124              		.section	.text.HAL_MspInit,"ax",%progbits
ARM GAS  /var/folders/k1/1yttftd15rl7jxtpyc5m93n80000gn/T//ccS4gZe9.s 			page 3


 125              		.align	1
 126              		.weak	HAL_MspInit
 127              		.syntax unified
 128              		.thumb
 129              		.thumb_func
 131              	HAL_MspInit:
 132              		@ args = 0, pretend = 0, frame = 0
 133              		@ frame_needed = 1, uses_anonymous_args = 0
 134              		@ link register save eliminated.
 135 0000 80B4     		push	{r7}
 136 0002 00AF     		add	r7, sp, #0
 137 0004 00BF     		nop
 138 0006 BD46     		mov	sp, r7
 139              		@ sp needed
 140 0008 5DF8047B 		ldr	r7, [sp], #4
 141 000c 7047     		bx	lr
 143              		.section	.text.HAL_MspDeInit,"ax",%progbits
 144              		.align	1
 145              		.weak	HAL_MspDeInit
 146              		.syntax unified
 147              		.thumb
 148              		.thumb_func
 150              	HAL_MspDeInit:
 151              		@ args = 0, pretend = 0, frame = 0
 152              		@ frame_needed = 1, uses_anonymous_args = 0
 153              		@ link register save eliminated.
 154 0000 80B4     		push	{r7}
 155 0002 00AF     		add	r7, sp, #0
 156 0004 00BF     		nop
 157 0006 BD46     		mov	sp, r7
 158              		@ sp needed
 159 0008 5DF8047B 		ldr	r7, [sp], #4
 160 000c 7047     		bx	lr
 162              		.section	.text.HAL_InitTick,"ax",%progbits
 163              		.align	1
 164              		.weak	HAL_InitTick
 165              		.syntax unified
 166              		.thumb
 167              		.thumb_func
 169              	HAL_InitTick:
 170              		@ args = 0, pretend = 0, frame = 16
 171              		@ frame_needed = 1, uses_anonymous_args = 0
 172 0000 80B5     		push	{r7, lr}
 173 0002 84B0     		sub	sp, sp, #16
 174 0004 00AF     		add	r7, sp, #0
 175 0006 7860     		str	r0, [r7, #4]
 176 0008 0023     		movs	r3, #0
 177 000a FB73     		strb	r3, [r7, #15]
 178 000c 164B     		ldr	r3, .L17
 179 000e 1B68     		ldr	r3, [r3]
 180 0010 002B     		cmp	r3, #0
 181 0012 22D0     		beq	.L12
 182 0014 154B     		ldr	r3, .L17+4
 183 0016 1A68     		ldr	r2, [r3]
 184 0018 134B     		ldr	r3, .L17
 185 001a 1B68     		ldr	r3, [r3]
 186 001c 4FF47A71 		mov	r1, #1000
ARM GAS  /var/folders/k1/1yttftd15rl7jxtpyc5m93n80000gn/T//ccS4gZe9.s 			page 4


 187 0020 B1FBF3F3 		udiv	r3, r1, r3
 188 0024 B2FBF3F3 		udiv	r3, r2, r3
 189 0028 1846     		mov	r0, r3
 190 002a FFF7FEFF 		bl	HAL_SYSTICK_Config
 191 002e 0346     		mov	r3, r0
 192 0030 002B     		cmp	r3, #0
 193 0032 0FD1     		bne	.L13
 194 0034 7B68     		ldr	r3, [r7, #4]
 195 0036 0F2B     		cmp	r3, #15
 196 0038 09D8     		bhi	.L14
 197 003a 0022     		movs	r2, #0
 198 003c 7968     		ldr	r1, [r7, #4]
 199 003e 4FF0FF30 		mov	r0, #-1
 200 0042 FFF7FEFF 		bl	HAL_NVIC_SetPriority
 201 0046 0A4A     		ldr	r2, .L17+8
 202 0048 7B68     		ldr	r3, [r7, #4]
 203 004a 1360     		str	r3, [r2]
 204 004c 07E0     		b	.L15
 205              	.L14:
 206 004e 0123     		movs	r3, #1
 207 0050 FB73     		strb	r3, [r7, #15]
 208 0052 04E0     		b	.L15
 209              	.L13:
 210 0054 0123     		movs	r3, #1
 211 0056 FB73     		strb	r3, [r7, #15]
 212 0058 01E0     		b	.L15
 213              	.L12:
 214 005a 0123     		movs	r3, #1
 215 005c FB73     		strb	r3, [r7, #15]
 216              	.L15:
 217 005e FB7B     		ldrb	r3, [r7, #15]	@ zero_extendqisi2
 218 0060 1846     		mov	r0, r3
 219 0062 1037     		adds	r7, r7, #16
 220 0064 BD46     		mov	sp, r7
 221              		@ sp needed
 222 0066 80BD     		pop	{r7, pc}
 223              	.L18:
 224              		.align	2
 225              	.L17:
 226 0068 00000000 		.word	uwTickFreq
 227 006c 00000000 		.word	SystemCoreClock
 228 0070 00000000 		.word	uwTickPrio
 230              		.section	.text.HAL_IncTick,"ax",%progbits
 231              		.align	1
 232              		.weak	HAL_IncTick
 233              		.syntax unified
 234              		.thumb
 235              		.thumb_func
 237              	HAL_IncTick:
 238              		@ args = 0, pretend = 0, frame = 0
 239              		@ frame_needed = 1, uses_anonymous_args = 0
 240              		@ link register save eliminated.
 241 0000 80B4     		push	{r7}
 242 0002 00AF     		add	r7, sp, #0
 243 0004 054B     		ldr	r3, .L20
 244 0006 1A68     		ldr	r2, [r3]
 245 0008 054B     		ldr	r3, .L20+4
ARM GAS  /var/folders/k1/1yttftd15rl7jxtpyc5m93n80000gn/T//ccS4gZe9.s 			page 5


 246 000a 1B68     		ldr	r3, [r3]
 247 000c 1344     		add	r3, r3, r2
 248 000e 034A     		ldr	r2, .L20
 249 0010 1360     		str	r3, [r2]
 250 0012 00BF     		nop
 251 0014 BD46     		mov	sp, r7
 252              		@ sp needed
 253 0016 5DF8047B 		ldr	r7, [sp], #4
 254 001a 7047     		bx	lr
 255              	.L21:
 256              		.align	2
 257              	.L20:
 258 001c 00000000 		.word	uwTick
 259 0020 00000000 		.word	uwTickFreq
 261              		.section	.text.HAL_GetTick,"ax",%progbits
 262              		.align	1
 263              		.weak	HAL_GetTick
 264              		.syntax unified
 265              		.thumb
 266              		.thumb_func
 268              	HAL_GetTick:
 269              		@ args = 0, pretend = 0, frame = 0
 270              		@ frame_needed = 1, uses_anonymous_args = 0
 271              		@ link register save eliminated.
 272 0000 80B4     		push	{r7}
 273 0002 00AF     		add	r7, sp, #0
 274 0004 034B     		ldr	r3, .L24
 275 0006 1B68     		ldr	r3, [r3]
 276 0008 1846     		mov	r0, r3
 277 000a BD46     		mov	sp, r7
 278              		@ sp needed
 279 000c 5DF8047B 		ldr	r7, [sp], #4
 280 0010 7047     		bx	lr
 281              	.L25:
 282 0012 00BF     		.align	2
 283              	.L24:
 284 0014 00000000 		.word	uwTick
 286              		.section	.text.HAL_GetTickPrio,"ax",%progbits
 287              		.align	1
 288              		.global	HAL_GetTickPrio
 289              		.syntax unified
 290              		.thumb
 291              		.thumb_func
 293              	HAL_GetTickPrio:
 294              		@ args = 0, pretend = 0, frame = 0
 295              		@ frame_needed = 1, uses_anonymous_args = 0
 296              		@ link register save eliminated.
 297 0000 80B4     		push	{r7}
 298 0002 00AF     		add	r7, sp, #0
 299 0004 034B     		ldr	r3, .L28
 300 0006 1B68     		ldr	r3, [r3]
 301 0008 1846     		mov	r0, r3
 302 000a BD46     		mov	sp, r7
 303              		@ sp needed
 304 000c 5DF8047B 		ldr	r7, [sp], #4
 305 0010 7047     		bx	lr
 306              	.L29:
ARM GAS  /var/folders/k1/1yttftd15rl7jxtpyc5m93n80000gn/T//ccS4gZe9.s 			page 6


 307 0012 00BF     		.align	2
 308              	.L28:
 309 0014 00000000 		.word	uwTickPrio
 311              		.section	.text.HAL_SetTickFreq,"ax",%progbits
 312              		.align	1
 313              		.global	HAL_SetTickFreq
 314              		.syntax unified
 315              		.thumb
 316              		.thumb_func
 318              	HAL_SetTickFreq:
 319              		@ args = 0, pretend = 0, frame = 16
 320              		@ frame_needed = 1, uses_anonymous_args = 0
 321 0000 80B5     		push	{r7, lr}
 322 0002 84B0     		sub	sp, sp, #16
 323 0004 00AF     		add	r7, sp, #0
 324 0006 7860     		str	r0, [r7, #4]
 325 0008 0023     		movs	r3, #0
 326 000a FB73     		strb	r3, [r7, #15]
 327 000c 0E4B     		ldr	r3, .L33
 328 000e 1B68     		ldr	r3, [r3]
 329 0010 7A68     		ldr	r2, [r7, #4]
 330 0012 9A42     		cmp	r2, r3
 331 0014 12D0     		beq	.L31
 332 0016 0C4B     		ldr	r3, .L33
 333 0018 1B68     		ldr	r3, [r3]
 334 001a BB60     		str	r3, [r7, #8]
 335 001c 0A4A     		ldr	r2, .L33
 336 001e 7B68     		ldr	r3, [r7, #4]
 337 0020 1360     		str	r3, [r2]
 338 0022 0A4B     		ldr	r3, .L33+4
 339 0024 1B68     		ldr	r3, [r3]
 340 0026 1846     		mov	r0, r3
 341 0028 FFF7FEFF 		bl	HAL_InitTick
 342 002c 0346     		mov	r3, r0
 343 002e FB73     		strb	r3, [r7, #15]
 344 0030 FB7B     		ldrb	r3, [r7, #15]	@ zero_extendqisi2
 345 0032 002B     		cmp	r3, #0
 346 0034 02D0     		beq	.L31
 347 0036 044A     		ldr	r2, .L33
 348 0038 BB68     		ldr	r3, [r7, #8]
 349 003a 1360     		str	r3, [r2]
 350              	.L31:
 351 003c FB7B     		ldrb	r3, [r7, #15]	@ zero_extendqisi2
 352 003e 1846     		mov	r0, r3
 353 0040 1037     		adds	r7, r7, #16
 354 0042 BD46     		mov	sp, r7
 355              		@ sp needed
 356 0044 80BD     		pop	{r7, pc}
 357              	.L34:
 358 0046 00BF     		.align	2
 359              	.L33:
 360 0048 00000000 		.word	uwTickFreq
 361 004c 00000000 		.word	uwTickPrio
 363              		.section	.text.HAL_GetTickFreq,"ax",%progbits
 364              		.align	1
 365              		.global	HAL_GetTickFreq
 366              		.syntax unified
ARM GAS  /var/folders/k1/1yttftd15rl7jxtpyc5m93n80000gn/T//ccS4gZe9.s 			page 7


 367              		.thumb
 368              		.thumb_func
 370              	HAL_GetTickFreq:
 371              		@ args = 0, pretend = 0, frame = 0
 372              		@ frame_needed = 1, uses_anonymous_args = 0
 373              		@ link register save eliminated.
 374 0000 80B4     		push	{r7}
 375 0002 00AF     		add	r7, sp, #0
 376 0004 034B     		ldr	r3, .L37
 377 0006 1B68     		ldr	r3, [r3]
 378 0008 1846     		mov	r0, r3
 379 000a BD46     		mov	sp, r7
 380              		@ sp needed
 381 000c 5DF8047B 		ldr	r7, [sp], #4
 382 0010 7047     		bx	lr
 383              	.L38:
 384 0012 00BF     		.align	2
 385              	.L37:
 386 0014 00000000 		.word	uwTickFreq
 388              		.section	.text.HAL_Delay,"ax",%progbits
 389              		.align	1
 390              		.weak	HAL_Delay
 391              		.syntax unified
 392              		.thumb
 393              		.thumb_func
 395              	HAL_Delay:
 396              		@ args = 0, pretend = 0, frame = 16
 397              		@ frame_needed = 1, uses_anonymous_args = 0
 398 0000 80B5     		push	{r7, lr}
 399 0002 84B0     		sub	sp, sp, #16
 400 0004 00AF     		add	r7, sp, #0
 401 0006 7860     		str	r0, [r7, #4]
 402 0008 FFF7FEFF 		bl	HAL_GetTick
 403 000c B860     		str	r0, [r7, #8]
 404 000e 7B68     		ldr	r3, [r7, #4]
 405 0010 FB60     		str	r3, [r7, #12]
 406 0012 FB68     		ldr	r3, [r7, #12]
 407 0014 B3F1FF3F 		cmp	r3, #-1
 408 0018 04D0     		beq	.L42
 409 001a 094B     		ldr	r3, .L43
 410 001c 1B68     		ldr	r3, [r3]
 411 001e FA68     		ldr	r2, [r7, #12]
 412 0020 1344     		add	r3, r3, r2
 413 0022 FB60     		str	r3, [r7, #12]
 414              	.L42:
 415 0024 00BF     		nop
 416              	.L41:
 417 0026 FFF7FEFF 		bl	HAL_GetTick
 418 002a 0246     		mov	r2, r0
 419 002c BB68     		ldr	r3, [r7, #8]
 420 002e D31A     		subs	r3, r2, r3
 421 0030 FA68     		ldr	r2, [r7, #12]
 422 0032 9A42     		cmp	r2, r3
 423 0034 F7D8     		bhi	.L41
 424 0036 00BF     		nop
 425 0038 00BF     		nop
 426 003a 1037     		adds	r7, r7, #16
ARM GAS  /var/folders/k1/1yttftd15rl7jxtpyc5m93n80000gn/T//ccS4gZe9.s 			page 8


 427 003c BD46     		mov	sp, r7
 428              		@ sp needed
 429 003e 80BD     		pop	{r7, pc}
 430              	.L44:
 431              		.align	2
 432              	.L43:
 433 0040 00000000 		.word	uwTickFreq
 435              		.section	.text.HAL_SuspendTick,"ax",%progbits
 436              		.align	1
 437              		.weak	HAL_SuspendTick
 438              		.syntax unified
 439              		.thumb
 440              		.thumb_func
 442              	HAL_SuspendTick:
 443              		@ args = 0, pretend = 0, frame = 0
 444              		@ frame_needed = 1, uses_anonymous_args = 0
 445              		@ link register save eliminated.
 446 0000 80B4     		push	{r7}
 447 0002 00AF     		add	r7, sp, #0
 448 0004 054B     		ldr	r3, .L46
 449 0006 1B68     		ldr	r3, [r3]
 450 0008 044A     		ldr	r2, .L46
 451 000a 23F00203 		bic	r3, r3, #2
 452 000e 1360     		str	r3, [r2]
 453 0010 00BF     		nop
 454 0012 BD46     		mov	sp, r7
 455              		@ sp needed
 456 0014 5DF8047B 		ldr	r7, [sp], #4
 457 0018 7047     		bx	lr
 458              	.L47:
 459 001a 00BF     		.align	2
 460              	.L46:
 461 001c 10E000E0 		.word	-536813552
 463              		.section	.text.HAL_ResumeTick,"ax",%progbits
 464              		.align	1
 465              		.weak	HAL_ResumeTick
 466              		.syntax unified
 467              		.thumb
 468              		.thumb_func
 470              	HAL_ResumeTick:
 471              		@ args = 0, pretend = 0, frame = 0
 472              		@ frame_needed = 1, uses_anonymous_args = 0
 473              		@ link register save eliminated.
 474 0000 80B4     		push	{r7}
 475 0002 00AF     		add	r7, sp, #0
 476 0004 054B     		ldr	r3, .L49
 477 0006 1B68     		ldr	r3, [r3]
 478 0008 044A     		ldr	r2, .L49
 479 000a 43F00203 		orr	r3, r3, #2
 480 000e 1360     		str	r3, [r2]
 481 0010 00BF     		nop
 482 0012 BD46     		mov	sp, r7
 483              		@ sp needed
 484 0014 5DF8047B 		ldr	r7, [sp], #4
 485 0018 7047     		bx	lr
 486              	.L50:
 487 001a 00BF     		.align	2
ARM GAS  /var/folders/k1/1yttftd15rl7jxtpyc5m93n80000gn/T//ccS4gZe9.s 			page 9


 488              	.L49:
 489 001c 10E000E0 		.word	-536813552
 491              		.section	.text.HAL_GetHalVersion,"ax",%progbits
 492              		.align	1
 493              		.global	HAL_GetHalVersion
 494              		.syntax unified
 495              		.thumb
 496              		.thumb_func
 498              	HAL_GetHalVersion:
 499              		@ args = 0, pretend = 0, frame = 0
 500              		@ frame_needed = 1, uses_anonymous_args = 0
 501              		@ link register save eliminated.
 502 0000 80B4     		push	{r7}
 503 0002 00AF     		add	r7, sp, #0
 504 0004 024B     		ldr	r3, .L53
 505 0006 1846     		mov	r0, r3
 506 0008 BD46     		mov	sp, r7
 507              		@ sp needed
 508 000a 5DF8047B 		ldr	r7, [sp], #4
 509 000e 7047     		bx	lr
 510              	.L54:
 511              		.align	2
 512              	.L53:
 513 0010 00070201 		.word	16910080
 515              		.section	.text.HAL_GetREVID,"ax",%progbits
 516              		.align	1
 517              		.global	HAL_GetREVID
 518              		.syntax unified
 519              		.thumb
 520              		.thumb_func
 522              	HAL_GetREVID:
 523              		@ args = 0, pretend = 0, frame = 0
 524              		@ frame_needed = 1, uses_anonymous_args = 0
 525              		@ link register save eliminated.
 526 0000 80B4     		push	{r7}
 527 0002 00AF     		add	r7, sp, #0
 528 0004 044B     		ldr	r3, .L57
 529 0006 1B68     		ldr	r3, [r3]
 530 0008 1B0C     		lsrs	r3, r3, #16
 531 000a 9BB2     		uxth	r3, r3
 532 000c 1846     		mov	r0, r3
 533 000e BD46     		mov	sp, r7
 534              		@ sp needed
 535 0010 5DF8047B 		ldr	r7, [sp], #4
 536 0014 7047     		bx	lr
 537              	.L58:
 538 0016 00BF     		.align	2
 539              	.L57:
 540 0018 002004E0 		.word	-536600576
 542              		.section	.text.HAL_GetDEVID,"ax",%progbits
 543              		.align	1
 544              		.global	HAL_GetDEVID
 545              		.syntax unified
 546              		.thumb
 547              		.thumb_func
 549              	HAL_GetDEVID:
 550              		@ args = 0, pretend = 0, frame = 0
ARM GAS  /var/folders/k1/1yttftd15rl7jxtpyc5m93n80000gn/T//ccS4gZe9.s 			page 10


 551              		@ frame_needed = 1, uses_anonymous_args = 0
 552              		@ link register save eliminated.
 553 0000 80B4     		push	{r7}
 554 0002 00AF     		add	r7, sp, #0
 555 0004 044B     		ldr	r3, .L61
 556 0006 1B68     		ldr	r3, [r3]
 557 0008 C3F30B03 		ubfx	r3, r3, #0, #12
 558 000c 1846     		mov	r0, r3
 559 000e BD46     		mov	sp, r7
 560              		@ sp needed
 561 0010 5DF8047B 		ldr	r7, [sp], #4
 562 0014 7047     		bx	lr
 563              	.L62:
 564 0016 00BF     		.align	2
 565              	.L61:
 566 0018 002004E0 		.word	-536600576
 568              		.section	.text.HAL_GetUIDw0,"ax",%progbits
 569              		.align	1
 570              		.global	HAL_GetUIDw0
 571              		.syntax unified
 572              		.thumb
 573              		.thumb_func
 575              	HAL_GetUIDw0:
 576              		@ args = 0, pretend = 0, frame = 0
 577              		@ frame_needed = 1, uses_anonymous_args = 0
 578              		@ link register save eliminated.
 579 0000 80B4     		push	{r7}
 580 0002 00AF     		add	r7, sp, #0
 581 0004 034B     		ldr	r3, .L65
 582 0006 1B68     		ldr	r3, [r3]
 583 0008 1846     		mov	r0, r3
 584 000a BD46     		mov	sp, r7
 585              		@ sp needed
 586 000c 5DF8047B 		ldr	r7, [sp], #4
 587 0010 7047     		bx	lr
 588              	.L66:
 589 0012 00BF     		.align	2
 590              	.L65:
 591 0014 9075FF1F 		.word	536835472
 593              		.section	.text.HAL_GetUIDw1,"ax",%progbits
 594              		.align	1
 595              		.global	HAL_GetUIDw1
 596              		.syntax unified
 597              		.thumb
 598              		.thumb_func
 600              	HAL_GetUIDw1:
 601              		@ args = 0, pretend = 0, frame = 0
 602              		@ frame_needed = 1, uses_anonymous_args = 0
 603              		@ link register save eliminated.
 604 0000 80B4     		push	{r7}
 605 0002 00AF     		add	r7, sp, #0
 606 0004 034B     		ldr	r3, .L69
 607 0006 1B68     		ldr	r3, [r3]
 608 0008 1846     		mov	r0, r3
 609 000a BD46     		mov	sp, r7
 610              		@ sp needed
 611 000c 5DF8047B 		ldr	r7, [sp], #4
ARM GAS  /var/folders/k1/1yttftd15rl7jxtpyc5m93n80000gn/T//ccS4gZe9.s 			page 11


 612 0010 7047     		bx	lr
 613              	.L70:
 614 0012 00BF     		.align	2
 615              	.L69:
 616 0014 9475FF1F 		.word	536835476
 618              		.section	.text.HAL_GetUIDw2,"ax",%progbits
 619              		.align	1
 620              		.global	HAL_GetUIDw2
 621              		.syntax unified
 622              		.thumb
 623              		.thumb_func
 625              	HAL_GetUIDw2:
 626              		@ args = 0, pretend = 0, frame = 0
 627              		@ frame_needed = 1, uses_anonymous_args = 0
 628              		@ link register save eliminated.
 629 0000 80B4     		push	{r7}
 630 0002 00AF     		add	r7, sp, #0
 631 0004 034B     		ldr	r3, .L73
 632 0006 1B68     		ldr	r3, [r3]
 633 0008 1846     		mov	r0, r3
 634 000a BD46     		mov	sp, r7
 635              		@ sp needed
 636 000c 5DF8047B 		ldr	r7, [sp], #4
 637 0010 7047     		bx	lr
 638              	.L74:
 639 0012 00BF     		.align	2
 640              	.L73:
 641 0014 9875FF1F 		.word	536835480
 643              		.section	.text.HAL_DBGMCU_EnableDBGSleepMode,"ax",%progbits
 644              		.align	1
 645              		.global	HAL_DBGMCU_EnableDBGSleepMode
 646              		.syntax unified
 647              		.thumb
 648              		.thumb_func
 650              	HAL_DBGMCU_EnableDBGSleepMode:
 651              		@ args = 0, pretend = 0, frame = 0
 652              		@ frame_needed = 1, uses_anonymous_args = 0
 653              		@ link register save eliminated.
 654 0000 80B4     		push	{r7}
 655 0002 00AF     		add	r7, sp, #0
 656 0004 054B     		ldr	r3, .L76
 657 0006 5B68     		ldr	r3, [r3, #4]
 658 0008 044A     		ldr	r2, .L76
 659 000a 43F00103 		orr	r3, r3, #1
 660 000e 5360     		str	r3, [r2, #4]
 661 0010 00BF     		nop
 662 0012 BD46     		mov	sp, r7
 663              		@ sp needed
 664 0014 5DF8047B 		ldr	r7, [sp], #4
 665 0018 7047     		bx	lr
 666              	.L77:
 667 001a 00BF     		.align	2
 668              	.L76:
 669 001c 002004E0 		.word	-536600576
 671              		.section	.text.HAL_DBGMCU_DisableDBGSleepMode,"ax",%progbits
 672              		.align	1
 673              		.global	HAL_DBGMCU_DisableDBGSleepMode
ARM GAS  /var/folders/k1/1yttftd15rl7jxtpyc5m93n80000gn/T//ccS4gZe9.s 			page 12


 674              		.syntax unified
 675              		.thumb
 676              		.thumb_func
 678              	HAL_DBGMCU_DisableDBGSleepMode:
 679              		@ args = 0, pretend = 0, frame = 0
 680              		@ frame_needed = 1, uses_anonymous_args = 0
 681              		@ link register save eliminated.
 682 0000 80B4     		push	{r7}
 683 0002 00AF     		add	r7, sp, #0
 684 0004 054B     		ldr	r3, .L79
 685 0006 5B68     		ldr	r3, [r3, #4]
 686 0008 044A     		ldr	r2, .L79
 687 000a 23F00103 		bic	r3, r3, #1
 688 000e 5360     		str	r3, [r2, #4]
 689 0010 00BF     		nop
 690 0012 BD46     		mov	sp, r7
 691              		@ sp needed
 692 0014 5DF8047B 		ldr	r7, [sp], #4
 693 0018 7047     		bx	lr
 694              	.L80:
 695 001a 00BF     		.align	2
 696              	.L79:
 697 001c 002004E0 		.word	-536600576
 699              		.section	.text.HAL_DBGMCU_EnableDBGStopMode,"ax",%progbits
 700              		.align	1
 701              		.global	HAL_DBGMCU_EnableDBGStopMode
 702              		.syntax unified
 703              		.thumb
 704              		.thumb_func
 706              	HAL_DBGMCU_EnableDBGStopMode:
 707              		@ args = 0, pretend = 0, frame = 0
 708              		@ frame_needed = 1, uses_anonymous_args = 0
 709              		@ link register save eliminated.
 710 0000 80B4     		push	{r7}
 711 0002 00AF     		add	r7, sp, #0
 712 0004 054B     		ldr	r3, .L82
 713 0006 5B68     		ldr	r3, [r3, #4]
 714 0008 044A     		ldr	r2, .L82
 715 000a 43F00203 		orr	r3, r3, #2
 716 000e 5360     		str	r3, [r2, #4]
 717 0010 00BF     		nop
 718 0012 BD46     		mov	sp, r7
 719              		@ sp needed
 720 0014 5DF8047B 		ldr	r7, [sp], #4
 721 0018 7047     		bx	lr
 722              	.L83:
 723 001a 00BF     		.align	2
 724              	.L82:
 725 001c 002004E0 		.word	-536600576
 727              		.section	.text.HAL_DBGMCU_DisableDBGStopMode,"ax",%progbits
 728              		.align	1
 729              		.global	HAL_DBGMCU_DisableDBGStopMode
 730              		.syntax unified
 731              		.thumb
 732              		.thumb_func
 734              	HAL_DBGMCU_DisableDBGStopMode:
 735              		@ args = 0, pretend = 0, frame = 0
ARM GAS  /var/folders/k1/1yttftd15rl7jxtpyc5m93n80000gn/T//ccS4gZe9.s 			page 13


 736              		@ frame_needed = 1, uses_anonymous_args = 0
 737              		@ link register save eliminated.
 738 0000 80B4     		push	{r7}
 739 0002 00AF     		add	r7, sp, #0
 740 0004 054B     		ldr	r3, .L85
 741 0006 5B68     		ldr	r3, [r3, #4]
 742 0008 044A     		ldr	r2, .L85
 743 000a 23F00203 		bic	r3, r3, #2
 744 000e 5360     		str	r3, [r2, #4]
 745 0010 00BF     		nop
 746 0012 BD46     		mov	sp, r7
 747              		@ sp needed
 748 0014 5DF8047B 		ldr	r7, [sp], #4
 749 0018 7047     		bx	lr
 750              	.L86:
 751 001a 00BF     		.align	2
 752              	.L85:
 753 001c 002004E0 		.word	-536600576
 755              		.section	.text.HAL_DBGMCU_EnableDBGStandbyMode,"ax",%progbits
 756              		.align	1
 757              		.global	HAL_DBGMCU_EnableDBGStandbyMode
 758              		.syntax unified
 759              		.thumb
 760              		.thumb_func
 762              	HAL_DBGMCU_EnableDBGStandbyMode:
 763              		@ args = 0, pretend = 0, frame = 0
 764              		@ frame_needed = 1, uses_anonymous_args = 0
 765              		@ link register save eliminated.
 766 0000 80B4     		push	{r7}
 767 0002 00AF     		add	r7, sp, #0
 768 0004 054B     		ldr	r3, .L88
 769 0006 5B68     		ldr	r3, [r3, #4]
 770 0008 044A     		ldr	r2, .L88
 771 000a 43F00403 		orr	r3, r3, #4
 772 000e 5360     		str	r3, [r2, #4]
 773 0010 00BF     		nop
 774 0012 BD46     		mov	sp, r7
 775              		@ sp needed
 776 0014 5DF8047B 		ldr	r7, [sp], #4
 777 0018 7047     		bx	lr
 778              	.L89:
 779 001a 00BF     		.align	2
 780              	.L88:
 781 001c 002004E0 		.word	-536600576
 783              		.section	.text.HAL_DBGMCU_DisableDBGStandbyMode,"ax",%progbits
 784              		.align	1
 785              		.global	HAL_DBGMCU_DisableDBGStandbyMode
 786              		.syntax unified
 787              		.thumb
 788              		.thumb_func
 790              	HAL_DBGMCU_DisableDBGStandbyMode:
 791              		@ args = 0, pretend = 0, frame = 0
 792              		@ frame_needed = 1, uses_anonymous_args = 0
 793              		@ link register save eliminated.
 794 0000 80B4     		push	{r7}
 795 0002 00AF     		add	r7, sp, #0
 796 0004 054B     		ldr	r3, .L91
ARM GAS  /var/folders/k1/1yttftd15rl7jxtpyc5m93n80000gn/T//ccS4gZe9.s 			page 14


 797 0006 5B68     		ldr	r3, [r3, #4]
 798 0008 044A     		ldr	r2, .L91
 799 000a 23F00403 		bic	r3, r3, #4
 800 000e 5360     		str	r3, [r2, #4]
 801 0010 00BF     		nop
 802 0012 BD46     		mov	sp, r7
 803              		@ sp needed
 804 0014 5DF8047B 		ldr	r7, [sp], #4
 805 0018 7047     		bx	lr
 806              	.L92:
 807 001a 00BF     		.align	2
 808              	.L91:
 809 001c 002004E0 		.word	-536600576
 811              		.section	.text.HAL_SYSCFG_CCMSRAMErase,"ax",%progbits
 812              		.align	1
 813              		.global	HAL_SYSCFG_CCMSRAMErase
 814              		.syntax unified
 815              		.thumb
 816              		.thumb_func
 818              	HAL_SYSCFG_CCMSRAMErase:
 819              		@ args = 0, pretend = 0, frame = 0
 820              		@ frame_needed = 1, uses_anonymous_args = 0
 821              		@ link register save eliminated.
 822 0000 80B4     		push	{r7}
 823 0002 00AF     		add	r7, sp, #0
 824 0004 084B     		ldr	r3, .L94
 825 0006 CA22     		movs	r2, #202
 826 0008 5A62     		str	r2, [r3, #36]
 827 000a 074B     		ldr	r3, .L94
 828 000c 5322     		movs	r2, #83
 829 000e 5A62     		str	r2, [r3, #36]
 830 0010 054B     		ldr	r3, .L94
 831 0012 9B69     		ldr	r3, [r3, #24]
 832 0014 044A     		ldr	r2, .L94
 833 0016 43F00103 		orr	r3, r3, #1
 834 001a 9361     		str	r3, [r2, #24]
 835 001c 00BF     		nop
 836 001e BD46     		mov	sp, r7
 837              		@ sp needed
 838 0020 5DF8047B 		ldr	r7, [sp], #4
 839 0024 7047     		bx	lr
 840              	.L95:
 841 0026 00BF     		.align	2
 842              	.L94:
 843 0028 00000140 		.word	1073807360
 845              		.section	.text.HAL_SYSCFG_EnableMemorySwappingBank,"ax",%progbits
 846              		.align	1
 847              		.global	HAL_SYSCFG_EnableMemorySwappingBank
 848              		.syntax unified
 849              		.thumb
 850              		.thumb_func
 852              	HAL_SYSCFG_EnableMemorySwappingBank:
 853              		@ args = 0, pretend = 0, frame = 0
 854              		@ frame_needed = 1, uses_anonymous_args = 0
 855              		@ link register save eliminated.
 856 0000 80B4     		push	{r7}
 857 0002 00AF     		add	r7, sp, #0
ARM GAS  /var/folders/k1/1yttftd15rl7jxtpyc5m93n80000gn/T//ccS4gZe9.s 			page 15


 858 0004 054B     		ldr	r3, .L97
 859 0006 1B68     		ldr	r3, [r3]
 860 0008 044A     		ldr	r2, .L97
 861 000a 43F48073 		orr	r3, r3, #256
 862 000e 1360     		str	r3, [r2]
 863 0010 00BF     		nop
 864 0012 BD46     		mov	sp, r7
 865              		@ sp needed
 866 0014 5DF8047B 		ldr	r7, [sp], #4
 867 0018 7047     		bx	lr
 868              	.L98:
 869 001a 00BF     		.align	2
 870              	.L97:
 871 001c 00000140 		.word	1073807360
 873              		.section	.text.HAL_SYSCFG_DisableMemorySwappingBank,"ax",%progbits
 874              		.align	1
 875              		.global	HAL_SYSCFG_DisableMemorySwappingBank
 876              		.syntax unified
 877              		.thumb
 878              		.thumb_func
 880              	HAL_SYSCFG_DisableMemorySwappingBank:
 881              		@ args = 0, pretend = 0, frame = 0
 882              		@ frame_needed = 1, uses_anonymous_args = 0
 883              		@ link register save eliminated.
 884 0000 80B4     		push	{r7}
 885 0002 00AF     		add	r7, sp, #0
 886 0004 054B     		ldr	r3, .L100
 887 0006 1B68     		ldr	r3, [r3]
 888 0008 044A     		ldr	r2, .L100
 889 000a 23F48073 		bic	r3, r3, #256
 890 000e 1360     		str	r3, [r2]
 891 0010 00BF     		nop
 892 0012 BD46     		mov	sp, r7
 893              		@ sp needed
 894 0014 5DF8047B 		ldr	r7, [sp], #4
 895 0018 7047     		bx	lr
 896              	.L101:
 897 001a 00BF     		.align	2
 898              	.L100:
 899 001c 00000140 		.word	1073807360
 901              		.section	.text.HAL_SYSCFG_VREFBUF_VoltageScalingConfig,"ax",%progbits
 902              		.align	1
 903              		.global	HAL_SYSCFG_VREFBUF_VoltageScalingConfig
 904              		.syntax unified
 905              		.thumb
 906              		.thumb_func
 908              	HAL_SYSCFG_VREFBUF_VoltageScalingConfig:
 909              		@ args = 0, pretend = 0, frame = 8
 910              		@ frame_needed = 1, uses_anonymous_args = 0
 911              		@ link register save eliminated.
 912 0000 80B4     		push	{r7}
 913 0002 83B0     		sub	sp, sp, #12
 914 0004 00AF     		add	r7, sp, #0
 915 0006 7860     		str	r0, [r7, #4]
 916 0008 064B     		ldr	r3, .L103
 917 000a 1B68     		ldr	r3, [r3]
 918 000c 23F03002 		bic	r2, r3, #48
ARM GAS  /var/folders/k1/1yttftd15rl7jxtpyc5m93n80000gn/T//ccS4gZe9.s 			page 16


 919 0010 0449     		ldr	r1, .L103
 920 0012 7B68     		ldr	r3, [r7, #4]
 921 0014 1343     		orrs	r3, r3, r2
 922 0016 0B60     		str	r3, [r1]
 923 0018 00BF     		nop
 924 001a 0C37     		adds	r7, r7, #12
 925 001c BD46     		mov	sp, r7
 926              		@ sp needed
 927 001e 5DF8047B 		ldr	r7, [sp], #4
 928 0022 7047     		bx	lr
 929              	.L104:
 930              		.align	2
 931              	.L103:
 932 0024 30000140 		.word	1073807408
 934              		.section	.text.HAL_SYSCFG_VREFBUF_HighImpedanceConfig,"ax",%progbits
 935              		.align	1
 936              		.global	HAL_SYSCFG_VREFBUF_HighImpedanceConfig
 937              		.syntax unified
 938              		.thumb
 939              		.thumb_func
 941              	HAL_SYSCFG_VREFBUF_HighImpedanceConfig:
 942              		@ args = 0, pretend = 0, frame = 8
 943              		@ frame_needed = 1, uses_anonymous_args = 0
 944              		@ link register save eliminated.
 945 0000 80B4     		push	{r7}
 946 0002 83B0     		sub	sp, sp, #12
 947 0004 00AF     		add	r7, sp, #0
 948 0006 7860     		str	r0, [r7, #4]
 949 0008 064B     		ldr	r3, .L106
 950 000a 1B68     		ldr	r3, [r3]
 951 000c 23F00202 		bic	r2, r3, #2
 952 0010 0449     		ldr	r1, .L106
 953 0012 7B68     		ldr	r3, [r7, #4]
 954 0014 1343     		orrs	r3, r3, r2
 955 0016 0B60     		str	r3, [r1]
 956 0018 00BF     		nop
 957 001a 0C37     		adds	r7, r7, #12
 958 001c BD46     		mov	sp, r7
 959              		@ sp needed
 960 001e 5DF8047B 		ldr	r7, [sp], #4
 961 0022 7047     		bx	lr
 962              	.L107:
 963              		.align	2
 964              	.L106:
 965 0024 30000140 		.word	1073807408
 967              		.section	.text.HAL_SYSCFG_VREFBUF_TrimmingConfig,"ax",%progbits
 968              		.align	1
 969              		.global	HAL_SYSCFG_VREFBUF_TrimmingConfig
 970              		.syntax unified
 971              		.thumb
 972              		.thumb_func
 974              	HAL_SYSCFG_VREFBUF_TrimmingConfig:
 975              		@ args = 0, pretend = 0, frame = 8
 976              		@ frame_needed = 1, uses_anonymous_args = 0
 977              		@ link register save eliminated.
 978 0000 80B4     		push	{r7}
 979 0002 83B0     		sub	sp, sp, #12
ARM GAS  /var/folders/k1/1yttftd15rl7jxtpyc5m93n80000gn/T//ccS4gZe9.s 			page 17


 980 0004 00AF     		add	r7, sp, #0
 981 0006 7860     		str	r0, [r7, #4]
 982 0008 064B     		ldr	r3, .L109
 983 000a 5B68     		ldr	r3, [r3, #4]
 984 000c 23F03F02 		bic	r2, r3, #63
 985 0010 0449     		ldr	r1, .L109
 986 0012 7B68     		ldr	r3, [r7, #4]
 987 0014 1343     		orrs	r3, r3, r2
 988 0016 4B60     		str	r3, [r1, #4]
 989 0018 00BF     		nop
 990 001a 0C37     		adds	r7, r7, #12
 991 001c BD46     		mov	sp, r7
 992              		@ sp needed
 993 001e 5DF8047B 		ldr	r7, [sp], #4
 994 0022 7047     		bx	lr
 995              	.L110:
 996              		.align	2
 997              	.L109:
 998 0024 30000140 		.word	1073807408
 1000              		.section	.text.HAL_SYSCFG_EnableVREFBUF,"ax",%progbits
 1001              		.align	1
 1002              		.global	HAL_SYSCFG_EnableVREFBUF
 1003              		.syntax unified
 1004              		.thumb
 1005              		.thumb_func
 1007              	HAL_SYSCFG_EnableVREFBUF:
 1008              		@ args = 0, pretend = 0, frame = 8
 1009              		@ frame_needed = 1, uses_anonymous_args = 0
 1010 0000 80B5     		push	{r7, lr}
 1011 0002 82B0     		sub	sp, sp, #8
 1012 0004 00AF     		add	r7, sp, #0
 1013 0006 0F4B     		ldr	r3, .L115
 1014 0008 1B68     		ldr	r3, [r3]
 1015 000a 0E4A     		ldr	r2, .L115
 1016 000c 43F00103 		orr	r3, r3, #1
 1017 0010 1360     		str	r3, [r2]
 1018 0012 FFF7FEFF 		bl	HAL_GetTick
 1019 0016 7860     		str	r0, [r7, #4]
 1020 0018 08E0     		b	.L112
 1021              	.L114:
 1022 001a FFF7FEFF 		bl	HAL_GetTick
 1023 001e 0246     		mov	r2, r0
 1024 0020 7B68     		ldr	r3, [r7, #4]
 1025 0022 D31A     		subs	r3, r2, r3
 1026 0024 0A2B     		cmp	r3, #10
 1027 0026 01D9     		bls	.L112
 1028 0028 0323     		movs	r3, #3
 1029 002a 06E0     		b	.L113
 1030              	.L112:
 1031 002c 054B     		ldr	r3, .L115
 1032 002e 1B68     		ldr	r3, [r3]
 1033 0030 03F00803 		and	r3, r3, #8
 1034 0034 002B     		cmp	r3, #0
 1035 0036 F0D0     		beq	.L114
 1036 0038 0023     		movs	r3, #0
 1037              	.L113:
 1038 003a 1846     		mov	r0, r3
ARM GAS  /var/folders/k1/1yttftd15rl7jxtpyc5m93n80000gn/T//ccS4gZe9.s 			page 18


 1039 003c 0837     		adds	r7, r7, #8
 1040 003e BD46     		mov	sp, r7
 1041              		@ sp needed
 1042 0040 80BD     		pop	{r7, pc}
 1043              	.L116:
 1044 0042 00BF     		.align	2
 1045              	.L115:
 1046 0044 30000140 		.word	1073807408
 1048              		.section	.text.HAL_SYSCFG_DisableVREFBUF,"ax",%progbits
 1049              		.align	1
 1050              		.global	HAL_SYSCFG_DisableVREFBUF
 1051              		.syntax unified
 1052              		.thumb
 1053              		.thumb_func
 1055              	HAL_SYSCFG_DisableVREFBUF:
 1056              		@ args = 0, pretend = 0, frame = 0
 1057              		@ frame_needed = 1, uses_anonymous_args = 0
 1058              		@ link register save eliminated.
 1059 0000 80B4     		push	{r7}
 1060 0002 00AF     		add	r7, sp, #0
 1061 0004 054B     		ldr	r3, .L118
 1062 0006 1B68     		ldr	r3, [r3]
 1063 0008 044A     		ldr	r2, .L118
 1064 000a 23F00103 		bic	r3, r3, #1
 1065 000e 1360     		str	r3, [r2]
 1066 0010 00BF     		nop
 1067 0012 BD46     		mov	sp, r7
 1068              		@ sp needed
 1069 0014 5DF8047B 		ldr	r7, [sp], #4
 1070 0018 7047     		bx	lr
 1071              	.L119:
 1072 001a 00BF     		.align	2
 1073              	.L118:
 1074 001c 30000140 		.word	1073807408
 1076              		.section	.text.HAL_SYSCFG_EnableIOSwitchBooster,"ax",%progbits
 1077              		.align	1
 1078              		.global	HAL_SYSCFG_EnableIOSwitchBooster
 1079              		.syntax unified
 1080              		.thumb
 1081              		.thumb_func
 1083              	HAL_SYSCFG_EnableIOSwitchBooster:
 1084              		@ args = 0, pretend = 0, frame = 0
 1085              		@ frame_needed = 1, uses_anonymous_args = 0
 1086              		@ link register save eliminated.
 1087 0000 80B4     		push	{r7}
 1088 0002 00AF     		add	r7, sp, #0
 1089 0004 054B     		ldr	r3, .L121
 1090 0006 5B68     		ldr	r3, [r3, #4]
 1091 0008 044A     		ldr	r2, .L121
 1092 000a 43F48073 		orr	r3, r3, #256
 1093 000e 5360     		str	r3, [r2, #4]
 1094 0010 00BF     		nop
 1095 0012 BD46     		mov	sp, r7
 1096              		@ sp needed
 1097 0014 5DF8047B 		ldr	r7, [sp], #4
 1098 0018 7047     		bx	lr
 1099              	.L122:
ARM GAS  /var/folders/k1/1yttftd15rl7jxtpyc5m93n80000gn/T//ccS4gZe9.s 			page 19


 1100 001a 00BF     		.align	2
 1101              	.L121:
 1102 001c 00000140 		.word	1073807360
 1104              		.section	.text.HAL_SYSCFG_DisableIOSwitchBooster,"ax",%progbits
 1105              		.align	1
 1106              		.global	HAL_SYSCFG_DisableIOSwitchBooster
 1107              		.syntax unified
 1108              		.thumb
 1109              		.thumb_func
 1111              	HAL_SYSCFG_DisableIOSwitchBooster:
 1112              		@ args = 0, pretend = 0, frame = 0
 1113              		@ frame_needed = 1, uses_anonymous_args = 0
 1114              		@ link register save eliminated.
 1115 0000 80B4     		push	{r7}
 1116 0002 00AF     		add	r7, sp, #0
 1117 0004 054B     		ldr	r3, .L124
 1118 0006 5B68     		ldr	r3, [r3, #4]
 1119 0008 044A     		ldr	r2, .L124
 1120 000a 23F48073 		bic	r3, r3, #256
 1121 000e 5360     		str	r3, [r2, #4]
 1122 0010 00BF     		nop
 1123 0012 BD46     		mov	sp, r7
 1124              		@ sp needed
 1125 0014 5DF8047B 		ldr	r7, [sp], #4
 1126 0018 7047     		bx	lr
 1127              	.L125:
 1128 001a 00BF     		.align	2
 1129              	.L124:
 1130 001c 00000140 		.word	1073807360
 1132              		.section	.text.HAL_SYSCFG_EnableIOSwitchVDD,"ax",%progbits
 1133              		.align	1
 1134              		.global	HAL_SYSCFG_EnableIOSwitchVDD
 1135              		.syntax unified
 1136              		.thumb
 1137              		.thumb_func
 1139              	HAL_SYSCFG_EnableIOSwitchVDD:
 1140              		@ args = 0, pretend = 0, frame = 0
 1141              		@ frame_needed = 1, uses_anonymous_args = 0
 1142              		@ link register save eliminated.
 1143 0000 80B4     		push	{r7}
 1144 0002 00AF     		add	r7, sp, #0
 1145 0004 054B     		ldr	r3, .L127
 1146 0006 5B68     		ldr	r3, [r3, #4]
 1147 0008 044A     		ldr	r2, .L127
 1148 000a 43F40073 		orr	r3, r3, #512
 1149 000e 5360     		str	r3, [r2, #4]
 1150 0010 00BF     		nop
 1151 0012 BD46     		mov	sp, r7
 1152              		@ sp needed
 1153 0014 5DF8047B 		ldr	r7, [sp], #4
 1154 0018 7047     		bx	lr
 1155              	.L128:
 1156 001a 00BF     		.align	2
 1157              	.L127:
 1158 001c 00000140 		.word	1073807360
 1160              		.section	.text.HAL_SYSCFG_DisableIOSwitchVDD,"ax",%progbits
 1161              		.align	1
ARM GAS  /var/folders/k1/1yttftd15rl7jxtpyc5m93n80000gn/T//ccS4gZe9.s 			page 20


 1162              		.global	HAL_SYSCFG_DisableIOSwitchVDD
 1163              		.syntax unified
 1164              		.thumb
 1165              		.thumb_func
 1167              	HAL_SYSCFG_DisableIOSwitchVDD:
 1168              		@ args = 0, pretend = 0, frame = 0
 1169              		@ frame_needed = 1, uses_anonymous_args = 0
 1170              		@ link register save eliminated.
 1171 0000 80B4     		push	{r7}
 1172 0002 00AF     		add	r7, sp, #0
 1173 0004 054B     		ldr	r3, .L130
 1174 0006 5B68     		ldr	r3, [r3, #4]
 1175 0008 044A     		ldr	r2, .L130
 1176 000a 23F40073 		bic	r3, r3, #512
 1177 000e 5360     		str	r3, [r2, #4]
 1178 0010 00BF     		nop
 1179 0012 BD46     		mov	sp, r7
 1180              		@ sp needed
 1181 0014 5DF8047B 		ldr	r7, [sp], #4
 1182 0018 7047     		bx	lr
 1183              	.L131:
 1184 001a 00BF     		.align	2
 1185              	.L130:
 1186 001c 00000140 		.word	1073807360
 1188              		.section	.text.HAL_SYSCFG_CCMSRAM_WriteProtectionEnable,"ax",%progbits
 1189              		.align	1
 1190              		.global	HAL_SYSCFG_CCMSRAM_WriteProtectionEnable
 1191              		.syntax unified
 1192              		.thumb
 1193              		.thumb_func
 1195              	HAL_SYSCFG_CCMSRAM_WriteProtectionEnable:
 1196              		@ args = 0, pretend = 0, frame = 8
 1197              		@ frame_needed = 1, uses_anonymous_args = 0
 1198              		@ link register save eliminated.
 1199 0000 80B4     		push	{r7}
 1200 0002 83B0     		sub	sp, sp, #12
 1201 0004 00AF     		add	r7, sp, #0
 1202 0006 7860     		str	r0, [r7, #4]
 1203 0008 054B     		ldr	r3, .L133
 1204 000a 1A6A     		ldr	r2, [r3, #32]
 1205 000c 0449     		ldr	r1, .L133
 1206 000e 7B68     		ldr	r3, [r7, #4]
 1207 0010 1343     		orrs	r3, r3, r2
 1208 0012 0B62     		str	r3, [r1, #32]
 1209 0014 00BF     		nop
 1210 0016 0C37     		adds	r7, r7, #12
 1211 0018 BD46     		mov	sp, r7
 1212              		@ sp needed
 1213 001a 5DF8047B 		ldr	r7, [sp], #4
 1214 001e 7047     		bx	lr
 1215              	.L134:
 1216              		.align	2
 1217              	.L133:
 1218 0020 00000140 		.word	1073807360
 1220              		.ident	"GCC: (GNU Tools for STM32 14.3.rel1.20251027-0700) 14.3.1 20250623"
ARM GAS  /var/folders/k1/1yttftd15rl7jxtpyc5m93n80000gn/T//ccS4gZe9.s 			page 21


DEFINED SYMBOLS
                            *ABS*:00000000 stm32g4xx_hal.c
/var/folders/k1/1yttftd15rl7jxtpyc5m93n80000gn/T//ccS4gZe9.s:22     .bss.uwTick:00000000 uwTick
/var/folders/k1/1yttftd15rl7jxtpyc5m93n80000gn/T//ccS4gZe9.s:19     .bss.uwTick:00000000 $d
/var/folders/k1/1yttftd15rl7jxtpyc5m93n80000gn/T//ccS4gZe9.s:29     .data.uwTickPrio:00000000 uwTickPrio
/var/folders/k1/1yttftd15rl7jxtpyc5m93n80000gn/T//ccS4gZe9.s:26     .data.uwTickPrio:00000000 $d
/var/folders/k1/1yttftd15rl7jxtpyc5m93n80000gn/T//ccS4gZe9.s:36     .data.uwTickFreq:00000000 uwTickFreq
/var/folders/k1/1yttftd15rl7jxtpyc5m93n80000gn/T//ccS4gZe9.s:33     .data.uwTickFreq:00000000 $d
/var/folders/k1/1yttftd15rl7jxtpyc5m93n80000gn/T//ccS4gZe9.s:39     .text.HAL_Init:00000000 $t
/var/folders/k1/1yttftd15rl7jxtpyc5m93n80000gn/T//ccS4gZe9.s:45     .text.HAL_Init:00000000 HAL_Init
/var/folders/k1/1yttftd15rl7jxtpyc5m93n80000gn/T//ccS4gZe9.s:169    .text.HAL_InitTick:00000000 HAL_InitTick
/var/folders/k1/1yttftd15rl7jxtpyc5m93n80000gn/T//ccS4gZe9.s:131    .text.HAL_MspInit:00000000 HAL_MspInit
/var/folders/k1/1yttftd15rl7jxtpyc5m93n80000gn/T//ccS4gZe9.s:74     .text.HAL_DeInit:00000000 $t
/var/folders/k1/1yttftd15rl7jxtpyc5m93n80000gn/T//ccS4gZe9.s:80     .text.HAL_DeInit:00000000 HAL_DeInit
/var/folders/k1/1yttftd15rl7jxtpyc5m93n80000gn/T//ccS4gZe9.s:150    .text.HAL_MspDeInit:00000000 HAL_MspDeInit
/var/folders/k1/1yttftd15rl7jxtpyc5m93n80000gn/T//ccS4gZe9.s:122    .text.HAL_DeInit:00000054 $d
/var/folders/k1/1yttftd15rl7jxtpyc5m93n80000gn/T//ccS4gZe9.s:125    .text.HAL_MspInit:00000000 $t
/var/folders/k1/1yttftd15rl7jxtpyc5m93n80000gn/T//ccS4gZe9.s:144    .text.HAL_MspDeInit:00000000 $t
/var/folders/k1/1yttftd15rl7jxtpyc5m93n80000gn/T//ccS4gZe9.s:163    .text.HAL_InitTick:00000000 $t
/var/folders/k1/1yttftd15rl7jxtpyc5m93n80000gn/T//ccS4gZe9.s:226    .text.HAL_InitTick:00000068 $d
/var/folders/k1/1yttftd15rl7jxtpyc5m93n80000gn/T//ccS4gZe9.s:231    .text.HAL_IncTick:00000000 $t
/var/folders/k1/1yttftd15rl7jxtpyc5m93n80000gn/T//ccS4gZe9.s:237    .text.HAL_IncTick:00000000 HAL_IncTick
/var/folders/k1/1yttftd15rl7jxtpyc5m93n80000gn/T//ccS4gZe9.s:258    .text.HAL_IncTick:0000001c $d
/var/folders/k1/1yttftd15rl7jxtpyc5m93n80000gn/T//ccS4gZe9.s:262    .text.HAL_GetTick:00000000 $t
/var/folders/k1/1yttftd15rl7jxtpyc5m93n80000gn/T//ccS4gZe9.s:268    .text.HAL_GetTick:00000000 HAL_GetTick
/var/folders/k1/1yttftd15rl7jxtpyc5m93n80000gn/T//ccS4gZe9.s:284    .text.HAL_GetTick:00000014 $d
/var/folders/k1/1yttftd15rl7jxtpyc5m93n80000gn/T//ccS4gZe9.s:287    .text.HAL_GetTickPrio:00000000 $t
/var/folders/k1/1yttftd15rl7jxtpyc5m93n80000gn/T//ccS4gZe9.s:293    .text.HAL_GetTickPrio:00000000 HAL_GetTickPrio
/var/folders/k1/1yttftd15rl7jxtpyc5m93n80000gn/T//ccS4gZe9.s:309    .text.HAL_GetTickPrio:00000014 $d
/var/folders/k1/1yttftd15rl7jxtpyc5m93n80000gn/T//ccS4gZe9.s:312    .text.HAL_SetTickFreq:00000000 $t
/var/folders/k1/1yttftd15rl7jxtpyc5m93n80000gn/T//ccS4gZe9.s:318    .text.HAL_SetTickFreq:00000000 HAL_SetTickFreq
/var/folders/k1/1yttftd15rl7jxtpyc5m93n80000gn/T//ccS4gZe9.s:360    .text.HAL_SetTickFreq:00000048 $d
/var/folders/k1/1yttftd15rl7jxtpyc5m93n80000gn/T//ccS4gZe9.s:364    .text.HAL_GetTickFreq:00000000 $t
/var/folders/k1/1yttftd15rl7jxtpyc5m93n80000gn/T//ccS4gZe9.s:370    .text.HAL_GetTickFreq:00000000 HAL_GetTickFreq
/var/folders/k1/1yttftd15rl7jxtpyc5m93n80000gn/T//ccS4gZe9.s:386    .text.HAL_GetTickFreq:00000014 $d
/var/folders/k1/1yttftd15rl7jxtpyc5m93n80000gn/T//ccS4gZe9.s:389    .text.HAL_Delay:00000000 $t
/var/folders/k1/1yttftd15rl7jxtpyc5m93n80000gn/T//ccS4gZe9.s:395    .text.HAL_Delay:00000000 HAL_Delay
/var/folders/k1/1yttftd15rl7jxtpyc5m93n80000gn/T//ccS4gZe9.s:433    .text.HAL_Delay:00000040 $d
/var/folders/k1/1yttftd15rl7jxtpyc5m93n80000gn/T//ccS4gZe9.s:436    .text.HAL_SuspendTick:00000000 $t
/var/folders/k1/1yttftd15rl7jxtpyc5m93n80000gn/T//ccS4gZe9.s:442    .text.HAL_SuspendTick:00000000 HAL_SuspendTick
/var/folders/k1/1yttftd15rl7jxtpyc5m93n80000gn/T//ccS4gZe9.s:461    .text.HAL_SuspendTick:0000001c $d
/var/folders/k1/1yttftd15rl7jxtpyc5m93n80000gn/T//ccS4gZe9.s:464    .text.HAL_ResumeTick:00000000 $t
/var/folders/k1/1yttftd15rl7jxtpyc5m93n80000gn/T//ccS4gZe9.s:470    .text.HAL_ResumeTick:00000000 HAL_ResumeTick
/var/folders/k1/1yttftd15rl7jxtpyc5m93n80000gn/T//ccS4gZe9.s:489    .text.HAL_ResumeTick:0000001c $d
/var/folders/k1/1yttftd15rl7jxtpyc5m93n80000gn/T//ccS4gZe9.s:492    .text.HAL_GetHalVersion:00000000 $t
/var/folders/k1/1yttftd15rl7jxtpyc5m93n80000gn/T//ccS4gZe9.s:498    .text.HAL_GetHalVersion:00000000 HAL_GetHalVersion
/var/folders/k1/1yttftd15rl7jxtpyc5m93n80000gn/T//ccS4gZe9.s:513    .text.HAL_GetHalVersion:00000010 $d
/var/folders/k1/1yttftd15rl7jxtpyc5m93n80000gn/T//ccS4gZe9.s:516    .text.HAL_GetREVID:00000000 $t
/var/folders/k1/1yttftd15rl7jxtpyc5m93n80000gn/T//ccS4gZe9.s:522    .text.HAL_GetREVID:00000000 HAL_GetREVID
/var/folders/k1/1yttftd15rl7jxtpyc5m93n80000gn/T//ccS4gZe9.s:540    .text.HAL_GetREVID:00000018 $d
/var/folders/k1/1yttftd15rl7jxtpyc5m93n80000gn/T//ccS4gZe9.s:543    .text.HAL_GetDEVID:00000000 $t
/var/folders/k1/1yttftd15rl7jxtpyc5m93n80000gn/T//ccS4gZe9.s:549    .text.HAL_GetDEVID:00000000 HAL_GetDEVID
/var/folders/k1/1yttftd15rl7jxtpyc5m93n80000gn/T//ccS4gZe9.s:566    .text.HAL_GetDEVID:00000018 $d
/var/folders/k1/1yttftd15rl7jxtpyc5m93n80000gn/T//ccS4gZe9.s:569    .text.HAL_GetUIDw0:00000000 $t
/var/folders/k1/1yttftd15rl7jxtpyc5m93n80000gn/T//ccS4gZe9.s:575    .text.HAL_GetUIDw0:00000000 HAL_GetUIDw0
/var/folders/k1/1yttftd15rl7jxtpyc5m93n80000gn/T//ccS4gZe9.s:591    .text.HAL_GetUIDw0:00000014 $d
/var/folders/k1/1yttftd15rl7jxtpyc5m93n80000gn/T//ccS4gZe9.s:594    .text.HAL_GetUIDw1:00000000 $t
ARM GAS  /var/folders/k1/1yttftd15rl7jxtpyc5m93n80000gn/T//ccS4gZe9.s 			page 22


/var/folders/k1/1yttftd15rl7jxtpyc5m93n80000gn/T//ccS4gZe9.s:600    .text.HAL_GetUIDw1:00000000 HAL_GetUIDw1
/var/folders/k1/1yttftd15rl7jxtpyc5m93n80000gn/T//ccS4gZe9.s:616    .text.HAL_GetUIDw1:00000014 $d
/var/folders/k1/1yttftd15rl7jxtpyc5m93n80000gn/T//ccS4gZe9.s:619    .text.HAL_GetUIDw2:00000000 $t
/var/folders/k1/1yttftd15rl7jxtpyc5m93n80000gn/T//ccS4gZe9.s:625    .text.HAL_GetUIDw2:00000000 HAL_GetUIDw2
/var/folders/k1/1yttftd15rl7jxtpyc5m93n80000gn/T//ccS4gZe9.s:641    .text.HAL_GetUIDw2:00000014 $d
/var/folders/k1/1yttftd15rl7jxtpyc5m93n80000gn/T//ccS4gZe9.s:644    .text.HAL_DBGMCU_EnableDBGSleepMode:00000000 $t
/var/folders/k1/1yttftd15rl7jxtpyc5m93n80000gn/T//ccS4gZe9.s:650    .text.HAL_DBGMCU_EnableDBGSleepMode:00000000 HAL_DBGMCU_EnableDBGSleepMode
/var/folders/k1/1yttftd15rl7jxtpyc5m93n80000gn/T//ccS4gZe9.s:669    .text.HAL_DBGMCU_EnableDBGSleepMode:0000001c $d
/var/folders/k1/1yttftd15rl7jxtpyc5m93n80000gn/T//ccS4gZe9.s:672    .text.HAL_DBGMCU_DisableDBGSleepMode:00000000 $t
/var/folders/k1/1yttftd15rl7jxtpyc5m93n80000gn/T//ccS4gZe9.s:678    .text.HAL_DBGMCU_DisableDBGSleepMode:00000000 HAL_DBGMCU_DisableDBGSleepMode
/var/folders/k1/1yttftd15rl7jxtpyc5m93n80000gn/T//ccS4gZe9.s:697    .text.HAL_DBGMCU_DisableDBGSleepMode:0000001c $d
/var/folders/k1/1yttftd15rl7jxtpyc5m93n80000gn/T//ccS4gZe9.s:700    .text.HAL_DBGMCU_EnableDBGStopMode:00000000 $t
/var/folders/k1/1yttftd15rl7jxtpyc5m93n80000gn/T//ccS4gZe9.s:706    .text.HAL_DBGMCU_EnableDBGStopMode:00000000 HAL_DBGMCU_EnableDBGStopMode
/var/folders/k1/1yttftd15rl7jxtpyc5m93n80000gn/T//ccS4gZe9.s:725    .text.HAL_DBGMCU_EnableDBGStopMode:0000001c $d
/var/folders/k1/1yttftd15rl7jxtpyc5m93n80000gn/T//ccS4gZe9.s:728    .text.HAL_DBGMCU_DisableDBGStopMode:00000000 $t
/var/folders/k1/1yttftd15rl7jxtpyc5m93n80000gn/T//ccS4gZe9.s:734    .text.HAL_DBGMCU_DisableDBGStopMode:00000000 HAL_DBGMCU_DisableDBGStopMode
/var/folders/k1/1yttftd15rl7jxtpyc5m93n80000gn/T//ccS4gZe9.s:753    .text.HAL_DBGMCU_DisableDBGStopMode:0000001c $d
/var/folders/k1/1yttftd15rl7jxtpyc5m93n80000gn/T//ccS4gZe9.s:756    .text.HAL_DBGMCU_EnableDBGStandbyMode:00000000 $t
/var/folders/k1/1yttftd15rl7jxtpyc5m93n80000gn/T//ccS4gZe9.s:762    .text.HAL_DBGMCU_EnableDBGStandbyMode:00000000 HAL_DBGMCU_EnableDBGStandbyMode
/var/folders/k1/1yttftd15rl7jxtpyc5m93n80000gn/T//ccS4gZe9.s:781    .text.HAL_DBGMCU_EnableDBGStandbyMode:0000001c $d
/var/folders/k1/1yttftd15rl7jxtpyc5m93n80000gn/T//ccS4gZe9.s:784    .text.HAL_DBGMCU_DisableDBGStandbyMode:00000000 $t
/var/folders/k1/1yttftd15rl7jxtpyc5m93n80000gn/T//ccS4gZe9.s:790    .text.HAL_DBGMCU_DisableDBGStandbyMode:00000000 HAL_DBGMCU_DisableDBGStandbyMode
/var/folders/k1/1yttftd15rl7jxtpyc5m93n80000gn/T//ccS4gZe9.s:809    .text.HAL_DBGMCU_DisableDBGStandbyMode:0000001c $d
/var/folders/k1/1yttftd15rl7jxtpyc5m93n80000gn/T//ccS4gZe9.s:812    .text.HAL_SYSCFG_CCMSRAMErase:00000000 $t
/var/folders/k1/1yttftd15rl7jxtpyc5m93n80000gn/T//ccS4gZe9.s:818    .text.HAL_SYSCFG_CCMSRAMErase:00000000 HAL_SYSCFG_CCMSRAMErase
/var/folders/k1/1yttftd15rl7jxtpyc5m93n80000gn/T//ccS4gZe9.s:843    .text.HAL_SYSCFG_CCMSRAMErase:00000028 $d
/var/folders/k1/1yttftd15rl7jxtpyc5m93n80000gn/T//ccS4gZe9.s:846    .text.HAL_SYSCFG_EnableMemorySwappingBank:00000000 $t
/var/folders/k1/1yttftd15rl7jxtpyc5m93n80000gn/T//ccS4gZe9.s:852    .text.HAL_SYSCFG_EnableMemorySwappingBank:00000000 HAL_SYSCFG_EnableMemorySwappingBank
/var/folders/k1/1yttftd15rl7jxtpyc5m93n80000gn/T//ccS4gZe9.s:871    .text.HAL_SYSCFG_EnableMemorySwappingBank:0000001c $d
/var/folders/k1/1yttftd15rl7jxtpyc5m93n80000gn/T//ccS4gZe9.s:874    .text.HAL_SYSCFG_DisableMemorySwappingBank:00000000 $t
/var/folders/k1/1yttftd15rl7jxtpyc5m93n80000gn/T//ccS4gZe9.s:880    .text.HAL_SYSCFG_DisableMemorySwappingBank:00000000 HAL_SYSCFG_DisableMemorySwappingBank
/var/folders/k1/1yttftd15rl7jxtpyc5m93n80000gn/T//ccS4gZe9.s:899    .text.HAL_SYSCFG_DisableMemorySwappingBank:0000001c $d
/var/folders/k1/1yttftd15rl7jxtpyc5m93n80000gn/T//ccS4gZe9.s:902    .text.HAL_SYSCFG_VREFBUF_VoltageScalingConfig:00000000 $t
/var/folders/k1/1yttftd15rl7jxtpyc5m93n80000gn/T//ccS4gZe9.s:908    .text.HAL_SYSCFG_VREFBUF_VoltageScalingConfig:00000000 HAL_SYSCFG_VREFBUF_VoltageScalingConfig
/var/folders/k1/1yttftd15rl7jxtpyc5m93n80000gn/T//ccS4gZe9.s:932    .text.HAL_SYSCFG_VREFBUF_VoltageScalingConfig:00000024 $d
/var/folders/k1/1yttftd15rl7jxtpyc5m93n80000gn/T//ccS4gZe9.s:935    .text.HAL_SYSCFG_VREFBUF_HighImpedanceConfig:00000000 $t
/var/folders/k1/1yttftd15rl7jxtpyc5m93n80000gn/T//ccS4gZe9.s:941    .text.HAL_SYSCFG_VREFBUF_HighImpedanceConfig:00000000 HAL_SYSCFG_VREFBUF_HighImpedanceConfig
/var/folders/k1/1yttftd15rl7jxtpyc5m93n80000gn/T//ccS4gZe9.s:965    .text.HAL_SYSCFG_VREFBUF_HighImpedanceConfig:00000024 $d
/var/folders/k1/1yttftd15rl7jxtpyc5m93n80000gn/T//ccS4gZe9.s:968    .text.HAL_SYSCFG_VREFBUF_TrimmingConfig:00000000 $t
/var/folders/k1/1yttftd15rl7jxtpyc5m93n80000gn/T//ccS4gZe9.s:974    .text.HAL_SYSCFG_VREFBUF_TrimmingConfig:00000000 HAL_SYSCFG_VREFBUF_TrimmingConfig
/var/folders/k1/1yttftd15rl7jxtpyc5m93n80000gn/T//ccS4gZe9.s:998    .text.HAL_SYSCFG_VREFBUF_TrimmingConfig:00000024 $d
/var/folders/k1/1yttftd15rl7jxtpyc5m93n80000gn/T//ccS4gZe9.s:1001   .text.HAL_SYSCFG_EnableVREFBUF:00000000 $t
/var/folders/k1/1yttftd15rl7jxtpyc5m93n80000gn/T//ccS4gZe9.s:1007   .text.HAL_SYSCFG_EnableVREFBUF:00000000 HAL_SYSCFG_EnableVREFBUF
/var/folders/k1/1yttftd15rl7jxtpyc5m93n80000gn/T//ccS4gZe9.s:1046   .text.HAL_SYSCFG_EnableVREFBUF:00000044 $d
/var/folders/k1/1yttftd15rl7jxtpyc5m93n80000gn/T//ccS4gZe9.s:1049   .text.HAL_SYSCFG_DisableVREFBUF:00000000 $t
/var/folders/k1/1yttftd15rl7jxtpyc5m93n80000gn/T//ccS4gZe9.s:1055   .text.HAL_SYSCFG_DisableVREFBUF:00000000 HAL_SYSCFG_DisableVREFBUF
/var/folders/k1/1yttftd15rl7jxtpyc5m93n80000gn/T//ccS4gZe9.s:1074   .text.HAL_SYSCFG_DisableVREFBUF:0000001c $d
/var/folders/k1/1yttftd15rl7jxtpyc5m93n80000gn/T//ccS4gZe9.s:1077   .text.HAL_SYSCFG_EnableIOSwitchBooster:00000000 $t
/var/folders/k1/1yttftd15rl7jxtpyc5m93n80000gn/T//ccS4gZe9.s:1083   .text.HAL_SYSCFG_EnableIOSwitchBooster:00000000 HAL_SYSCFG_EnableIOSwitchBooster
/var/folders/k1/1yttftd15rl7jxtpyc5m93n80000gn/T//ccS4gZe9.s:1102   .text.HAL_SYSCFG_EnableIOSwitchBooster:0000001c $d
/var/folders/k1/1yttftd15rl7jxtpyc5m93n80000gn/T//ccS4gZe9.s:1105   .text.HAL_SYSCFG_DisableIOSwitchBooster:00000000 $t
/var/folders/k1/1yttftd15rl7jxtpyc5m93n80000gn/T//ccS4gZe9.s:1111   .text.HAL_SYSCFG_DisableIOSwitchBooster:00000000 HAL_SYSCFG_DisableIOSwitchBooster
/var/folders/k1/1yttftd15rl7jxtpyc5m93n80000gn/T//ccS4gZe9.s:1130   .text.HAL_SYSCFG_DisableIOSwitchBooster:0000001c $d
/var/folders/k1/1yttftd15rl7jxtpyc5m93n80000gn/T//ccS4gZe9.s:1133   .text.HAL_SYSCFG_EnableIOSwitchVDD:00000000 $t
/var/folders/k1/1yttftd15rl7jxtpyc5m93n80000gn/T//ccS4gZe9.s:1139   .text.HAL_SYSCFG_EnableIOSwitchVDD:00000000 HAL_SYSCFG_EnableIOSwitchVDD
/var/folders/k1/1yttftd15rl7jxtpyc5m93n80000gn/T//ccS4gZe9.s:1158   .text.HAL_SYSCFG_EnableIOSwitchVDD:0000001c $d
/var/folders/k1/1yttftd15rl7jxtpyc5m93n80000gn/T//ccS4gZe9.s:1161   .text.HAL_SYSCFG_DisableIOSwitchVDD:00000000 $t
ARM GAS  /var/folders/k1/1yttftd15rl7jxtpyc5m93n80000gn/T//ccS4gZe9.s 			page 23


/var/folders/k1/1yttftd15rl7jxtpyc5m93n80000gn/T//ccS4gZe9.s:1167   .text.HAL_SYSCFG_DisableIOSwitchVDD:00000000 HAL_SYSCFG_DisableIOSwitchVDD
/var/folders/k1/1yttftd15rl7jxtpyc5m93n80000gn/T//ccS4gZe9.s:1186   .text.HAL_SYSCFG_DisableIOSwitchVDD:0000001c $d
/var/folders/k1/1yttftd15rl7jxtpyc5m93n80000gn/T//ccS4gZe9.s:1189   .text.HAL_SYSCFG_CCMSRAM_WriteProtectionEnable:00000000 $t
/var/folders/k1/1yttftd15rl7jxtpyc5m93n80000gn/T//ccS4gZe9.s:1195   .text.HAL_SYSCFG_CCMSRAM_WriteProtectionEnable:00000000 HAL_SYSCFG_CCMSRAM_WriteProtectionEnable
/var/folders/k1/1yttftd15rl7jxtpyc5m93n80000gn/T//ccS4gZe9.s:1218   .text.HAL_SYSCFG_CCMSRAM_WriteProtectionEnable:00000020 $d

UNDEFINED SYMBOLS
HAL_NVIC_SetPriorityGrouping
HAL_SYSTICK_Config
HAL_NVIC_SetPriority
SystemCoreClock
